INFO: At 01/17/2024 12:15:13 AM Red robot 1 go down to position (3,3)
INFO: At 01/17/2024 12:15:15 AM Red robot 2 go down to position (5,6)
INFO: At 01/17/2024 12:15:17 AM Red robot 3 go down to position (4,5)
INFO: At 01/17/2024 12:15:21 AM Blue robot 1 go down to position (2,5)
INFO: At 01/17/2024 12:15:23 AM Blue robot 2 go down to position (5,5)
INFO: At 01/17/2024 12:15:24 AM Blue robot 3 go down to position (5,3)
INFO: At 01/17/2024 12:15:27 AM Red robot 3 go down to position (4,6)
INFO: At 01/17/2024 12:15:29 AM Red robot 2 go down to position (5,7)
INFO: At 01/17/2024 12:15:30 AM Red robot 1 go down to position (3,4)
INFO: At 01/17/2024 12:15:33 AM Blue robot 3 go down to position (5,4)
INFO: At 01/17/2024 12:15:34 AM Blue robot 2 go down to position (5,6)
INFO: At 01/17/2024 12:15:35 AM Blue robot 1 go down to position (2,6)
INFO: At 01/17/2024 12:15:39 AM Red robot 1 go down to position (3,5)
INFO: At 01/17/2024 12:15:40 AM Red robot 2 go left to position (6,7)
INFO: At 01/17/2024 12:15:40 AM Red robot 2 pick up mail 1
INFO: At 01/17/2024 12:15:42 AM Red robot 3 go down to position (4,7)
INFO: At 01/17/2024 12:15:42 AM Red robot 3 pick up mail 4
INFO: At 01/17/2024 12:15:58 AM Blue robot 1 go down to position (2,7)
INFO: At 01/17/2024 12:15:58 AM Blue robot 1 pick up mail 7
INFO: At 01/17/2024 12:16:06 AM Blue robot 2 go down to position (5,7)
INFO: At 01/17/2024 12:16:07 AM Blue robot 3 go down to position (5,5)
INFO: At 01/17/2024 12:16:20 AM Red robot 2 go up to position (6,6)
INFO: At 01/17/2024 12:16:23 AM Red robot 3 go up to position (4,6)
INFO: At 01/17/2024 12:16:24 AM Red robot 1 go down to position (3,6)
INFO: At 01/17/2024 12:16:30 AM Blue robot 3 go down to position (5,6)
INFO: At 01/17/2024 12:16:32 AM Blue robot 2 go left to position (6,7)
INFO: At 01/17/2024 12:16:32 AM Blue robot 2 pick up mail 4
INFO: At 01/17/2024 12:16:33 AM Blue robot 1 go up to position (2,6)
INFO: At 01/17/2024 12:16:36 AM Red robot 1 go down to position (3,7)
INFO: At 01/17/2024 12:16:42 AM Red robot 3 go up to position (4,5)
INFO: At 01/17/2024 12:16:47 AM Blue robot 1 go up to position (2,5)
INFO: At 01/17/2024 12:17:05 AM Blue robot 3 go down to position (5,7)
INFO: At 01/17/2024 12:17:13 AM Red robot 3 go up to position (4,4)
INFO: At 01/17/2024 12:17:14 AM Red robot 1 go left to position (4,7)
INFO: At 01/17/2024 12:17:14 AM Red robot 1 pick up mail 3
INFO: At 01/17/2024 12:17:18 AM Red robot 2 go right to position (5,6)
INFO: At 01/17/2024 12:17:25 AM Blue robot 2 go up to position (6,6)
INFO: At 01/17/2024 12:17:26 AM Blue robot 3 go left to position (6,7)
INFO: At 01/17/2024 12:17:26 AM Blue robot 3 pick up mail 4
INFO: At 01/17/2024 12:17:28 AM Blue robot 1 go up to position (2,4)
INFO: At 01/17/2024 12:17:32 AM Red robot 1 go up to position (4,6)
INFO: At 01/17/2024 12:17:36 AM Red robot 3 go up to position (4,3)
INFO: At 01/17/2024 12:17:43 AM Blue robot 1 go up to position (2,3)
INFO: At 01/17/2024 12:17:47 AM Blue robot 2 go up to position (6,5)
INFO: At 01/17/2024 12:17:48 AM Blue robot 3 go up to position (6,6)
INFO: At 01/17/2024 12:17:52 AM Red robot 3 go up to position (4,2)
INFO: At 01/17/2024 12:18:01 AM Blue robot 2 go up to position (6,4)
INFO: At 01/17/2024 12:18:02 AM Blue robot 3 go up to position (6,5)
INFO: At 01/17/2024 12:18:03 AM Blue robot 1 go up to position (2,2)
INFO: At 01/17/2024 12:18:07 AM Red robot 3 go up to position (4,1)
INFO: At 01/17/2024 12:18:10 AM Red robot 1 go up to position (4,5)
INFO: At 01/17/2024 12:18:11 AM Red robot 2 go right to position (4,6)
INFO: At 01/17/2024 12:18:15 AM Blue robot 1 go up to position (2,1)
INFO: At 01/17/2024 12:18:20 AM Blue robot 2 go up to position (6,3)
INFO: At 01/17/2024 12:18:21 AM Blue robot 3 go up to position (6,4)
INFO: At 01/17/2024 12:18:24 AM Red robot 2 go right to position (3,6)
INFO: At 01/17/2024 12:18:27 AM Red robot 1 go up to position (4,4)
INFO: At 01/17/2024 12:18:29 AM Red robot 3 go right to position (3,1)
INFO: At 01/17/2024 12:18:35 AM Blue robot 2 go up to position (6,2)
INFO: At 01/17/2024 12:18:37 AM Blue robot 3 go right to position (5,4)
INFO: At 01/17/2024 12:18:43 AM Red robot 3 go up to position (3,0)
INFO: At 01/17/2024 12:18:47 AM Red robot 2 go right to position (2,6)
INFO: At 01/17/2024 12:18:49 AM Red robot 1 go up to position (4,3)
INFO: At 01/17/2024 12:19:07 AM Blue robot 1 go left to position (3,1)
INFO: At 01/17/2024 12:19:11 AM Blue robot 2 go right to position (5,2)
INFO: At 01/17/2024 12:19:14 AM Blue robot 3 go right to position (4,4)
INFO: At 01/17/2024 12:19:21 AM Red robot 1 go right to position (3,3)
INFO: At 01/17/2024 12:19:24 AM Red robot 2 go right to position (1,6)
INFO: At 01/17/2024 12:19:25 AM Red robot 3 go right to position (2,0)
INFO: At 01/17/2024 12:19:25 AM Red robot 3 drop off mail 4
