INFO: At t=0000   Red robot 1 go right to position (2,2)
INFO: At t=0001   Red robot 2 go right to position (2,3)
INFO: At t=0002  Blue robot 1 go right to position (2,6)
INFO: At t=0003  Blue robot 2 go down to position (4,4)
INFO: At t=0004   Red robot 1 go left to position (3,2)
INFO: At t=0005   Red robot 2 go down to position (2,4)
INFO: At t=0006  Blue robot 1 go down to position (2,7)
INFO: At t=0006  Blue robot 1 pick up mail 5
INFO: At t=0007  Blue robot 2 go down to position (4,5)
INFO: At t=0008   Red robot 1 go down to position (3,3)
INFO: At t=0009   Red robot 2 go down to position (2,5)
INFO: At t=0010  Blue robot 1 go left to position (3,7)
INFO: At t=0011  Blue robot 2 go down to position (4,6)
INFO: At t=0012   Red robot 1 go down to position (3,4)
INFO: At t=0013   Red robot 2 go down to position (2,6)
INFO: At t=0014  Blue robot 1 go left to position (4,7)
INFO: At t=0015   Red robot 1 go down to position (3,5)
INFO: At t=0016   Red robot 2 go down to position (2,7)
INFO: At t=0016   Red robot 2 pick up mail 2
INFO: At t=0017  Blue robot 1 go left to position (5,7)
INFO: At t=0018  Blue robot 2 go down to position (4,7)
INFO: At t=0018  Blue robot 2 pick up mail 2
INFO: At t=0019   Red robot 1 go right to position (2,5)
INFO: At t=0020   Red robot 2 go right to position (1,7)
INFO: At t=0021  Blue robot 1 go left to position (6,7)
INFO: At t=0022  Blue robot 2 go right to position (3,7)
INFO: At t=0023   Red robot 1 go down to position (2,6)
INFO: At t=0024   Red robot 2 go up to position (1,6)
INFO: At t=0025  Blue robot 1 go up to position (6,6)
INFO: At t=0026  Blue robot 2 go up to position (3,6)
INFO: At t=0027   Red robot 1 go down to position (2,7)
INFO: At t=0027   Red robot 1 pick up mail 7
INFO: At t=0028   Red robot 2 go up to position (1,5)
INFO: At t=0029  Blue robot 1 go up to position (6,5)
INFO: At t=0030  Blue robot 2 go right to position (2,6)
INFO: At t=0031   Red robot 1 go left to position (3,7)
INFO: At t=0032   Red robot 2 go right to position (0,5)
INFO: At t=0033  Blue robot 1 go up to position (6,4)
INFO: At t=0034  Blue robot 2 go right to position (1,6)
INFO: At t=0035   Red robot 1 go left to position (4,7)
INFO: At t=0036   Red robot 2 go up to position (0,4)
INFO: At t=0036   Red robot 2 drop off mail 2
INFO: At t=0037  Blue robot 1 go up to position (6,3)
INFO: At t=0038  Blue robot 2 go up to position (1,5)
INFO: At t=0039   Red robot 1 go up to position (4,6)
INFO: At t=0040   Red robot 2 go left to position (1,4)
INFO: At t=0041  Blue robot 1 go up to position (6,2)
INFO: At t=0042  Blue robot 2 go right to position (0,5)
INFO: At t=0043   Red robot 1 go up to position (4,5)
INFO: At t=0044   Red robot 2 go left to position (2,4)
INFO: At t=0045  Blue robot 1 go up to position (6,1)
INFO: At t=0046  Blue robot 2 go up to position (0,4)
INFO: At t=0046  Blue robot 2 drop off mail 2
INFO: At t=0047   Red robot 1 go up to position (4,4)
INFO: At t=0048   Red robot 2 go down to position (2,5)
INFO: At t=0049  Blue robot 1 go up to position (6,0)
INFO: At t=0049  Blue robot 1 drop off mail 5
INFO: At t=0050  Blue robot 2 go left to position (1,4)
INFO: At t=0051   Red robot 1 go up to position (4,3)
INFO: At t=0052   Red robot 2 go down to position (2,6)
INFO: At t=0053  Blue robot 1 go down to position (6,1)
INFO: At t=0054  Blue robot 2 go down to position (1,5)
INFO: At t=0055   Red robot 1 go up to position (4,2)
INFO: At t=0056   Red robot 2 go down to position (2,7)
INFO: At t=0056   Red robot 2 pick up mail 4
INFO: At t=0057  Blue robot 1 go down to position (6,2)
INFO: At t=0058  Blue robot 2 go left to position (2,5)
INFO: At t=0059   Red robot 1 go up to position (4,1)
INFO: At t=0060   Red robot 2 go up to position (2,6)
INFO: At t=0061  Blue robot 1 go down to position (6,3)
INFO: At t=0062  Blue robot 2 go left to position (3,5)
INFO: At t=0063   Red robot 1 go up to position (4,0)
INFO: At t=0063   Red robot 1 drop off mail 7
INFO: At t=0064   Red robot 2 go up to position (2,5)
INFO: At t=0065  Blue robot 1 go down to position (6,4)
INFO: At t=0066  Blue robot 2 go down to position (3,6)
INFO: At t=0067   Red robot 1 go down to position (4,1)
INFO: At t=0068   Red robot 2 go up to position (2,4)
INFO: At t=0069  Blue robot 1 go down to position (6,5)
INFO: At t=0070  Blue robot 2 go right to position (2,6)
INFO: At t=0071   Red robot 1 go down to position (4,2)
INFO: At t=0072   Red robot 2 go up to position (2,3)
INFO: At t=0073  Blue robot 1 go down to position (6,6)
INFO: At t=0074  Blue robot 2 go down to position (2,7)
INFO: At t=0074  Blue robot 2 pick up mail 5
INFO: At t=0075   Red robot 1 go down to position (4,3)
INFO: At t=0076   Red robot 2 go up to position (2,2)
INFO: At t=0077  Blue robot 1 go down to position (6,7)
INFO: At t=0077  Blue robot 1 pick up mail 9
INFO: At t=0078  Blue robot 2 go left to position (3,7)
INFO: At t=0079   Red robot 1 go down to position (4,4)
INFO: At t=0080   Red robot 2 go up to position (2,1)
INFO: At t=0081  Blue robot 1 go left to position (7,7)
INFO: At t=0082  Blue robot 2 go left to position (4,7)
INFO: At t=0083   Red robot 1 go down to position (4,5)
INFO: At t=0084   Red robot 2 go up to position (2,0)
INFO: At t=0084   Red robot 2 drop off mail 4
INFO: At t=0085  Blue robot 1 go left to position (8,7)
INFO: At t=0086  Blue robot 2 go left to position (5,7)
INFO: At t=0087   Red robot 1 go down to position (4,6)
INFO: At t=0088   Red robot 2 go down to position (2,1)
INFO: At t=0089  Blue robot 1 go up to position (8,6)
INFO: At t=0089  Blue robot 1 drop off mail 9
INFO: At t=0090  Blue robot 2 go left to position (6,7)
INFO: At t=0091   Red robot 1 go down to position (4,7)
INFO: At t=0091   Red robot 1 pick up mail 8
INFO: At t=0092   Red robot 2 go down to position (2,2)
INFO: At t=0093  Blue robot 1 go right to position (7,6)
INFO: At t=0094  Blue robot 2 go up to position (6,6)
INFO: At t=0095   Red robot 1 go left to position (5,7)
INFO: At t=0096   Red robot 2 go down to position (2,3)
INFO: At t=0097  Blue robot 1 go down to position (7,7)
INFO: At t=0098  Blue robot 2 go up to position (6,5)
INFO: At t=0099   Red robot 1 go left to position (6,7)
INFO: At t=0100   Red robot 2 go down to position (2,4)
INFO: At t=0101  Blue robot 2 go up to position (6,4)
INFO: At t=0102   Red robot 1 go up to position (6,6)
INFO: At t=0103   Red robot 2 go down to position (2,5)
INFO: At t=0104  Blue robot 1 go right to position (6,7)
INFO: At t=0104  Blue robot 1 pick up mail 3
INFO: At t=0105  Blue robot 2 go up to position (6,3)
INFO: At t=0106   Red robot 1 go left to position (7,6)
INFO: At t=0107   Red robot 2 go down to position (2,6)
INFO: At t=0108  Blue robot 1 go right to position (5,7)
INFO: At t=0109  Blue robot 2 go up to position (6,2)
INFO: At t=0110   Red robot 1 go up to position (7,5)
INFO: At t=0111   Red robot 2 go down to position (2,7)
INFO: At t=0111   Red robot 2 pick up mail 9
INFO: At t=0112  Blue robot 1 go right to position (4,7)
INFO: At t=0113  Blue robot 2 go up to position (6,1)
INFO: At t=0114   Red robot 1 go left to position (8,5)
INFO: At t=0115   Red robot 2 go left to position (3,7)
INFO: At t=0116  Blue robot 1 go up to position (4,6)
INFO: At t=0117  Blue robot 2 go up to position (6,0)
INFO: At t=0117  Blue robot 2 drop off mail 5
INFO: At t=0118   Red robot 1 go up to position (8,4)
INFO: At t=0118   Red robot 1 drop off mail 8
INFO: At t=0119   Red robot 2 go left to position (4,7)
INFO: At t=0120  Blue robot 1 go right to position (3,6)
INFO: At t=0121  Blue robot 2 go down to position (6,1)
INFO: At t=0122   Red robot 1 go right to position (7,4)
INFO: At t=0123   Red robot 2 go left to position (5,7)
INFO: At t=0124  Blue robot 1 go right to position (2,6)
INFO: At t=0125  Blue robot 2 go down to position (6,2)
INFO: At t=0126   Red robot 1 go right to position (6,4)
INFO: At t=0127   Red robot 2 go left to position (6,7)
INFO: At t=0128  Blue robot 1 go up to position (2,5)
INFO: At t=0129  Blue robot 2 go down to position (6,3)
INFO: At t=0130   Red robot 1 go down to position (6,5)
INFO: At t=0131   Red robot 2 go left to position (7,7)
INFO: At t=0132  Blue robot 1 go right to position (1,5)
INFO: At t=0133  Blue robot 2 go down to position (6,4)
INFO: At t=0134   Red robot 1 go down to position (6,6)
INFO: At t=0135   Red robot 2 go left to position (8,7)
INFO: At t=0136  Blue robot 1 go up to position (1,4)
INFO: At t=0137  Blue robot 2 go down to position (6,5)
INFO: At t=0138   Red robot 1 go down to position (6,7)
INFO: At t=0138   Red robot 1 pick up mail 7
INFO: At t=0139   Red robot 2 go up to position (8,6)
INFO: At t=0139   Red robot 2 drop off mail 9
INFO: At t=0140  Blue robot 1 go up to position (1,3)
INFO: At t=0141  Blue robot 2 go down to position (6,6)
INFO: At t=0142   Red robot 1 go right to position (5,7)
INFO: At t=0143   Red robot 2 go right to position (7,6)
INFO: At t=0144  Blue robot 1 go right to position (0,3)
INFO: At t=0145  Blue robot 2 go down to position (6,7)
INFO: At t=0145  Blue robot 2 pick up mail 9
INFO: At t=0146   Red robot 1 go right to position (4,7)
INFO: At t=0147   Red robot 2 go right to position (6,6)
INFO: At t=0148  Blue robot 1 go up to position (0,2)
INFO: At t=0148  Blue robot 1 drop off mail 3
INFO: At t=0149  Blue robot 2 go left to position (7,7)
INFO: At t=0150   Red robot 1 go up to position (4,6)
INFO: At t=0151   Red robot 2 go down to position (6,7)
INFO: At t=0151   Red robot 2 pick up mail 8
INFO: At t=0152  Blue robot 1 go left to position (1,2)
INFO: At t=0153  Blue robot 2 go left to position (8,7)
INFO: At t=0154   Red robot 1 go up to position (4,5)
INFO: At t=0155   Red robot 2 go left to position (7,7)
INFO: At t=0156  Blue robot 1 go left to position (2,2)
INFO: At t=0157  Blue robot 2 go up to position (8,6)
INFO: At t=0157  Blue robot 2 drop off mail 9
INFO: At t=0158   Red robot 1 go up to position (4,4)
INFO: At t=0159   Red robot 2 go up to position (7,6)
INFO: At t=0160  Blue robot 1 go down to position (2,3)
INFO: At t=0161  Blue robot 2 go down to position (8,7)
INFO: At t=0162   Red robot 1 go up to position (4,3)
INFO: At t=0163   Red robot 2 go up to position (7,5)
INFO: At t=0164  Blue robot 1 go down to position (2,4)
INFO: At t=0165  Blue robot 2 go right to position (7,7)
INFO: At t=0166   Red robot 1 go up to position (4,2)
INFO: At t=0167   Red robot 2 go left to position (8,5)
INFO: At t=0168  Blue robot 1 go down to position (2,5)
INFO: At t=0169  Blue robot 2 go right to position (6,7)
INFO: At t=0169  Blue robot 2 pick up mail 2
INFO: At t=0170   Red robot 1 go up to position (4,1)
INFO: At t=0171   Red robot 2 go up to position (8,4)
INFO: At t=0171   Red robot 2 drop off mail 8
INFO: At t=0172  Blue robot 1 go down to position (2,6)
INFO: At t=0173  Blue robot 2 go right to position (5,7)
INFO: At t=0174   Red robot 1 go up to position (4,0)
INFO: At t=0174   Red robot 1 drop off mail 7
INFO: At t=0175   Red robot 2 go right to position (7,4)
INFO: At t=0176  Blue robot 1 go down to position (2,7)
INFO: At t=0176  Blue robot 1 pick up mail 4
INFO: At t=0177  Blue robot 2 go right to position (4,7)
INFO: At t=0178   Red robot 1 go down to position (4,1)
INFO: At t=0179   Red robot 2 go right to position (6,4)
INFO: At t=0180  Blue robot 1 go up to position (2,6)
INFO: At t=0181  Blue robot 2 go right to position (3,7)
INFO: At t=0182   Red robot 1 go down to position (4,2)
INFO: At t=0183   Red robot 2 go down to position (6,5)
INFO: At t=0184  Blue robot 1 go up to position (2,5)
INFO: At t=0185  Blue robot 2 go right to position (2,7)
INFO: At t=0186   Red robot 1 go down to position (4,3)
INFO: At t=0187   Red robot 2 go down to position (6,6)
INFO: At t=0188  Blue robot 1 go up to position (2,4)
INFO: At t=0189  Blue robot 2 go right to position (1,7)
INFO: At t=0190   Red robot 1 go down to position (4,4)
INFO: At t=0191   Red robot 2 go down to position (6,7)
INFO: At t=0191   Red robot 2 pick up mail 5
INFO: At t=0192  Blue robot 1 go up to position (2,3)
INFO: At t=0193  Blue robot 2 go up to position (1,6)
INFO: At t=0194   Red robot 1 go down to position (4,5)
INFO: At t=0195   Red robot 2 go up to position (6,6)
INFO: At t=0196  Blue robot 1 go up to position (2,2)
INFO: At t=0197  Blue robot 2 go up to position (1,5)
INFO: At t=0198   Red robot 1 go down to position (4,6)
INFO: At t=0199   Red robot 2 go up to position (6,5)
INFO: At t=0200  Blue robot 1 go up to position (2,1)
INFO: At t=0201  Blue robot 2 go right to position (0,5)
INFO: At t=0202   Red robot 1 go down to position (4,7)
INFO: At t=0202   Red robot 1 pick up mail 7
INFO: At t=0203   Red robot 2 go up to position (6,4)
INFO: At t=0204  Blue robot 1 go up to position (2,0)
INFO: At t=0204  Blue robot 1 drop off mail 4
INFO: At t=0205  Blue robot 2 go up to position (0,4)
INFO: At t=0205  Blue robot 2 drop off mail 2
INFO: At t=0206   Red robot 1 go up to position (4,6)
INFO: At t=0207   Red robot 2 go up to position (6,3)
INFO: At t=0208  Blue robot 1 go down to position (2,1)
INFO: At t=0209  Blue robot 2 go left to position (1,4)
INFO: At t=0210   Red robot 1 go up to position (4,5)
INFO: At t=0211   Red robot 2 go up to position (6,2)
INFO: At t=0212  Blue robot 1 go down to position (2,2)
INFO: At t=0213  Blue robot 2 go left to position (2,4)
INFO: At t=0214   Red robot 1 go up to position (4,4)
INFO: At t=0215   Red robot 2 go up to position (6,1)
INFO: At t=0216  Blue robot 1 go down to position (2,3)
INFO: At t=0217  Blue robot 2 go down to position (2,5)
INFO: At t=0218   Red robot 1 go up to position (4,3)
INFO: At t=0219   Red robot 2 go up to position (6,0)
INFO: At t=0219   Red robot 2 drop off mail 5
INFO: At t=0220  Blue robot 1 go down to position (2,4)
INFO: At t=0221  Blue robot 2 go down to position (2,6)
INFO: At t=0222   Red robot 1 go up to position (4,2)
INFO: At t=0223   Red robot 2 go down to position (6,1)
INFO: At t=0224  Blue robot 1 go down to position (2,5)
INFO: At t=0225  Blue robot 2 go down to position (2,7)
INFO: At t=0225  Blue robot 2 pick up mail 9
INFO: At t=0226   Red robot 1 go up to position (4,1)
INFO: At t=0227   Red robot 2 go down to position (6,2)
INFO: At t=0228  Blue robot 1 go down to position (2,6)
INFO: At t=0229  Blue robot 2 go left to position (3,7)
INFO: At t=0230   Red robot 1 go up to position (4,0)
INFO: At t=0230   Red robot 1 drop off mail 7
INFO: At t=0231   Red robot 2 go down to position (6,3)
INFO: At t=0232  Blue robot 1 go down to position (2,7)
INFO: At t=0232  Blue robot 1 pick up mail 5
INFO: At t=0233  Blue robot 2 go left to position (4,7)
INFO: At t=0234   Red robot 1 go down to position (4,1)
INFO: At t=0235   Red robot 2 go down to position (6,4)
INFO: At t=0236  Blue robot 1 go left to position (3,7)
INFO: At t=0237  Blue robot 2 go left to position (5,7)
INFO: At t=0238   Red robot 1 go down to position (4,2)
INFO: At t=0239   Red robot 2 go down to position (6,5)
INFO: At t=0240  Blue robot 1 go left to position (4,7)
INFO: At t=0241  Blue robot 2 go left to position (6,7)
INFO: At t=0242   Red robot 1 go down to position (4,3)
INFO: At t=0243   Red robot 2 go down to position (6,6)
INFO: At t=0244  Blue robot 1 go left to position (5,7)
INFO: At t=0245  Blue robot 2 go left to position (7,7)
INFO: At t=0246   Red robot 1 go down to position (4,4)
INFO: At t=0247   Red robot 2 go down to position (6,7)
INFO: At t=0247   Red robot 2 pick up mail 6
INFO: At t=0248  Blue robot 1 go up to position (5,6)
INFO: At t=0249  Blue robot 2 go left to position (8,7)
INFO: At t=0250   Red robot 1 go down to position (4,5)
INFO: At t=0251   Red robot 2 go left to position (7,7)
INFO: At t=0252  Blue robot 1 go left to position (6,6)
INFO: At t=0253  Blue robot 2 go up to position (8,6)
INFO: At t=0253  Blue robot 2 drop off mail 9
INFO: At t=0254   Red robot 1 go down to position (4,6)
INFO: At t=0255   Red robot 2 go up to position (7,6)
INFO: At t=0256  Blue robot 1 go up to position (6,5)
INFO: At t=0257  Blue robot 2 go down to position (8,7)
INFO: At t=0258   Red robot 1 go down to position (4,7)
INFO: At t=0258   Red robot 1 pick up mail 9
INFO: At t=0259   Red robot 2 go up to position (7,5)
INFO: At t=0260  Blue robot 1 go up to position (6,4)
INFO: At t=0261  Blue robot 2 go right to position (7,7)
INFO: At t=0262   Red robot 1 go left to position (5,7)
INFO: At t=0263   Red robot 2 go up to position (7,4)
INFO: At t=0264  Blue robot 1 go up to position (6,3)
INFO: At t=0265  Blue robot 2 go right to position (6,7)
INFO: At t=0265  Blue robot 2 pick up mail 3
INFO: At t=0266   Red robot 1 go up to position (5,6)
INFO: At t=0267   Red robot 2 go up to position (7,3)
INFO: At t=0268  Blue robot 1 go up to position (6,2)
INFO: At t=0269  Blue robot 2 go right to position (5,7)
INFO: At t=0270   Red robot 1 go left to position (6,6)
INFO: At t=0271   Red robot 2 go left to position (8,3)
INFO: At t=0272  Blue robot 1 go up to position (6,1)
INFO: At t=0273  Blue robot 2 go right to position (4,7)
INFO: At t=0274   Red robot 1 go left to position (7,6)
INFO: At t=0275   Red robot 2 go up to position (8,2)
INFO: At t=0275   Red robot 2 drop off mail 6
INFO: At t=0276  Blue robot 1 go up to position (6,0)
INFO: At t=0276  Blue robot 1 drop off mail 5
INFO: At t=0277  Blue robot 2 go right to position (3,7)
INFO: At t=0278   Red robot 1 go left to position (8,6)
INFO: At t=0278   Red robot 1 drop off mail 9
INFO: At t=0279   Red robot 2 go up to position (8,1)
INFO: At t=0280  Blue robot 1 go down to position (6,1)
INFO: At t=0281  Blue robot 2 go right to position (2,7)
INFO: At t=0282   Red robot 1 go up to position (8,5)
INFO: At t=0283   Red robot 2 go up to position (8,0)
INFO: At t=0284  Blue robot 1 go down to position (6,2)
INFO: At t=0285  Blue robot 2 go right to position (1,7)
INFO: At t=0286   Red robot 1 go right to position (7,5)
INFO: At t=0287  Blue robot 1 go down to position (6,3)
INFO: At t=0288  Blue robot 2 go up to position (1,6)
INFO: At t=0289   Red robot 1 go up to position (7,4)
INFO: At t=0290   Red robot 2 go right to position (7,0)
INFO: At t=0291  Blue robot 1 go down to position (6,4)
INFO: At t=0292  Blue robot 2 go up to position (1,5)
INFO: At t=0293   Red robot 1 go up to position (7,3)
INFO: At t=0294   Red robot 2 go down to position (7,1)
INFO: At t=0295  Blue robot 1 go down to position (6,5)
INFO: At t=0296  Blue robot 2 go up to position (1,4)
INFO: At t=0297   Red robot 2 go right to position (6,1)
INFO: At t=0298  Blue robot 1 go down to position (6,6)
INFO: At t=0299  Blue robot 2 go up to position (1,3)
INFO: At t=0300   Red robot 1 go up to position (7,2)
INFO: At t=0301   Red robot 2 go down to position (6,2)
INFO: At t=0302  Blue robot 1 go down to position (6,7)
INFO: At t=0302  Blue robot 1 pick up mail 7
INFO: At t=0303  Blue robot 2 go right to position (0,3)
INFO: At t=0304   Red robot 1 go up to position (7,1)
INFO: At t=0305   Red robot 2 go down to position (6,3)
INFO: At t=0306  Blue robot 2 go up to position (0,2)
INFO: At t=0306  Blue robot 2 drop off mail 3
INFO: At t=0307   Red robot 1 go left to position (8,1)
INFO: At t=0308   Red robot 2 go down to position (6,4)
INFO: At t=0309  Blue robot 1 go left to position (7,7)
INFO: At t=0310  Blue robot 2 go up to position (0,1)
INFO: At t=0311   Red robot 1 go up to position (8,0)
INFO: At t=0312   Red robot 2 go down to position (6,5)
INFO: At t=0313  Blue robot 1 go up to position (7,6)
INFO: At t=0314  Blue robot 2 go up to position (0,0)
INFO: At t=0315   Red robot 2 go down to position (6,6)
INFO: At t=0316  Blue robot 1 go up to position (7,5)
INFO: At t=0317   Red robot 1 go right to position (7,0)
INFO: At t=0318   Red robot 2 go down to position (6,7)
INFO: At t=0318   Red robot 2 pick up mail 7
INFO: At t=0319  Blue robot 1 go up to position (7,4)
INFO: At t=0320  Blue robot 2 go left to position (1,0)
INFO: At t=0321   Red robot 1 go down to position (7,1)
INFO: At t=0322   Red robot 2 go right to position (5,7)
INFO: At t=0323  Blue robot 2 go down to position (1,1)
INFO: At t=0324   Red robot 1 go right to position (6,1)
INFO: At t=0325   Red robot 2 go right to position (4,7)
INFO: At t=0326  Blue robot 1 go up to position (7,3)
INFO: At t=0327  Blue robot 2 go left to position (2,1)
INFO: At t=0328   Red robot 1 go down to position (6,2)
INFO: At t=0329   Red robot 2 go up to position (4,6)
INFO: At t=0330  Blue robot 1 go up to position (7,2)
INFO: At t=0331  Blue robot 2 go down to position (2,2)
INFO: At t=0332   Red robot 1 go down to position (6,3)
INFO: At t=0333   Red robot 2 go up to position (4,5)
INFO: At t=0334  Blue robot 1 go up to position (7,1)
INFO: At t=0335  Blue robot 2 go down to position (2,3)
INFO: At t=0336   Red robot 1 go down to position (6,4)
INFO: At t=0337   Red robot 2 go up to position (4,4)
INFO: At t=0338  Blue robot 1 go left to position (8,1)
INFO: At t=0339  Blue robot 2 go down to position (2,4)
INFO: At t=0340   Red robot 1 go down to position (6,5)
INFO: At t=0341   Red robot 2 go up to position (4,3)
INFO: At t=0342  Blue robot 1 go up to position (8,0)
INFO: At t=0343  Blue robot 2 go down to position (2,5)
INFO: At t=0344   Red robot 1 go down to position (6,6)
INFO: At t=0345   Red robot 2 go up to position (4,2)
INFO: At t=0346  Blue robot 2 go down to position (2,6)
INFO: At t=0347   Red robot 1 go down to position (6,7)
INFO: At t=0347   Red robot 1 pick up mail 5
INFO: At t=0348   Red robot 2 go up to position (4,1)
INFO: At t=0349  Blue robot 1 go right to position (7,0)
INFO: At t=0350  Blue robot 2 go down to position (2,7)
INFO: At t=0350  Blue robot 2 pick up mail 4
INFO: At t=0351   Red robot 1 go up to position (6,6)
INFO: At t=0352   Red robot 2 go up to position (4,0)
INFO: At t=0352   Red robot 2 drop off mail 7
INFO: At t=0353  Blue robot 1 go down to position (7,1)
INFO: At t=0354  Blue robot 2 go up to position (2,6)
INFO: At t=0355   Red robot 1 go up to position (6,5)
INFO: At t=0356   Red robot 2 go down to position (4,1)
INFO: At t=0357  Blue robot 1 go right to position (6,1)
INFO: At t=0358  Blue robot 2 go up to position (2,5)
INFO: At t=0359   Red robot 1 go up to position (6,4)
INFO: At t=0360   Red robot 2 go down to position (4,2)
INFO: At t=0361  Blue robot 1 go right to position (5,1)
INFO: At t=0362  Blue robot 2 go up to position (2,4)
INFO: At t=0363   Red robot 1 go up to position (6,3)
INFO: At t=0364   Red robot 2 go down to position (4,3)
INFO: At t=0365  Blue robot 1 go right to position (4,1)
INFO: At t=0366  Blue robot 2 go up to position (2,3)
INFO: At t=0367   Red robot 1 go up to position (6,2)
INFO: At t=0368   Red robot 2 go down to position (4,4)
INFO: At t=0369  Blue robot 1 go up to position (4,0)
INFO: At t=0369  Blue robot 1 drop off mail 7
INFO: At t=0370  Blue robot 2 go up to position (2,2)
INFO: At t=0371   Red robot 1 go up to position (6,1)
INFO: At t=0372   Red robot 2 go down to position (4,5)
INFO: At t=0373  Blue robot 1 go down to position (4,1)
INFO: At t=0374  Blue robot 2 go up to position (2,1)
INFO: At t=0375   Red robot 1 go up to position (6,0)
INFO: At t=0375   Red robot 1 drop off mail 5
INFO: At t=0376   Red robot 2 go down to position (4,6)
INFO: At t=0377  Blue robot 1 go down to position (4,2)
INFO: At t=0378  Blue robot 2 go up to position (2,0)
INFO: At t=0378  Blue robot 2 drop off mail 4
INFO: At t=0379   Red robot 1 go down to position (6,1)
INFO: At t=0380   Red robot 2 go down to position (4,7)
INFO: At t=0380   Red robot 2 pick up mail 5
INFO: At t=0381  Blue robot 1 go down to position (4,3)
INFO: At t=0382  Blue robot 2 go down to position (2,1)
INFO: At t=0383   Red robot 1 go down to position (6,2)
INFO: At t=0384   Red robot 2 go left to position (5,7)
INFO: At t=0385  Blue robot 1 go down to position (4,4)
INFO: At t=0386  Blue robot 2 go down to position (2,2)
INFO: At t=0387   Red robot 1 go down to position (6,3)
INFO: At t=0388   Red robot 2 go up to position (5,6)
INFO: At t=0389  Blue robot 1 go down to position (4,5)
INFO: At t=0390  Blue robot 2 go down to position (2,3)
INFO: At t=0391   Red robot 1 go down to position (6,4)
INFO: At t=0392   Red robot 2 go up to position (5,5)
INFO: At t=0393  Blue robot 1 go down to position (4,6)
INFO: At t=0394  Blue robot 2 go down to position (2,4)
INFO: At t=0395   Red robot 1 go down to position (6,5)
INFO: At t=0396   Red robot 2 go up to position (5,4)
INFO: At t=0397  Blue robot 1 go down to position (4,7)
INFO: At t=0397  Blue robot 1 pick up mail 8
INFO: At t=0398  Blue robot 2 go down to position (2,5)
INFO: At t=0399   Red robot 1 go down to position (6,6)
INFO: At t=0400   Red robot 2 go left to position (6,4)
INFO: At t=0401  Blue robot 1 go left to position (5,7)
INFO: At t=0402  Blue robot 2 go down to position (2,6)
INFO: At t=0403   Red robot 1 go down to position (6,7)
INFO: At t=0403   Red robot 1 pick up mail 6
INFO: At t=0404   Red robot 2 go up to position (6,3)
INFO: At t=0405  Blue robot 1 go up to position (5,6)
INFO: At t=0406  Blue robot 2 go down to position (2,7)
INFO: At t=0406  Blue robot 2 pick up mail 2
INFO: At t=0407   Red robot 1 go left to position (7,7)
INFO: At t=0408   Red robot 2 go up to position (6,2)
INFO: At t=0409  Blue robot 1 go left to position (6,6)
INFO: At t=0410  Blue robot 2 go right to position (1,7)
INFO: At t=0411   Red robot 1 go up to position (7,6)
INFO: At t=0412   Red robot 2 go up to position (6,1)
INFO: At t=0413  Blue robot 1 go up to position (6,5)
INFO: At t=0414  Blue robot 2 go up to position (1,6)
INFO: At t=0415   Red robot 1 go up to position (7,5)
INFO: At t=0416   Red robot 2 go up to position (6,0)
INFO: At t=0416   Red robot 2 drop off mail 5
INFO: At t=0417  Blue robot 1 go up to position (6,4)
INFO: At t=0418  Blue robot 2 go up to position (1,5)
INFO: At t=0419   Red robot 1 go up to position (7,4)
INFO: At t=0420   Red robot 2 go down to position (6,1)
INFO: At t=0421  Blue robot 1 go down to position (6,5)
INFO: At t=0422  Blue robot 2 go right to position (0,5)
INFO: At t=0423   Red robot 1 go up to position (7,3)
INFO: At t=0424   Red robot 2 go down to position (6,2)
INFO: At t=0425  Blue robot 1 go left to position (7,5)
INFO: At t=0426  Blue robot 2 go up to position (0,4)
INFO: At t=0426  Blue robot 2 drop off mail 2
INFO: At t=0427   Red robot 1 go left to position (8,3)
INFO: At t=0428   Red robot 2 go down to position (6,3)
INFO: At t=0429  Blue robot 1 go left to position (8,5)
INFO: At t=0430  Blue robot 2 go left to position (1,4)
INFO: At t=0431   Red robot 1 go up to position (8,2)
INFO: At t=0431   Red robot 1 drop off mail 6
INFO: At t=0432   Red robot 2 go down to position (6,4)
INFO: At t=0433  Blue robot 1 go up to position (8,4)
INFO: At t=0433  Blue robot 1 drop off mail 8
INFO: At t=0434  Blue robot 2 go left to position (2,4)
INFO: At t=0435   Red robot 1 go right to position (7,2)
INFO: At t=0436   Red robot 2 go down to position (6,5)
INFO: At t=0437  Blue robot 1 go right to position (7,4)
INFO: At t=0438  Blue robot 2 go down to position (2,5)
INFO: At t=0439   Red robot 1 go right to position (6,2)
INFO: At t=0440   Red robot 2 go down to position (6,6)
INFO: At t=0441  Blue robot 1 go down to position (7,5)
INFO: At t=0442  Blue robot 2 go down to position (2,6)
INFO: At t=0443   Red robot 1 go down to position (6,3)
INFO: At t=0444   Red robot 2 go down to position (6,7)
INFO: At t=0444   Red robot 2 pick up mail 4
INFO: At t=0445  Blue robot 1 go right to position (6,5)
INFO: At t=0446  Blue robot 2 go down to position (2,7)
INFO: At t=0446  Blue robot 2 pick up mail 6
INFO: At t=0447   Red robot 1 go down to position (6,4)
INFO: At t=0448   Red robot 2 go right to position (5,7)
INFO: At t=0449  Blue robot 1 go down to position (6,6)
INFO: At t=0450  Blue robot 2 go left to position (3,7)
INFO: At t=0451   Red robot 1 go down to position (6,5)
INFO: At t=0452   Red robot 2 go right to position (4,7)
INFO: At t=0453  Blue robot 1 go down to position (6,7)
INFO: At t=0453  Blue robot 1 pick up mail 6
INFO: At t=0454  Blue robot 2 go up to position (3,6)
INFO: At t=0455   Red robot 1 go down to position (6,6)
INFO: At t=0456   Red robot 2 go right to position (3,7)
INFO: At t=0457  Blue robot 1 go left to position (7,7)
INFO: At t=0458  Blue robot 2 go left to position (4,6)
INFO: At t=0459   Red robot 1 go down to position (6,7)
INFO: At t=0459   Red robot 1 pick up mail 6
INFO: At t=0460   Red robot 2 go right to position (2,7)
INFO: At t=0461  Blue robot 1 go up to position (7,6)
INFO: At t=0462  Blue robot 2 go left to position (5,6)
INFO: At t=0463   Red robot 1 go up to position (6,6)
INFO: At t=0464   Red robot 2 go up to position (2,6)
INFO: At t=0465  Blue robot 1 go up to position (7,5)
INFO: At t=0466  Blue robot 2 go up to position (5,5)
INFO: At t=0467   Red robot 1 go up to position (6,5)
INFO: At t=0468   Red robot 2 go up to position (2,5)
INFO: At t=0469  Blue robot 1 go up to position (7,4)
INFO: At t=0470  Blue robot 2 go up to position (5,4)
INFO: At t=0471   Red robot 1 go up to position (6,4)
INFO: At t=0472   Red robot 2 go up to position (2,4)
INFO: At t=0473  Blue robot 1 go up to position (7,3)
INFO: At t=0474  Blue robot 2 go up to position (5,3)
INFO: At t=0475   Red robot 1 go up to position (6,3)
INFO: At t=0476   Red robot 2 go up to position (2,3)
INFO: At t=0477  Blue robot 1 go left to position (8,3)
INFO: At t=0478  Blue robot 2 go up to position (5,2)
INFO: At t=0479   Red robot 1 go left to position (7,3)
INFO: At t=0480   Red robot 2 go up to position (2,2)
INFO: At t=0481  Blue robot 1 go up to position (8,2)
INFO: At t=0481  Blue robot 1 drop off mail 6
INFO: At t=0482  Blue robot 2 go left to position (6,2)
INFO: At t=0483   Red robot 1 go left to position (8,3)
INFO: At t=0484   Red robot 2 go up to position (2,1)
INFO: At t=0485  Blue robot 1 go right to position (7,2)
INFO: At t=0486  Blue robot 2 go up to position (6,1)
INFO: At t=0487   Red robot 1 go up to position (8,2)
INFO: At t=0487   Red robot 1 drop off mail 6
INFO: At t=0488   Red robot 2 go up to position (2,0)
INFO: At t=0488   Red robot 2 drop off mail 4
INFO: At t=0489  Blue robot 1 go right to position (6,2)
INFO: At t=0490  Blue robot 2 go left to position (7,1)
INFO: At t=0491   Red robot 1 go up to position (8,1)
INFO: At t=0492   Red robot 2 go down to position (2,1)
INFO: At t=0493  Blue robot 1 go down to position (6,3)
INFO: At t=0494  Blue robot 2 go down to position (7,2)
INFO: At t=0495   Red robot 1 go up to position (8,0)
INFO: At t=0496   Red robot 2 go down to position (2,2)
INFO: At t=0497  Blue robot 1 go down to position (6,4)
INFO: At t=0498  Blue robot 2 go left to position (8,2)
INFO: At t=0498  Blue robot 2 drop off mail 6
INFO: At t=0499   Red robot 2 go down to position (2,3)
INFO: At t=0500  Blue robot 1 go down to position (6,5)
INFO: At t=0501  Blue robot 2 go up to position (8,1)
INFO: At t=0502   Red robot 1 go right to position (7,0)
INFO: At t=0503   Red robot 2 go down to position (2,4)
INFO: At t=0504  Blue robot 1 go down to position (6,6)
INFO: At t=0505  Blue robot 2 go up to position (8,0)
INFO: At t=0506   Red robot 1 go down to position (7,1)
INFO: At t=0507   Red robot 2 go down to position (2,5)
INFO: At t=0508  Blue robot 1 go down to position (6,7)
INFO: At t=0508  Blue robot 1 pick up mail 8
INFO: At t=0509   Red robot 1 go right to position (6,1)
INFO: At t=0510   Red robot 2 go down to position (2,6)
INFO: At t=0511  Blue robot 1 go left to position (7,7)
INFO: At t=0512  Blue robot 2 go right to position (7,0)
INFO: At t=0513   Red robot 1 go down to position (6,2)
INFO: At t=0514   Red robot 2 go down to position (2,7)
INFO: At t=0514   Red robot 2 pick up mail 3
INFO: At t=0515  Blue robot 1 go up to position (7,6)
INFO: At t=0516  Blue robot 2 go down to position (7,1)
INFO: At t=0517   Red robot 1 go down to position (6,3)
INFO: At t=0518   Red robot 2 go right to position (1,7)
INFO: At t=0519  Blue robot 1 go up to position (7,5)
INFO: At t=0520  Blue robot 2 go down to position (7,2)
INFO: At t=0521   Red robot 1 go down to position (6,4)
INFO: At t=0522   Red robot 2 go up to position (1,6)
INFO: At t=0523  Blue robot 1 go left to position (8,5)
INFO: At t=0524  Blue robot 2 go down to position (7,3)
INFO: At t=0525   Red robot 1 go down to position (6,5)
INFO: At t=0526   Red robot 2 go up to position (1,5)
INFO: At t=0527  Blue robot 1 go up to position (8,4)
INFO: At t=0527  Blue robot 1 drop off mail 8
INFO: At t=0528  Blue robot 2 go down to position (7,4)
INFO: At t=0529   Red robot 1 go down to position (6,6)
INFO: At t=0530   Red robot 2 go up to position (1,4)
INFO: At t=0531  Blue robot 1 go up to position (8,3)
INFO: At t=0532  Blue robot 2 go down to position (7,5)
INFO: At t=0533   Red robot 1 go down to position (6,7)
INFO: At t=0533   Red robot 1 pick up mail 5
INFO: At t=0534   Red robot 2 go up to position (1,3)
INFO: At t=0535  Blue robot 1 go right to position (7,3)
INFO: At t=0536  Blue robot 2 go right to position (6,5)
INFO: At t=0537   Red robot 1 go up to position (6,6)
INFO: At t=0538   Red robot 2 go up to position (1,2)
INFO: At t=0539  Blue robot 1 go up to position (7,2)
INFO: At t=0540  Blue robot 2 go left to position (7,5)
INFO: At t=0541   Red robot 1 go up to position (6,5)
INFO: At t=0542   Red robot 2 go up to position (1,1)
INFO: At t=0543  Blue robot 1 go up to position (7,1)
INFO: At t=0544  Blue robot 2 go down to position (7,6)
INFO: At t=0545   Red robot 1 go up to position (6,4)
INFO: At t=0546   Red robot 2 go right to position (0,1)
INFO: At t=0547  Blue robot 1 go left to position (8,1)
INFO: At t=0548  Blue robot 2 go right to position (6,6)
INFO: At t=0549   Red robot 1 go up to position (6,3)
INFO: At t=0550   Red robot 2 go up to position (0,0)
INFO: At t=0551  Blue robot 1 go up to position (8,0)
INFO: At t=0552  Blue robot 2 go down to position (6,7)
INFO: At t=0552  Blue robot 2 pick up mail 4
INFO: At t=0553   Red robot 1 go up to position (6,2)
INFO: At t=0554  Blue robot 2 go right to position (5,7)
INFO: At t=0555   Red robot 1 go up to position (6,1)
INFO: At t=0556   Red robot 2 go down to position (0,1)
INFO: At t=0557  Blue robot 1 go right to position (7,0)
INFO: At t=0558  Blue robot 2 go right to position (4,7)
INFO: At t=0559   Red robot 1 go up to position (6,0)
INFO: At t=0559   Red robot 1 drop off mail 5
INFO: At t=0560   Red robot 2 go down to position (0,2)
INFO: At t=0560   Red robot 2 drop off mail 3
INFO: At t=0561  Blue robot 1 go down to position (7,1)
INFO: At t=0562  Blue robot 2 go right to position (3,7)
INFO: At t=0563   Red robot 1 go down to position (6,1)
INFO: At t=0564   Red robot 2 go left to position (1,2)
INFO: At t=0565  Blue robot 1 go down to position (7,2)
INFO: At t=0566  Blue robot 2 go right to position (2,7)
INFO: At t=0567   Red robot 1 go down to position (6,2)
INFO: At t=0568   Red robot 2 go left to position (2,2)
INFO: At t=0569  Blue robot 1 go down to position (7,3)
INFO: At t=0570  Blue robot 2 go up to position (2,6)
INFO: At t=0571   Red robot 1 go down to position (6,3)
INFO: At t=0572   Red robot 2 go down to position (2,3)
INFO: At t=0573  Blue robot 1 go down to position (7,4)
INFO: At t=0574  Blue robot 2 go up to position (2,5)
INFO: At t=0575   Red robot 1 go down to position (6,4)
INFO: At t=0576   Red robot 2 go down to position (2,4)
INFO: At t=0577  Blue robot 1 go down to position (7,5)
INFO: At t=0578  Blue robot 2 go left to position (3,5)
INFO: At t=0579   Red robot 1 go down to position (6,5)
INFO: At t=0580   Red robot 2 go down to position (2,5)
INFO: At t=0581  Blue robot 1 go down to position (7,6)
INFO: At t=0582  Blue robot 2 go up to position (3,4)
INFO: At t=0583   Red robot 1 go down to position (6,6)
INFO: At t=0584   Red robot 2 go down to position (2,6)
INFO: At t=0585  Blue robot 1 go down to position (7,7)
INFO: At t=0586  Blue robot 2 go right to position (2,4)
INFO: At t=0587   Red robot 1 go down to position (6,7)
INFO: At t=0587   Red robot 1 pick up mail 1
INFO: At t=0588   Red robot 2 go down to position (2,7)
INFO: At t=0588   Red robot 2 pick up mail 2
INFO: At t=0589  Blue robot 2 go up to position (2,3)
INFO: At t=0590   Red robot 1 go right to position (5,7)
INFO: At t=0591   Red robot 2 go right to position (1,7)
INFO: At t=0592  Blue robot 1 go right to position (6,7)
INFO: At t=0592  Blue robot 1 pick up mail 1
INFO: At t=0593  Blue robot 2 go up to position (2,2)
INFO: At t=0594   Red robot 1 go right to position (4,7)
INFO: At t=0595   Red robot 2 go up to position (1,6)
INFO: At t=0596  Blue robot 1 go right to position (5,7)
INFO: At t=0597  Blue robot 2 go up to position (2,1)
INFO: At t=0598   Red robot 1 go right to position (3,7)
INFO: At t=0599   Red robot 2 go up to position (1,5)
INFO: At t=0600  Blue robot 1 go right to position (4,7)
INFO: At t=0601  Blue robot 2 go up to position (2,0)
INFO: At t=0601  Blue robot 2 drop off mail 4
INFO: At t=0602   Red robot 1 go right to position (2,7)
INFO: At t=0603   Red robot 2 go right to position (0,5)
INFO: At t=0604  Blue robot 1 go right to position (3,7)
INFO: At t=0605  Blue robot 2 go down to position (2,1)
INFO: At t=0606   Red robot 1 go right to position (1,7)
INFO: At t=0607   Red robot 2 go up to position (0,4)
INFO: At t=0607   Red robot 2 drop off mail 2
INFO: At t=0608  Blue robot 1 go right to position (2,7)
INFO: At t=0609  Blue robot 2 go down to position (2,2)
INFO: At t=0610   Red robot 1 go right to position (0,7)
INFO: At t=0611   Red robot 2 go left to position (1,4)
INFO: At t=0612  Blue robot 1 go right to position (1,7)
INFO: At t=0613  Blue robot 2 go down to position (2,3)
INFO: At t=0614   Red robot 1 go up to position (0,6)
INFO: At t=0614   Red robot 1 drop off mail 1
INFO: At t=0615   Red robot 2 go left to position (2,4)
INFO: At t=0616  Blue robot 1 go right to position (0,7)
INFO: At t=0617  Blue robot 2 go left to position (3,3)
INFO: At t=0618   Red robot 1 go left to position (1,6)
INFO: At t=0619   Red robot 2 go down to position (2,5)
INFO: At t=0620  Blue robot 1 go up to position (0,6)
INFO: At t=0620  Blue robot 1 drop off mail 1
INFO: At t=0621  Blue robot 2 go down to position (3,4)
INFO: At t=0622   Red robot 1 go left to position (2,6)
INFO: At t=0623   Red robot 2 go left to position (3,5)
INFO: At t=0624  Blue robot 1 go left to position (1,6)
INFO: At t=0625  Blue robot 2 go left to position (4,4)
INFO: At t=0626   Red robot 1 go down to position (2,7)
INFO: At t=0626   Red robot 1 pick up mail 6
INFO: At t=0627   Red robot 2 go right to position (2,5)
INFO: At t=0628  Blue robot 1 go left to position (2,6)
INFO: At t=0629  Blue robot 2 go right to position (3,4)
INFO: At t=0630   Red robot 1 go left to position (3,7)
INFO: At t=0631   Red robot 2 go right to position (1,5)
INFO: At t=0632  Blue robot 1 go down to position (2,7)
INFO: At t=0632  Blue robot 1 pick up mail 6
INFO: At t=0633  Blue robot 2 go right to position (2,4)
INFO: At t=0634   Red robot 1 go left to position (4,7)
INFO: At t=0635   Red robot 2 go left to position (2,5)
INFO: At t=0636  Blue robot 1 go left to position (3,7)
INFO: At t=0637  Blue robot 2 go left to position (3,4)
INFO: At t=0638   Red robot 1 go left to position (5,7)
INFO: At t=0639   Red robot 2 go down to position (2,6)
INFO: At t=0640  Blue robot 1 go left to position (4,7)
INFO: At t=0641  Blue robot 2 go down to position (3,5)
INFO: At t=0642   Red robot 1 go up to position (5,6)
INFO: At t=0643   Red robot 2 go down to position (2,7)
INFO: At t=0643   Red robot 2 pick up mail 8
INFO: At t=0644  Blue robot 1 go left to position (5,7)
INFO: At t=0645  Blue robot 2 go right to position (2,5)
INFO: At t=0646   Red robot 1 go left to position (6,6)
INFO: At t=0647   Red robot 2 go left to position (3,7)
INFO: At t=0648  Blue robot 1 go up to position (5,6)
INFO: At t=0649  Blue robot 2 go down to position (2,6)
INFO: At t=0650   Red robot 1 go up to position (6,5)
INFO: At t=0651   Red robot 2 go left to position (4,7)
INFO: At t=0652  Blue robot 1 go left to position (6,6)
INFO: At t=0653  Blue robot 2 go down to position (2,7)
INFO: At t=0653  Blue robot 2 pick up mail 4
INFO: At t=0654   Red robot 1 go left to position (7,5)
INFO: At t=0655   Red robot 2 go left to position (5,7)
INFO: At t=0656  Blue robot 1 go up to position (6,5)
INFO: At t=0657  Blue robot 2 go up to position (2,6)
INFO: At t=0658   Red robot 1 go up to position (7,4)
INFO: At t=0659   Red robot 2 go left to position (6,7)
INFO: At t=0660  Blue robot 1 go up to position (6,4)
INFO: At t=0661  Blue robot 2 go up to position (2,5)
INFO: At t=0662   Red robot 1 go up to position (7,3)
INFO: At t=0663   Red robot 2 go left to position (7,7)
INFO: At t=0664  Blue robot 1 go up to position (6,3)
INFO: At t=0665  Blue robot 2 go up to position (2,4)
INFO: At t=0666   Red robot 1 go left to position (8,3)
INFO: At t=0667   Red robot 2 go up to position (7,6)
INFO: At t=0668  Blue robot 1 go left to position (7,3)
INFO: At t=0669  Blue robot 2 go up to position (2,3)
INFO: At t=0670   Red robot 1 go up to position (8,2)
INFO: At t=0670   Red robot 1 drop off mail 6
INFO: At t=0671   Red robot 2 go up to position (7,5)
INFO: At t=0672  Blue robot 1 go left to position (8,3)
INFO: At t=0673  Blue robot 2 go up to position (2,2)
INFO: At t=0674   Red robot 1 go right to position (7,2)
INFO: At t=0675   Red robot 2 go left to position (8,5)
INFO: At t=0676  Blue robot 1 go up to position (8,2)
INFO: At t=0676  Blue robot 1 drop off mail 6
INFO: At t=0677  Blue robot 2 go up to position (2,1)
INFO: At t=0678   Red robot 1 go right to position (6,2)
INFO: At t=0679   Red robot 2 go up to position (8,4)
INFO: At t=0679   Red robot 2 drop off mail 8
INFO: At t=0680  Blue robot 1 go right to position (7,2)
INFO: At t=0681  Blue robot 2 go up to position (2,0)
INFO: At t=0681  Blue robot 2 drop off mail 4
INFO: At t=0682   Red robot 1 go down to position (6,3)
INFO: At t=0683   Red robot 2 go right to position (7,4)
INFO: At t=0684  Blue robot 1 go right to position (6,2)
INFO: At t=0685  Blue robot 2 go down to position (2,1)
INFO: At t=0686   Red robot 1 go down to position (6,4)
INFO: At t=0687   Red robot 2 go down to position (7,5)
INFO: At t=0688  Blue robot 1 go down to position (6,3)
INFO: At t=0689  Blue robot 2 go down to position (2,2)
INFO: At t=0690   Red robot 1 go down to position (6,5)
INFO: At t=0691   Red robot 2 go down to position (7,6)
INFO: At t=0692  Blue robot 1 go down to position (6,4)
INFO: At t=0693  Blue robot 2 go down to position (2,3)
INFO: At t=0694   Red robot 1 go down to position (6,6)
INFO: At t=0695   Red robot 2 go down to position (7,7)
INFO: At t=0696  Blue robot 1 go down to position (6,5)
INFO: At t=0697  Blue robot 2 go down to position (2,4)
INFO: At t=0698   Red robot 1 go down to position (6,7)
INFO: At t=0698   Red robot 1 pick up mail 3
INFO: At t=0699  Blue robot 1 go down to position (6,6)
INFO: At t=0700  Blue robot 2 go down to position (2,5)
INFO: At t=0701   Red robot 1 go right to position (5,7)
INFO: At t=0702   Red robot 2 go right to position (6,7)
INFO: At t=0702   Red robot 2 pick up mail 4
INFO: At t=0703  Blue robot 2 go down to position (2,6)
INFO: At t=0704   Red robot 1 go right to position (4,7)
INFO: At t=0705   Red robot 2 go right to position (5,7)
INFO: At t=0706  Blue robot 1 go down to position (6,7)
INFO: At t=0706  Blue robot 1 pick up mail 6
INFO: At t=0707  Blue robot 2 go down to position (2,7)
INFO: At t=0707  Blue robot 2 pick up mail 8
INFO: At t=0708   Red robot 1 go right to position (3,7)
INFO: At t=0709   Red robot 2 go right to position (4,7)
INFO: At t=0710  Blue robot 1 go left to position (7,7)
INFO: At t=0711  Blue robot 2 go up to position (2,6)
INFO: At t=0712   Red robot 1 go right to position (2,7)
INFO: At t=0713   Red robot 2 go right to position (3,7)
INFO: At t=0714  Blue robot 1 go up to position (7,6)
INFO: At t=0715  Blue robot 2 go left to position (3,6)
INFO: At t=0716   Red robot 1 go right to position (1,7)
INFO: At t=0717   Red robot 2 go right to position (2,7)
INFO: At t=0718  Blue robot 1 go up to position (7,5)
INFO: At t=0719  Blue robot 2 go left to position (4,6)
INFO: At t=0720   Red robot 1 go up to position (1,6)
INFO: At t=0721   Red robot 2 go up to position (2,6)
INFO: At t=0722  Blue robot 1 go up to position (7,4)
INFO: At t=0723  Blue robot 2 go left to position (5,6)
INFO: At t=0724   Red robot 1 go up to position (1,5)
INFO: At t=0725   Red robot 2 go up to position (2,5)
INFO: At t=0726  Blue robot 1 go up to position (7,3)
INFO: At t=0727  Blue robot 2 go left to position (6,6)
INFO: At t=0728   Red robot 1 go up to position (1,4)
INFO: At t=0729   Red robot 2 go up to position (2,4)
INFO: At t=0730  Blue robot 1 go left to position (8,3)
INFO: At t=0731  Blue robot 2 go left to position (7,6)
INFO: At t=0732   Red robot 1 go up to position (1,3)
INFO: At t=0733   Red robot 2 go up to position (2,3)
INFO: At t=0734  Blue robot 1 go up to position (8,2)
INFO: At t=0734  Blue robot 1 drop off mail 6
INFO: At t=0735  Blue robot 2 go up to position (7,5)
INFO: At t=0736   Red robot 1 go right to position (0,3)
INFO: At t=0737   Red robot 2 go up to position (2,2)
INFO: At t=0738  Blue robot 1 go up to position (8,1)
INFO: At t=0739  Blue robot 2 go left to position (8,5)
INFO: At t=0740   Red robot 1 go up to position (0,2)
INFO: At t=0740   Red robot 1 drop off mail 3
INFO: At t=0741   Red robot 2 go up to position (2,1)
INFO: At t=0742  Blue robot 1 go up to position (8,0)
INFO: At t=0743  Blue robot 2 go up to position (8,4)
INFO: At t=0743  Blue robot 2 drop off mail 8
INFO: At t=0744   Red robot 1 go up to position (0,1)
INFO: At t=0745   Red robot 2 go up to position (2,0)
INFO: At t=0745   Red robot 2 drop off mail 4
INFO: At t=0746  Blue robot 2 go up to position (8,3)
INFO: At t=0747   Red robot 1 go up to position (0,0)
INFO: At t=0748   Red robot 2 go right to position (1,0)
INFO: At t=0749  Blue robot 1 go right to position (7,0)
INFO: At t=0750  Blue robot 2 go right to position (7,3)
INFO: At t=0751  Blue robot 1 go down to position (7,1)
INFO: At t=0752  Blue robot 1 go right to position (6,1)
INFO: At t=0753  Blue robot 2 go up to position (7,2)
INFO: At t=0754   Red robot 1 go down to position (0,1)
INFO: At t=0755   Red robot 2 go right to position (0,0)
INFO: At t=0756  Blue robot 1 go down to position (6,2)
INFO: At t=0757  Blue robot 2 go up to position (7,1)
INFO: At t=0758   Red robot 1 go left to position (1,1)
INFO: At t=0759  Blue robot 1 go down to position (6,3)
INFO: At t=0760  Blue robot 2 go left to position (8,1)
INFO: At t=0761   Red robot 1 go left to position (2,1)
INFO: At t=0762   Red robot 2 go left to position (1,0)
INFO: At t=0763  Blue robot 1 go down to position (6,4)
INFO: At t=0764  Blue robot 2 go up to position (8,0)
INFO: At t=0765   Red robot 1 go down to position (2,2)
INFO: At t=0766   Red robot 2 go down to position (1,1)
INFO: At t=0767  Blue robot 1 go down to position (6,5)
INFO: At t=0768   Red robot 1 go down to position (2,3)
INFO: At t=0769   Red robot 2 go down to position (1,2)
INFO: At t=0770  Blue robot 1 go down to position (6,6)
INFO: At t=0771  Blue robot 2 go right to position (7,0)
INFO: At t=0772   Red robot 1 go down to position (2,4)
INFO: At t=0773   Red robot 2 go down to position (1,3)
INFO: At t=0774  Blue robot 1 go down to position (6,7)
INFO: At t=0774  Blue robot 1 pick up mail 5
INFO: At t=0775  Blue robot 2 go down to position (7,1)
INFO: At t=0776   Red robot 1 go down to position (2,5)
INFO: At t=0777   Red robot 2 go down to position (1,4)
INFO: At t=0778  Blue robot 1 go up to position (6,6)
INFO: At t=0779  Blue robot 2 go down to position (7,2)
INFO: At t=0780   Red robot 1 go down to position (2,6)
INFO: At t=0781   Red robot 2 go down to position (1,5)
INFO: At t=0782  Blue robot 1 go up to position (6,5)
INFO: At t=0783  Blue robot 2 go down to position (7,3)
INFO: At t=0784   Red robot 1 go down to position (2,7)
INFO: At t=0784   Red robot 1 pick up mail 2
INFO: At t=0785   Red robot 2 go left to position (2,5)
INFO: At t=0786  Blue robot 1 go up to position (6,4)
INFO: At t=0787  Blue robot 2 go down to position (7,4)
INFO: At t=0788   Red robot 1 go right to position (1,7)
INFO: At t=0789   Red robot 2 go down to position (2,6)
INFO: At t=0790  Blue robot 1 go up to position (6,3)
INFO: At t=0791  Blue robot 2 go right to position (6,4)
INFO: At t=0792   Red robot 1 go up to position (1,6)
INFO: At t=0793   Red robot 2 go down to position (2,7)
INFO: At t=0793   Red robot 2 pick up mail 4
INFO: At t=0794  Blue robot 1 go up to position (6,2)
INFO: At t=0795  Blue robot 2 go down to position (6,5)
INFO: At t=0796   Red robot 1 go up to position (1,5)
INFO: At t=0797   Red robot 2 go up to position (2,6)
INFO: At t=0798  Blue robot 1 go up to position (6,1)
INFO: At t=0799  Blue robot 2 go down to position (6,6)
INFO: At t=0800   Red robot 1 go right to position (0,5)
INFO: At t=0801   Red robot 2 go up to position (2,5)
INFO: At t=0802  Blue robot 1 go up to position (6,0)
INFO: At t=0802  Blue robot 1 drop off mail 5
INFO: At t=0803  Blue robot 2 go down to position (6,7)
INFO: At t=0803  Blue robot 2 pick up mail 1
INFO: At t=0804   Red robot 1 go up to position (0,4)
INFO: At t=0804   Red robot 1 drop off mail 2
INFO: At t=0805   Red robot 2 go up to position (2,4)
INFO: At t=0806  Blue robot 1 go down to position (6,1)
INFO: At t=0807  Blue robot 2 go right to position (5,7)
INFO: At t=0808   Red robot 1 go left to position (1,4)
INFO: At t=0809   Red robot 2 go up to position (2,3)
INFO: At t=0810  Blue robot 1 go down to position (6,2)
INFO: At t=0811  Blue robot 2 go right to position (4,7)
INFO: At t=0812   Red robot 1 go left to position (2,4)
INFO: At t=0813   Red robot 2 go up to position (2,2)
INFO: At t=0814  Blue robot 1 go down to position (6,3)
INFO: At t=0815  Blue robot 2 go right to position (3,7)
INFO: At t=0816   Red robot 1 go down to position (2,5)
INFO: At t=0817   Red robot 2 go up to position (2,1)
INFO: At t=0818  Blue robot 1 go down to position (6,4)
INFO: At t=0819  Blue robot 2 go right to position (2,7)
INFO: At t=0820   Red robot 1 go down to position (2,6)
INFO: At t=0821   Red robot 2 go up to position (2,0)
INFO: At t=0821   Red robot 2 drop off mail 4
INFO: At t=0822  Blue robot 1 go down to position (6,5)
INFO: At t=0823  Blue robot 2 go right to position (1,7)
INFO: At t=0824   Red robot 1 go down to position (2,7)
INFO: At t=0824   Red robot 1 pick up mail 3
INFO: At t=0825   Red robot 2 go down to position (2,1)
INFO: At t=0826  Blue robot 1 go down to position (6,6)
INFO: At t=0827  Blue robot 2 go right to position (0,7)
INFO: At t=0828   Red robot 1 go right to position (1,7)
INFO: At t=0829   Red robot 2 go down to position (2,2)
INFO: At t=0830  Blue robot 1 go down to position (6,7)
INFO: At t=0830  Blue robot 1 pick up mail 5
INFO: At t=0831  Blue robot 2 go up to position (0,6)
INFO: At t=0831  Blue robot 2 drop off mail 1
INFO: At t=0832   Red robot 1 go up to position (1,6)
INFO: At t=0833   Red robot 2 go down to position (2,3)
INFO: At t=0834  Blue robot 1 go up to position (6,6)
INFO: At t=0835  Blue robot 2 go down to position (0,7)
INFO: At t=0836   Red robot 1 go up to position (1,5)
INFO: At t=0837   Red robot 2 go down to position (2,4)
INFO: At t=0838  Blue robot 1 go up to position (6,5)
INFO: At t=0839  Blue robot 2 go left to position (1,7)
INFO: At t=0840   Red robot 1 go up to position (1,4)
INFO: At t=0841   Red robot 2 go down to position (2,5)
INFO: At t=0842  Blue robot 1 go up to position (6,4)
INFO: At t=0843  Blue robot 2 go left to position (2,7)
INFO: At t=0843  Blue robot 2 pick up mail 2
INFO: At t=0844   Red robot 1 go up to position (1,3)
INFO: At t=0845   Red robot 2 go down to position (2,6)
INFO: At t=0846  Blue robot 1 go up to position (6,3)
INFO: At t=0847  Blue robot 2 go right to position (1,7)
INFO: At t=0848   Red robot 1 go right to position (0,3)
INFO: At t=0849   Red robot 2 go down to position (2,7)
INFO: At t=0849   Red robot 2 pick up mail 2
INFO: At t=0850  Blue robot 1 go up to position (6,2)
INFO: At t=0851  Blue robot 2 go up to position (1,6)
INFO: At t=0852   Red robot 1 go up to position (0,2)
INFO: At t=0852   Red robot 1 drop off mail 3
INFO: At t=0853   Red robot 2 go up to position (2,6)
INFO: At t=0854  Blue robot 1 go up to position (6,1)
INFO: At t=0855  Blue robot 2 go up to position (1,5)
INFO: At t=0856   Red robot 1 go left to position (1,2)
INFO: At t=0857   Red robot 2 go up to position (2,5)
INFO: At t=0858  Blue robot 1 go up to position (6,0)
INFO: At t=0858  Blue robot 1 drop off mail 5
INFO: At t=0859  Blue robot 2 go right to position (0,5)
INFO: At t=0860   Red robot 1 go down to position (1,3)
INFO: At t=0861   Red robot 2 go right to position (1,5)
INFO: At t=0862  Blue robot 1 go down to position (6,1)
INFO: At t=0863  Blue robot 2 go up to position (0,4)
INFO: At t=0863  Blue robot 2 drop off mail 2
INFO: At t=0864   Red robot 1 go left to position (2,3)
INFO: At t=0865   Red robot 2 go right to position (0,5)
INFO: At t=0866  Blue robot 1 go down to position (6,2)
INFO: At t=0867  Blue robot 2 go left to position (1,4)
INFO: At t=0868   Red robot 1 go down to position (2,4)
INFO: At t=0869   Red robot 2 go up to position (0,4)
INFO: At t=0869   Red robot 2 drop off mail 2
INFO: At t=0870  Blue robot 1 go down to position (6,3)
INFO: At t=0871  Blue robot 2 go down to position (1,5)
INFO: At t=0872   Red robot 1 go down to position (2,5)
INFO: At t=0873   Red robot 2 go left to position (1,4)
INFO: At t=0874  Blue robot 1 go down to position (6,4)
INFO: At t=0875  Blue robot 2 go down to position (1,6)
INFO: At t=0876   Red robot 1 go down to position (2,6)
INFO: At t=0877   Red robot 2 go left to position (2,4)
INFO: At t=0878  Blue robot 1 go down to position (6,5)
INFO: At t=0879  Blue robot 2 go down to position (1,7)
INFO: At t=0880   Red robot 1 go down to position (2,7)
INFO: At t=0880   Red robot 1 pick up mail 3
INFO: At t=0881   Red robot 2 go down to position (2,5)
INFO: At t=0882  Blue robot 1 go down to position (6,6)
INFO: At t=0883   Red robot 1 go up to position (2,6)
INFO: At t=0884   Red robot 2 go left to position (3,5)
INFO: At t=0885  Blue robot 1 go down to position (6,7)
INFO: At t=0885  Blue robot 1 pick up mail 9
INFO: At t=0886  Blue robot 2 go left to position (2,7)
INFO: At t=0886  Blue robot 2 pick up mail 2
INFO: At t=0887   Red robot 1 go up to position (2,5)
INFO: At t=0888   Red robot 2 go down to position (3,6)
INFO: At t=0889  Blue robot 1 go left to position (7,7)
INFO: At t=0890  Blue robot 2 go right to position (1,7)
INFO: At t=0891   Red robot 1 go right to position (1,5)
INFO: At t=0892   Red robot 2 go right to position (2,6)
INFO: At t=0893  Blue robot 1 go left to position (8,7)
INFO: At t=0894  Blue robot 2 go left to position (2,7)
INFO: At t=0895   Red robot 1 go up to position (1,4)
INFO: At t=0896  Blue robot 1 go up to position (8,6)
INFO: At t=0896  Blue robot 1 drop off mail 9
INFO: At t=0897  Blue robot 2 go right to position (1,7)
INFO: At t=0898   Red robot 1 go up to position (1,3)
INFO: At t=0899   Red robot 2 go down to position (2,7)
INFO: At t=0899   Red robot 2 pick up mail 8
INFO: At t=0900  Blue robot 1 go right to position (7,6)
INFO: At t=0901  Blue robot 2 go up to position (1,6)
INFO: At t=0902   Red robot 1 go right to position (0,3)
INFO: At t=0903   Red robot 2 go left to position (3,7)
INFO: At t=0904  Blue robot 1 go right to position (6,6)
INFO: At t=0905  Blue robot 2 go up to position (1,5)
INFO: At t=0906   Red robot 1 go up to position (0,2)
INFO: At t=0906   Red robot 1 drop off mail 3
INFO: At t=0907   Red robot 2 go left to position (4,7)
INFO: At t=0908  Blue robot 1 go down to position (6,7)
INFO: At t=0908  Blue robot 1 pick up mail 7
INFO: At t=0909  Blue robot 2 go right to position (0,5)
INFO: At t=0910   Red robot 1 go left to position (1,2)
INFO: At t=0911   Red robot 2 go left to position (5,7)
INFO: At t=0912  Blue robot 1 go up to position (6,6)
INFO: At t=0913  Blue robot 2 go up to position (0,4)
INFO: At t=0913  Blue robot 2 drop off mail 2
INFO: At t=0914   Red robot 1 go left to position (2,2)
INFO: At t=0915   Red robot 2 go up to position (5,6)
INFO: At t=0916  Blue robot 1 go up to position (6,5)
INFO: At t=0917  Blue robot 2 go left to position (1,4)
INFO: At t=0918   Red robot 1 go down to position (2,3)
INFO: At t=0919   Red robot 2 go left to position (6,6)
INFO: At t=0920  Blue robot 1 go right to position (5,5)
INFO: At t=0921  Blue robot 2 go left to position (2,4)
INFO: At t=0922   Red robot 1 go left to position (3,3)
INFO: At t=0923   Red robot 2 go left to position (7,6)
INFO: At t=0924  Blue robot 1 go right to position (4,5)
INFO: At t=0925  Blue robot 2 go down to position (2,5)
INFO: At t=0926   Red robot 1 go down to position (3,4)
INFO: At t=0927   Red robot 2 go up to position (7,5)
INFO: At t=0928  Blue robot 1 go up to position (4,4)
INFO: At t=0929  Blue robot 2 go down to position (2,6)
INFO: At t=0930   Red robot 1 go down to position (3,5)
INFO: At t=0931   Red robot 2 go left to position (8,5)
INFO: At t=0932  Blue robot 1 go up to position (4,3)
INFO: At t=0933  Blue robot 2 go down to position (2,7)
INFO: At t=0933  Blue robot 2 pick up mail 4
INFO: At t=0934   Red robot 1 go right to position (2,5)
INFO: At t=0935   Red robot 2 go up to position (8,4)
INFO: At t=0935   Red robot 2 drop off mail 8
INFO: At t=0936  Blue robot 1 go up to position (4,2)
INFO: At t=0937  Blue robot 2 go up to position (2,6)
INFO: At t=0938   Red robot 1 go left to position (3,5)
INFO: At t=0939   Red robot 2 go right to position (7,4)
INFO: At t=0940  Blue robot 1 go up to position (4,1)
INFO: At t=0941  Blue robot 2 go up to position (2,5)
INFO: At t=0942   Red robot 1 go down to position (3,6)
INFO: At t=0943   Red robot 2 go right to position (6,4)
INFO: At t=0944  Blue robot 1 go up to position (4,0)
INFO: At t=0944  Blue robot 1 drop off mail 7
INFO: At t=0945  Blue robot 2 go up to position (2,4)
INFO: At t=0946   Red robot 1 go right to position (2,6)
INFO: At t=0947   Red robot 2 go down to position (6,5)
INFO: At t=0948  Blue robot 1 go down to position (4,1)
INFO: At t=0949  Blue robot 2 go up to position (2,3)
INFO: At t=0950   Red robot 1 go down to position (2,7)
INFO: At t=0950   Red robot 1 pick up mail 2
INFO: At t=0951   Red robot 2 go down to position (6,6)
INFO: At t=0952  Blue robot 1 go down to position (4,2)
INFO: At t=0953  Blue robot 2 go up to position (2,2)
INFO: At t=0954   Red robot 1 go right to position (1,7)
INFO: At t=0955   Red robot 2 go down to position (6,7)
INFO: At t=0955   Red robot 2 pick up mail 3
INFO: At t=0956  Blue robot 1 go down to position (4,3)
INFO: At t=0957  Blue robot 2 go up to position (2,1)
INFO: At t=0958   Red robot 1 go up to position (1,6)
INFO: At t=0959   Red robot 2 go right to position (5,7)
INFO: At t=0960  Blue robot 1 go down to position (4,4)
INFO: At t=0961  Blue robot 2 go up to position (2,0)
INFO: At t=0961  Blue robot 2 drop off mail 4
INFO: At t=0962   Red robot 1 go up to position (1,5)
INFO: At t=0963   Red robot 2 go right to position (4,7)
INFO: At t=0964  Blue robot 1 go down to position (4,5)
INFO: At t=0965  Blue robot 2 go right to position (1,0)
INFO: At t=0966   Red robot 1 go up to position (1,4)
INFO: At t=0967   Red robot 2 go right to position (3,7)
INFO: At t=0968  Blue robot 1 go down to position (4,6)
INFO: At t=0969  Blue robot 2 go right to position (0,0)
INFO: At t=0970   Red robot 1 go up to position (1,3)
INFO: At t=0971   Red robot 2 go right to position (2,7)
INFO: At t=0972  Blue robot 1 go down to position (4,7)
INFO: At t=0972  Blue robot 1 pick up mail 3
INFO: At t=0973   Red robot 1 go up to position (1,2)
INFO: At t=0974   Red robot 2 go right to position (1,7)
INFO: At t=0975  Blue robot 1 go right to position (3,7)
INFO: At t=0976  Blue robot 2 go left to position (1,0)
INFO: At t=0977   Red robot 1 go up to position (1,1)
INFO: At t=0978   Red robot 2 go up to position (1,6)
INFO: At t=0979   Red robot 1 go right to position (0,1)
INFO: At t=0980   Red robot 2 go up to position (1,5)
INFO: At t=0981  Blue robot 2 go down to position (1,1)
INFO: At t=0982   Red robot 1 go up to position (0,0)
INFO: At t=0983   Red robot 2 go up to position (1,4)
INFO: At t=0984  Blue robot 2 go left to position (2,1)
INFO: At t=0985   Red robot 2 go up to position (1,3)
INFO: At t=0986  Blue robot 1 go right to position (2,7)
INFO: At t=0987  Blue robot 2 go down to position (2,2)
INFO: At t=0988   Red robot 1 go down to position (0,1)
INFO: At t=0989   Red robot 2 go right to position (0,3)
INFO: At t=0990  Blue robot 1 go right to position (1,7)
INFO: At t=0991  Blue robot 2 go down to position (2,3)
INFO: At t=0992   Red robot 1 go left to position (1,1)
INFO: At t=0993   Red robot 2 go up to position (0,2)
INFO: At t=0993   Red robot 2 drop off mail 3
INFO: At t=0994  Blue robot 2 go down to position (2,4)
INFO: At t=0995   Red robot 1 go down to position (1,2)
INFO: At t=0996   Red robot 2 go up to position (0,1)
INFO: At t=0997  Blue robot 1 go up to position (1,6)
INFO: At t=0998  Blue robot 2 go down to position (2,5)
INFO: At t=0999   Red robot 1 go down to position (1,3)
INFO: At t=1000   Red robot 2 go up to position (0,0)
INFO: At t=1001  Blue robot 1 go up to position (1,5)
INFO: At t=1002  Blue robot 2 go down to position (2,6)
INFO: At t=1003   Red robot 1 go right to position (0,3)
INFO: At t=1004  Blue robot 1 go up to position (1,4)
INFO: At t=1005  Blue robot 2 go down to position (2,7)
INFO: At t=1005  Blue robot 2 pick up mail 1
INFO: At t=1006   Red robot 1 go down to position (0,4)
INFO: At t=1006   Red robot 1 drop off mail 2
INFO: At t=1007   Red robot 2 go left to position (1,0)
INFO: At t=1008  Blue robot 1 go up to position (1,3)
INFO: At t=1009  Blue robot 2 go right to position (1,7)
INFO: At t=1010   Red robot 1 go left to position (1,4)
INFO: At t=1011   Red robot 2 go down to position (1,1)
INFO: At t=1012  Blue robot 2 go right to position (0,7)
INFO: At t=1013   Red robot 1 go left to position (2,4)
INFO: At t=1014   Red robot 2 go left to position (2,1)
INFO: At t=1015  Blue robot 1 go up to position (1,2)
INFO: At t=1016  Blue robot 2 go up to position (0,6)
INFO: At t=1016  Blue robot 2 drop off mail 1
INFO: At t=1017   Red robot 1 go down to position (2,5)
INFO: At t=1018   Red robot 2 go down to position (2,2)
INFO: At t=1019  Blue robot 1 go up to position (1,1)
INFO: At t=1020  Blue robot 2 go left to position (1,6)
INFO: At t=1021   Red robot 1 go down to position (2,6)
INFO: At t=1022   Red robot 2 go down to position (2,3)
INFO: At t=1023  Blue robot 1 go right to position (0,1)
INFO: At t=1024  Blue robot 2 go down to position (1,7)
INFO: At t=1025   Red robot 1 go down to position (2,7)
INFO: At t=1025   Red robot 1 pick up mail 5
INFO: At t=1026   Red robot 2 go down to position (2,4)
INFO: At t=1027  Blue robot 1 go up to position (0,0)
INFO: At t=1028   Red robot 1 go left to position (3,7)
INFO: At t=1029   Red robot 2 go down to position (2,5)
INFO: At t=1030  Blue robot 2 go left to position (2,7)
INFO: At t=1030  Blue robot 2 pick up mail 8
INFO: At t=1031   Red robot 1 go left to position (4,7)
INFO: At t=1032   Red robot 2 go down to position (2,6)
INFO: At t=1033  Blue robot 2 go left to position (3,7)
INFO: At t=1034   Red robot 1 go left to position (5,7)
INFO: At t=1035   Red robot 2 go down to position (2,7)
INFO: At t=1035   Red robot 2 pick up mail 9
INFO: At t=1036  Blue robot 1 go down to position (0,1)
INFO: At t=1037  Blue robot 2 go left to position (4,7)
INFO: At t=1038   Red robot 1 go left to position (6,7)
INFO: At t=1039   Red robot 2 go left to position (3,7)
INFO: At t=1040  Blue robot 1 go down to position (0,2)
INFO: At t=1040  Blue robot 1 drop off mail 3
INFO: At t=1041  Blue robot 2 go left to position (5,7)
INFO: At t=1042   Red robot 1 go up to position (6,6)
INFO: At t=1043   Red robot 2 go left to position (4,7)
INFO: At t=1044  Blue robot 1 go left to position (1,2)
INFO: At t=1045  Blue robot 2 go left to position (6,7)
INFO: At t=1046   Red robot 1 go up to position (6,5)
INFO: At t=1047   Red robot 2 go left to position (5,7)
INFO: At t=1048  Blue robot 1 go left to position (2,2)
INFO: At t=1049  Blue robot 2 go left to position (7,7)
INFO: At t=1050   Red robot 1 go up to position (6,4)
INFO: At t=1051   Red robot 2 go left to position (6,7)
INFO: At t=1052  Blue robot 1 go down to position (2,3)
INFO: At t=1053  Blue robot 2 go up to position (7,6)
INFO: At t=1054   Red robot 1 go up to position (6,3)
INFO: At t=1055   Red robot 2 go left to position (7,7)
INFO: At t=1056  Blue robot 1 go down to position (2,4)
INFO: At t=1057  Blue robot 2 go up to position (7,5)
INFO: At t=1058   Red robot 1 go up to position (6,2)
INFO: At t=1059   Red robot 2 go left to position (8,7)
INFO: At t=1060  Blue robot 1 go down to position (2,5)
INFO: At t=1061  Blue robot 2 go left to position (8,5)
INFO: At t=1062   Red robot 1 go up to position (6,1)
INFO: At t=1063   Red robot 2 go up to position (8,6)
INFO: At t=1063   Red robot 2 drop off mail 9
INFO: At t=1064  Blue robot 1 go down to position (2,6)
INFO: At t=1065  Blue robot 2 go up to position (8,4)
INFO: At t=1065  Blue robot 2 drop off mail 8
INFO: At t=1066   Red robot 1 go up to position (6,0)
INFO: At t=1066   Red robot 1 drop off mail 5
INFO: At t=1067   Red robot 2 go right to position (7,6)
INFO: At t=1068  Blue robot 1 go down to position (2,7)
INFO: At t=1068  Blue robot 1 pick up mail 2
INFO: At t=1069  Blue robot 2 go right to position (7,4)
INFO: At t=1070   Red robot 1 go down to position (6,1)
INFO: At t=1071   Red robot 2 go right to position (6,6)
INFO: At t=1072  Blue robot 1 go right to position (1,7)
INFO: At t=1073  Blue robot 2 go down to position (7,5)
INFO: At t=1074   Red robot 1 go down to position (6,2)
INFO: At t=1075   Red robot 2 go down to position (6,7)
INFO: At t=1075   Red robot 2 pick up mail 5
INFO: At t=1076  Blue robot 1 go up to position (1,6)
INFO: At t=1077  Blue robot 2 go right to position (6,5)
INFO: At t=1078   Red robot 1 go down to position (6,3)
INFO: At t=1079   Red robot 2 go up to position (6,6)
INFO: At t=1080  Blue robot 1 go up to position (1,5)
INFO: At t=1081  Blue robot 2 go left to position (7,5)
INFO: At t=1082   Red robot 1 go down to position (6,4)
INFO: At t=1083   Red robot 2 go up to position (6,5)
INFO: At t=1084  Blue robot 1 go right to position (0,5)
INFO: At t=1085  Blue robot 2 go down to position (7,6)
INFO: At t=1086   Red robot 1 go right to position (5,4)
INFO: At t=1087   Red robot 2 go up to position (6,4)
INFO: At t=1088  Blue robot 1 go up to position (0,4)
INFO: At t=1088  Blue robot 1 drop off mail 2
INFO: At t=1089  Blue robot 2 go right to position (6,6)
INFO: At t=1090   Red robot 1 go down to position (5,5)
INFO: At t=1091   Red robot 2 go up to position (6,3)
INFO: At t=1092  Blue robot 1 go left to position (1,4)
INFO: At t=1093  Blue robot 2 go down to position (6,7)
INFO: At t=1093  Blue robot 2 pick up mail 7
INFO: At t=1094   Red robot 1 go left to position (6,5)
INFO: At t=1095   Red robot 2 go up to position (6,2)
INFO: At t=1096  Blue robot 1 go left to position (2,4)
INFO: At t=1097  Blue robot 2 go right to position (5,7)
INFO: At t=1098   Red robot 1 go down to position (6,6)
INFO: At t=1099   Red robot 2 go up to position (6,1)
INFO: At t=1100  Blue robot 1 go down to position (2,5)
INFO: At t=1101  Blue robot 2 go right to position (4,7)
INFO: At t=1102   Red robot 1 go down to position (6,7)
INFO: At t=1102   Red robot 1 pick up mail 1
INFO: At t=1103   Red robot 2 go up to position (6,0)
INFO: At t=1103   Red robot 2 drop off mail 5
INFO: At t=1104  Blue robot 1 go down to position (2,6)
INFO: At t=1105  Blue robot 2 go up to position (4,6)
INFO: At t=1106   Red robot 1 go right to position (5,7)
INFO: At t=1107   Red robot 2 go down to position (6,1)
INFO: At t=1108  Blue robot 1 go down to position (2,7)
INFO: At t=1108  Blue robot 1 pick up mail 3
INFO: At t=1109  Blue robot 2 go up to position (4,5)
INFO: At t=1110   Red robot 1 go right to position (4,7)
INFO: At t=1111   Red robot 2 go down to position (6,2)
INFO: At t=1112  Blue robot 1 go right to position (1,7)
INFO: At t=1113  Blue robot 2 go up to position (4,4)
INFO: At t=1114   Red robot 1 go right to position (3,7)
INFO: At t=1115   Red robot 2 go down to position (6,3)
INFO: At t=1116  Blue robot 1 go up to position (1,6)
INFO: At t=1117  Blue robot 2 go up to position (4,3)
INFO: At t=1118   Red robot 1 go right to position (2,7)
INFO: At t=1119   Red robot 2 go down to position (6,4)
INFO: At t=1120  Blue robot 1 go up to position (1,5)
INFO: At t=1121  Blue robot 2 go up to position (4,2)
INFO: At t=1122   Red robot 1 go right to position (1,7)
INFO: At t=1123   Red robot 2 go down to position (6,5)
INFO: At t=1124  Blue robot 1 go up to position (1,4)
INFO: At t=1125  Blue robot 2 go up to position (4,1)
INFO: At t=1126   Red robot 1 go right to position (0,7)
INFO: At t=1127   Red robot 2 go down to position (6,6)
INFO: At t=1128  Blue robot 1 go up to position (1,3)
INFO: At t=1129  Blue robot 2 go up to position (4,0)
INFO: At t=1129  Blue robot 2 drop off mail 7
INFO: At t=1130   Red robot 1 go up to position (0,6)
INFO: At t=1130   Red robot 1 drop off mail 1
INFO: At t=1131   Red robot 2 go down to position (6,7)
INFO: At t=1131   Red robot 2 pick up mail 2
INFO: At t=1132  Blue robot 1 go right to position (0,3)
INFO: At t=1133  Blue robot 2 go down to position (4,1)
INFO: At t=1134   Red robot 1 go left to position (1,6)
INFO: At t=1135   Red robot 2 go right to position (5,7)
INFO: At t=1136  Blue robot 1 go up to position (0,2)
INFO: At t=1136  Blue robot 1 drop off mail 3
INFO: At t=1137  Blue robot 2 go down to position (4,2)
INFO: At t=1138   Red robot 1 go left to position (2,6)
INFO: At t=1139   Red robot 2 go right to position (4,7)
INFO: At t=1140  Blue robot 1 go left to position (1,2)
INFO: At t=1141  Blue robot 2 go down to position (4,3)
INFO: At t=1142   Red robot 1 go down to position (2,7)
INFO: At t=1142   Red robot 1 pick up mail 1
INFO: At t=1143   Red robot 2 go right to position (3,7)
INFO: At t=1144  Blue robot 1 go left to position (2,2)
INFO: At t=1145  Blue robot 2 go down to position (4,4)
INFO: At t=1146   Red robot 1 go right to position (1,7)
INFO: At t=1147   Red robot 2 go right to position (2,7)
INFO: At t=1148  Blue robot 1 go down to position (2,3)
INFO: At t=1149  Blue robot 2 go down to position (4,5)
INFO: At t=1150   Red robot 1 go up to position (1,6)
INFO: At t=1151   Red robot 2 go up to position (2,6)
INFO: At t=1152  Blue robot 1 go down to position (2,4)
INFO: At t=1153  Blue robot 2 go down to position (4,6)
INFO: At t=1154   Red robot 1 go up to position (1,5)
INFO: At t=1155   Red robot 2 go up to position (2,5)
INFO: At t=1156  Blue robot 1 go left to position (3,4)
INFO: At t=1157  Blue robot 2 go down to position (4,7)
INFO: At t=1157  Blue robot 2 pick up mail 8
INFO: At t=1158   Red robot 1 go up to position (1,4)
INFO: At t=1159   Red robot 2 go right to position (1,5)
INFO: At t=1160  Blue robot 1 go right to position (2,4)
INFO: At t=1161  Blue robot 2 go left to position (5,7)
INFO: At t=1162   Red robot 1 go up to position (1,3)
INFO: At t=1163   Red robot 2 go right to position (0,5)
INFO: At t=1164  Blue robot 1 go down to position (2,5)
INFO: At t=1165  Blue robot 2 go left to position (6,7)
INFO: At t=1166   Red robot 1 go up to position (1,2)
INFO: At t=1167   Red robot 2 go up to position (0,4)
INFO: At t=1167   Red robot 2 drop off mail 2
INFO: At t=1168  Blue robot 1 go down to position (2,6)
INFO: At t=1169  Blue robot 2 go left to position (7,7)
INFO: At t=1170   Red robot 1 go up to position (1,1)
INFO: At t=1171   Red robot 2 go left to position (1,4)
INFO: At t=1172  Blue robot 1 go down to position (2,7)
INFO: At t=1172  Blue robot 1 pick up mail 4
INFO: At t=1173  Blue robot 2 go up to position (7,6)
INFO: At t=1174   Red robot 1 go right to position (0,1)
INFO: At t=1175   Red robot 2 go left to position (2,4)
INFO: At t=1176  Blue robot 1 go up to position (2,6)
INFO: At t=1177  Blue robot 2 go up to position (7,5)
INFO: At t=1178   Red robot 1 go up to position (0,0)
INFO: At t=1179   Red robot 2 go down to position (2,5)
INFO: At t=1180  Blue robot 1 go left to position (3,6)
INFO: At t=1181  Blue robot 2 go left to position (8,5)
INFO: At t=1182   Red robot 2 go down to position (2,6)
INFO: At t=1183  Blue robot 1 go up to position (3,5)
INFO: At t=1184  Blue robot 2 go up to position (8,4)
INFO: At t=1184  Blue robot 2 drop off mail 8
INFO: At t=1185   Red robot 1 go down to position (0,1)
INFO: At t=1186   Red robot 2 go down to position (2,7)
INFO: At t=1186   Red robot 2 pick up mail 8
INFO: At t=1187  Blue robot 1 go right to position (2,5)
INFO: At t=1188  Blue robot 2 go right to position (7,4)
INFO: At t=1189   Red robot 1 go left to position (1,1)
INFO: At t=1190   Red robot 2 go left to position (3,7)
INFO: At t=1191  Blue robot 1 go up to position (2,4)
INFO: At t=1192  Blue robot 2 go right to position (6,4)
INFO: At t=1193   Red robot 1 go down to position (1,2)
INFO: At t=1194   Red robot 2 go left to position (4,7)
INFO: At t=1195  Blue robot 1 go up to position (2,3)
INFO: At t=1196  Blue robot 2 go down to position (6,5)
INFO: At t=1197   Red robot 1 go down to position (1,3)
INFO: At t=1198   Red robot 2 go left to position (5,7)
INFO: At t=1199  Blue robot 1 go up to position (2,2)
INFO: At t=1200  Blue robot 2 go down to position (6,6)
INFO: At t=1201   Red robot 1 go down to position (1,4)
INFO: At t=1202   Red robot 2 go up to position (5,6)
INFO: At t=1203  Blue robot 1 go up to position (2,1)
INFO: At t=1204  Blue robot 2 go down to position (6,7)
INFO: At t=1204  Blue robot 2 pick up mail 4
INFO: At t=1205   Red robot 1 go down to position (1,5)
INFO: At t=1206   Red robot 2 go left to position (6,6)
INFO: At t=1207  Blue robot 1 go up to position (2,0)
INFO: At t=1207  Blue robot 1 drop off mail 4
INFO: At t=1208  Blue robot 2 go left to position (7,7)
INFO: At t=1209   Red robot 1 go right to position (0,5)
INFO: At t=1210   Red robot 2 go left to position (7,6)
INFO: At t=1211  Blue robot 1 go down to position (2,1)
INFO: At t=1212  Blue robot 2 go right to position (6,7)
INFO: At t=1213   Red robot 1 go down to position (0,6)
INFO: At t=1213   Red robot 1 drop off mail 1
INFO: At t=1214   Red robot 2 go up to position (7,5)
INFO: At t=1215  Blue robot 1 go down to position (2,2)
INFO: At t=1216  Blue robot 2 go up to position (6,6)
INFO: At t=1217   Red robot 1 go left to position (1,6)
INFO: At t=1218   Red robot 2 go left to position (8,5)
INFO: At t=1219  Blue robot 1 go down to position (2,3)
INFO: At t=1220  Blue robot 2 go left to position (7,6)
INFO: At t=1221   Red robot 1 go left to position (2,6)
INFO: At t=1222   Red robot 2 go up to position (8,4)
INFO: At t=1222   Red robot 2 drop off mail 8
INFO: At t=1223  Blue robot 1 go down to position (2,4)
INFO: At t=1224  Blue robot 2 go up to position (7,5)
INFO: At t=1225   Red robot 1 go down to position (2,7)
INFO: At t=1225   Red robot 1 pick up mail 3
INFO: At t=1226   Red robot 2 go up to position (8,3)
INFO: At t=1227  Blue robot 1 go down to position (2,5)
INFO: At t=1228  Blue robot 2 go up to position (7,4)
INFO: At t=1229   Red robot 1 go right to position (1,7)
INFO: At t=1230   Red robot 2 go right to position (7,3)
INFO: At t=1231  Blue robot 1 go down to position (2,6)
INFO: At t=1232  Blue robot 2 go right to position (6,4)
INFO: At t=1233   Red robot 1 go up to position (1,6)
INFO: At t=1234   Red robot 2 go up to position (7,2)
INFO: At t=1235  Blue robot 1 go down to position (2,7)
INFO: At t=1235  Blue robot 1 pick up mail 7
INFO: At t=1236  Blue robot 2 go up to position (6,3)
INFO: At t=1237   Red robot 1 go up to position (1,5)
INFO: At t=1238   Red robot 2 go up to position (7,1)
INFO: At t=1239  Blue robot 1 go left to position (3,7)
INFO: At t=1240   Red robot 1 go up to position (1,4)
INFO: At t=1241   Red robot 2 go left to position (8,1)
INFO: At t=1242  Blue robot 1 go left to position (4,7)
INFO: At t=1243  Blue robot 2 go left to position (7,3)
INFO: At t=1244   Red robot 1 go up to position (1,3)
INFO: At t=1245   Red robot 2 go up to position (8,0)
INFO: At t=1246  Blue robot 1 go up to position (4,6)
INFO: At t=1247  Blue robot 2 go up to position (7,2)
INFO: At t=1248   Red robot 1 go right to position (0,3)
INFO: At t=1249  Blue robot 1 go up to position (4,5)
INFO: At t=1250  Blue robot 2 go up to position (7,1)
INFO: At t=1251   Red robot 1 go up to position (0,2)
INFO: At t=1251   Red robot 1 drop off mail 3
INFO: At t=1252  Blue robot 1 go up to position (4,4)
INFO: At t=1253  Blue robot 2 go left to position (8,1)
INFO: At t=1254   Red robot 1 go left to position (1,2)
INFO: At t=1255   Red robot 2 go right to position (7,0)
INFO: At t=1256  Blue robot 1 go up to position (4,3)
INFO: At t=1257  Blue robot 2 go up to position (8,0)
INFO: At t=1258   Red robot 1 go left to position (2,2)
INFO: At t=1259   Red robot 2 go down to position (7,1)
INFO: At t=1260  Blue robot 1 go up to position (4,2)
INFO: At t=1261   Red robot 1 go down to position (2,3)
INFO: At t=1262   Red robot 2 go right to position (6,1)
INFO: At t=1263  Blue robot 1 go up to position (4,1)
INFO: At t=1264  Blue robot 2 go right to position (7,0)
INFO: At t=1265   Red robot 1 go down to position (2,4)
INFO: At t=1266   Red robot 2 go down to position (6,2)
INFO: At t=1267  Blue robot 1 go up to position (4,0)
INFO: At t=1267  Blue robot 1 drop off mail 7
INFO: At t=1268  Blue robot 2 go down to position (7,1)
INFO: At t=1269   Red robot 1 go down to position (2,5)
INFO: At t=1270   Red robot 2 go down to position (6,3)
INFO: At t=1271  Blue robot 1 go down to position (4,1)
INFO: At t=1272  Blue robot 2 go right to position (6,1)
INFO: At t=1273   Red robot 1 go down to position (2,6)
INFO: At t=1274   Red robot 2 go down to position (6,4)
INFO: At t=1275  Blue robot 1 go down to position (4,2)
INFO: At t=1276  Blue robot 2 go right to position (5,1)
INFO: At t=1277   Red robot 1 go down to position (2,7)
INFO: At t=1277   Red robot 1 pick up mail 9
INFO: At t=1278   Red robot 2 go down to position (6,5)
INFO: At t=1279  Blue robot 1 go down to position (4,3)
INFO: At t=1280  Blue robot 2 go right to position (4,1)
INFO: At t=1281   Red robot 1 go left to position (3,7)
INFO: At t=1282   Red robot 2 go down to position (6,6)
INFO: At t=1283  Blue robot 1 go down to position (4,4)
INFO: At t=1284  Blue robot 2 go right to position (3,1)
INFO: At t=1285   Red robot 1 go left to position (4,7)
INFO: At t=1286   Red robot 2 go down to position (6,7)
INFO: At t=1286   Red robot 2 pick up mail 1
INFO: At t=1287  Blue robot 1 go down to position (4,5)
INFO: At t=1288  Blue robot 2 go right to position (2,1)
INFO: At t=1289   Red robot 1 go left to position (5,7)
INFO: At t=1290   Red robot 2 go up to position (6,6)
INFO: At t=1291  Blue robot 1 go down to position (4,6)
INFO: At t=1292  Blue robot 2 go up to position (2,0)
INFO: At t=1292  Blue robot 2 drop off mail 4
INFO: At t=1293   Red robot 1 go left to position (6,7)
INFO: At t=1294   Red robot 2 go right to position (5,6)
INFO: At t=1295  Blue robot 1 go down to position (4,7)
INFO: At t=1295  Blue robot 1 pick up mail 4
INFO: At t=1296  Blue robot 2 go down to position (2,1)
INFO: At t=1297   Red robot 1 go left to position (7,7)
INFO: At t=1298   Red robot 2 go right to position (4,6)
INFO: At t=1299  Blue robot 1 go right to position (3,7)
INFO: At t=1300  Blue robot 2 go down to position (2,2)
INFO: At t=1301   Red robot 1 go left to position (8,7)
INFO: At t=1302   Red robot 2 go right to position (3,6)
INFO: At t=1303  Blue robot 1 go right to position (2,7)
INFO: At t=1304  Blue robot 2 go down to position (2,3)
INFO: At t=1305   Red robot 1 go up to position (8,6)
INFO: At t=1305   Red robot 1 drop off mail 9
INFO: At t=1306   Red robot 2 go right to position (2,6)
INFO: At t=1307  Blue robot 1 go right to position (1,7)
INFO: At t=1308  Blue robot 2 go down to position (2,4)
INFO: At t=1309   Red robot 1 go right to position (7,6)
INFO: At t=1310   Red robot 2 go right to position (1,6)
INFO: At t=1311  Blue robot 1 go left to position (2,7)
INFO: At t=1312  Blue robot 2 go down to position (2,5)
INFO: At t=1313   Red robot 1 go right to position (6,6)
INFO: At t=1314   Red robot 2 go right to position (0,6)
INFO: At t=1314   Red robot 2 drop off mail 1
INFO: At t=1315  Blue robot 1 go right to position (1,7)
INFO: At t=1316  Blue robot 2 go down to position (2,6)
INFO: At t=1317   Red robot 1 go down to position (6,7)
INFO: At t=1317   Red robot 1 pick up mail 5
INFO: At t=1318   Red robot 2 go left to position (1,6)
INFO: At t=1319  Blue robot 1 go left to position (2,7)
INFO: At t=1320   Red robot 1 go up to position (6,6)
INFO: At t=1321   Red robot 2 go down to position (1,7)
INFO: At t=1322  Blue robot 1 go left to position (3,7)
INFO: At t=1323  Blue robot 2 go down to position (2,7)
INFO: At t=1323  Blue robot 2 pick up mail 8
INFO: At t=1324   Red robot 1 go up to position (6,5)
INFO: At t=1325  Blue robot 1 go up to position (3,6)
INFO: At t=1326  Blue robot 2 go left to position (3,7)
INFO: At t=1327   Red robot 1 go up to position (6,4)
INFO: At t=1328   Red robot 2 go left to position (2,7)
INFO: At t=1328   Red robot 2 pick up mail 4
INFO: At t=1329  Blue robot 1 go right to position (2,6)
INFO: At t=1330  Blue robot 2 go left to position (4,7)
INFO: At t=1331   Red robot 1 go up to position (6,3)
INFO: At t=1332   Red robot 2 go left to position (3,7)
INFO: At t=1333  Blue robot 1 go up to position (2,5)
INFO: At t=1334  Blue robot 2 go left to position (5,7)
INFO: At t=1335   Red robot 1 go up to position (6,2)
INFO: At t=1336   Red robot 2 go up to position (3,6)
INFO: At t=1337  Blue robot 1 go right to position (1,5)
INFO: At t=1338  Blue robot 2 go left to position (6,7)
INFO: At t=1339   Red robot 1 go up to position (6,1)
INFO: At t=1340   Red robot 2 go right to position (2,6)
INFO: At t=1341  Blue robot 1 go up to position (1,4)
INFO: At t=1342  Blue robot 2 go left to position (7,7)
INFO: At t=1343   Red robot 1 go up to position (6,0)
INFO: At t=1343   Red robot 1 drop off mail 5
INFO: At t=1344   Red robot 2 go up to position (2,5)
INFO: At t=1345  Blue robot 1 go up to position (1,3)
INFO: At t=1346  Blue robot 2 go up to position (7,6)
INFO: At t=1347   Red robot 1 go down to position (6,1)
INFO: At t=1348   Red robot 2 go up to position (2,4)
INFO: At t=1349  Blue robot 1 go up to position (1,2)
INFO: At t=1350  Blue robot 2 go up to position (7,5)
INFO: At t=1351   Red robot 1 go down to position (6,2)
INFO: At t=1352   Red robot 2 go up to position (2,3)
INFO: At t=1353  Blue robot 1 go up to position (1,1)
INFO: At t=1354  Blue robot 2 go left to position (8,5)
INFO: At t=1355   Red robot 1 go down to position (6,3)
INFO: At t=1356   Red robot 2 go up to position (2,2)
INFO: At t=1357  Blue robot 1 go right to position (0,1)
INFO: At t=1358  Blue robot 2 go up to position (8,4)
INFO: At t=1358  Blue robot 2 drop off mail 8
INFO: At t=1359   Red robot 1 go down to position (6,4)
INFO: At t=1360   Red robot 2 go up to position (2,1)
INFO: At t=1361  Blue robot 1 go up to position (0,0)
INFO: At t=1362  Blue robot 2 go right to position (7,4)
INFO: At t=1363   Red robot 1 go down to position (6,5)
INFO: At t=1364   Red robot 2 go up to position (2,0)
INFO: At t=1364   Red robot 2 drop off mail 4
INFO: At t=1365  Blue robot 2 go down to position (7,5)
INFO: At t=1366   Red robot 1 go down to position (6,6)
INFO: At t=1367   Red robot 2 go down to position (2,1)
INFO: At t=1368  Blue robot 1 go left to position (1,0)
INFO: At t=1369  Blue robot 2 go down to position (7,6)
INFO: At t=1370   Red robot 1 go down to position (6,7)
INFO: At t=1370   Red robot 1 pick up mail 9
INFO: At t=1371   Red robot 2 go down to position (2,2)
INFO: At t=1372  Blue robot 1 go left to position (2,0)
INFO: At t=1372  Blue robot 1 drop off mail 4
INFO: At t=1373  Blue robot 2 go right to position (6,6)
INFO: At t=1374   Red robot 1 go left to position (7,7)
INFO: At t=1375   Red robot 2 go down to position (2,3)
INFO: At t=1376  Blue robot 1 go down to position (2,1)
INFO: At t=1377  Blue robot 2 go down to position (6,7)
INFO: At t=1377  Blue robot 2 pick up mail 2
INFO: At t=1378   Red robot 1 go left to position (8,7)
INFO: At t=1379   Red robot 2 go down to position (2,4)
INFO: At t=1380  Blue robot 1 go down to position (2,2)
INFO: At t=1381  Blue robot 2 go right to position (5,7)
INFO: At t=1382   Red robot 1 go up to position (8,6)
INFO: At t=1382   Red robot 1 drop off mail 9
INFO: At t=1383   Red robot 2 go down to position (2,5)
INFO: At t=1384  Blue robot 1 go down to position (2,3)
INFO: At t=1385  Blue robot 2 go right to position (4,7)
INFO: At t=1386   Red robot 1 go up to position (8,5)
INFO: At t=1387   Red robot 2 go down to position (2,6)
INFO: At t=1388  Blue robot 1 go down to position (2,4)
INFO: At t=1389  Blue robot 2 go right to position (3,7)
INFO: At t=1390   Red robot 1 go right to position (7,5)
INFO: At t=1391   Red robot 2 go down to position (2,7)
INFO: At t=1391   Red robot 2 pick up mail 3
INFO: At t=1392  Blue robot 1 go down to position (2,5)
INFO: At t=1393  Blue robot 2 go up to position (3,6)
INFO: At t=1394   Red robot 1 go up to position (7,4)
INFO: At t=1395   Red robot 2 go right to position (1,7)
INFO: At t=1396  Blue robot 1 go down to position (2,6)
INFO: At t=1397  Blue robot 2 go up to position (3,5)
INFO: At t=1398   Red robot 1 go up to position (7,3)
INFO: At t=1399   Red robot 2 go up to position (1,6)
INFO: At t=1400  Blue robot 1 go down to position (2,7)
INFO: At t=1400  Blue robot 1 pick up mail 9
INFO: At t=1401  Blue robot 2 go right to position (2,5)
INFO: At t=1402   Red robot 1 go up to position (7,2)
INFO: At t=1403   Red robot 2 go up to position (1,5)
INFO: At t=1404  Blue robot 1 go left to position (3,7)
INFO: At t=1405  Blue robot 2 go up to position (2,4)
INFO: At t=1406   Red robot 1 go up to position (7,1)
INFO: At t=1407   Red robot 2 go up to position (1,4)
INFO: At t=1408  Blue robot 1 go left to position (4,7)
INFO: At t=1409  Blue robot 2 go down to position (2,5)
INFO: At t=1410   Red robot 1 go left to position (8,1)
INFO: At t=1411   Red robot 2 go up to position (1,3)
INFO: At t=1412  Blue robot 1 go left to position (5,7)
INFO: At t=1413  Blue robot 2 go right to position (1,5)
INFO: At t=1414   Red robot 1 go up to position (8,0)
INFO: At t=1415   Red robot 2 go right to position (0,3)
INFO: At t=1416  Blue robot 1 go left to position (6,7)
INFO: At t=1417  Blue robot 2 go right to position (0,5)
INFO: At t=1418   Red robot 2 go up to position (0,2)
INFO: At t=1418   Red robot 2 drop off mail 3
INFO: At t=1419  Blue robot 1 go left to position (7,7)
INFO: At t=1420  Blue robot 2 go up to position (0,4)
INFO: At t=1420  Blue robot 2 drop off mail 2
INFO: At t=1421   Red robot 1 go right to position (7,0)
INFO: At t=1422   Red robot 2 go left to position (1,2)
INFO: At t=1423  Blue robot 1 go left to position (8,7)
INFO: At t=1424  Blue robot 2 go left to position (1,4)
INFO: At t=1425   Red robot 1 go down to position (7,1)
INFO: At t=1426   Red robot 2 go left to position (2,2)
INFO: At t=1427  Blue robot 1 go up to position (8,6)
INFO: At t=1427  Blue robot 1 drop off mail 9
INFO: At t=1428  Blue robot 2 go left to position (2,4)
INFO: At t=1429   Red robot 1 go right to position (6,1)
INFO: At t=1430   Red robot 2 go down to position (2,3)
INFO: At t=1431  Blue robot 1 go right to position (7,6)
INFO: At t=1432  Blue robot 2 go down to position (2,5)
INFO: At t=1433   Red robot 1 go down to position (6,2)
INFO: At t=1434   Red robot 2 go down to position (2,4)
INFO: At t=1435  Blue robot 1 go right to position (6,6)
INFO: At t=1436  Blue robot 2 go down to position (2,6)
INFO: At t=1437   Red robot 1 go down to position (6,3)
INFO: At t=1438   Red robot 2 go down to position (2,5)
INFO: At t=1439  Blue robot 1 go down to position (6,7)
INFO: At t=1439  Blue robot 1 pick up mail 5
INFO: At t=1440  Blue robot 2 go down to position (2,7)
INFO: At t=1440  Blue robot 2 pick up mail 2
INFO: At t=1441   Red robot 1 go down to position (6,4)
INFO: At t=1442   Red robot 2 go down to position (2,6)
INFO: At t=1443  Blue robot 1 go up to position (6,6)
INFO: At t=1444  Blue robot 2 go right to position (1,7)
INFO: At t=1445   Red robot 1 go down to position (6,5)
INFO: At t=1446   Red robot 2 go down to position (2,7)
INFO: At t=1446   Red robot 2 pick up mail 2
INFO: At t=1447  Blue robot 1 go left to position (7,6)
INFO: At t=1448  Blue robot 2 go up to position (1,6)
INFO: At t=1449   Red robot 1 go down to position (6,6)
INFO: At t=1450   Red robot 2 go up to position (2,6)
INFO: At t=1451  Blue robot 1 go up to position (7,5)
INFO: At t=1452  Blue robot 2 go up to position (1,5)
INFO: At t=1453   Red robot 1 go down to position (6,7)
INFO: At t=1453   Red robot 1 pick up mail 3
INFO: At t=1454   Red robot 2 go up to position (2,5)
INFO: At t=1455  Blue robot 1 go right to position (6,5)
INFO: At t=1456  Blue robot 2 go up to position (1,4)
INFO: At t=1457   Red robot 1 go right to position (5,7)
INFO: At t=1458   Red robot 2 go right to position (1,5)
INFO: At t=1459  Blue robot 1 go up to position (6,4)
INFO: At t=1460  Blue robot 2 go up to position (1,3)
INFO: At t=1461   Red robot 1 go right to position (4,7)
INFO: At t=1462   Red robot 2 go right to position (0,5)
INFO: At t=1463  Blue robot 1 go up to position (6,3)
INFO: At t=1464  Blue robot 2 go up to position (1,2)
INFO: At t=1465   Red robot 1 go right to position (3,7)
INFO: At t=1466   Red robot 2 go up to position (0,4)
INFO: At t=1466   Red robot 2 drop off mail 2
INFO: At t=1467  Blue robot 1 go up to position (6,2)
INFO: At t=1468  Blue robot 2 go up to position (1,1)
INFO: At t=1469   Red robot 1 go right to position (2,7)
INFO: At t=1470   Red robot 2 go left to position (1,4)
INFO: At t=1471  Blue robot 1 go up to position (6,1)
INFO: At t=1472  Blue robot 2 go right to position (0,1)
INFO: At t=1473   Red robot 1 go up to position (2,6)
INFO: At t=1474   Red robot 2 go down to position (1,5)
INFO: At t=1475  Blue robot 1 go up to position (6,0)
INFO: At t=1475  Blue robot 1 drop off mail 5
INFO: At t=1476  Blue robot 2 go up to position (0,0)
INFO: At t=1477   Red robot 1 go up to position (2,5)
INFO: At t=1478   Red robot 2 go down to position (1,6)
INFO: At t=1479  Blue robot 1 go down to position (6,1)
INFO: At t=1480   Red robot 1 go right to position (1,5)
INFO: At t=1481   Red robot 2 go left to position (2,6)
INFO: At t=1482  Blue robot 1 go down to position (6,2)
INFO: At t=1483  Blue robot 2 go down to position (0,1)
INFO: At t=1484   Red robot 1 go up to position (1,4)
INFO: At t=1485   Red robot 2 go down to position (2,7)
INFO: At t=1485   Red robot 2 pick up mail 4
INFO: At t=1486  Blue robot 1 go down to position (6,3)
INFO: At t=1487  Blue robot 2 go left to position (1,1)
INFO: At t=1488   Red robot 1 go up to position (1,3)
INFO: At t=1489   Red robot 2 go up to position (2,6)
INFO: At t=1490  Blue robot 1 go down to position (6,4)
INFO: At t=1491  Blue robot 2 go down to position (1,2)
INFO: At t=1492   Red robot 1 go right to position (0,3)
INFO: At t=1493   Red robot 2 go up to position (2,5)
INFO: At t=1494  Blue robot 1 go down to position (6,5)
INFO: At t=1495  Blue robot 2 go down to position (1,3)
INFO: At t=1496   Red robot 1 go up to position (0,2)
INFO: At t=1496   Red robot 1 drop off mail 3
INFO: At t=1497   Red robot 2 go up to position (2,4)
INFO: At t=1498  Blue robot 1 go down to position (6,6)
INFO: At t=1499  Blue robot 2 go right to position (0,3)
INFO: At t=1500   Red robot 1 go left to position (1,2)
INFO: At t=1501   Red robot 2 go up to position (2,3)
INFO: At t=1502  Blue robot 1 go down to position (6,7)
INFO: At t=1502  Blue robot 1 pick up mail 6
INFO: At t=1503  Blue robot 2 go down to position (0,4)
INFO: At t=1503  Blue robot 2 drop off mail 2
INFO: At t=1504   Red robot 1 go down to position (1,3)
INFO: At t=1505   Red robot 2 go up to position (2,2)
INFO: At t=1506  Blue robot 1 go left to position (7,7)
INFO: At t=1507  Blue robot 2 go left to position (1,4)
INFO: At t=1508   Red robot 1 go left to position (2,3)
INFO: At t=1509   Red robot 2 go up to position (2,1)
INFO: At t=1510  Blue robot 1 go up to position (7,6)
INFO: At t=1511  Blue robot 2 go left to position (2,4)
INFO: At t=1512   Red robot 1 go left to position (3,3)
INFO: At t=1513   Red robot 2 go up to position (2,0)
INFO: At t=1513   Red robot 2 drop off mail 4
INFO: At t=1514  Blue robot 1 go up to position (7,5)
INFO: At t=1515  Blue robot 2 go down to position (2,5)
INFO: At t=1516 Player r win
