INFO: At t=0000   Red robot 1 go down to position (3,4)
INFO: At t=0001   Red robot 2 go right to position (2,5)
INFO: At t=0002  Blue robot 1 go down to position (2,3)
INFO: At t=0003  Blue robot 2 go right to position (1,4)
INFO: At t=0004   Red robot 1 go down to position (3,5)
INFO: At t=0005   Red robot 2 go down to position (2,6)
INFO: At t=0006  Blue robot 1 go down to position (2,4)
INFO: At t=0007  Blue robot 2 go down to position (1,5)
INFO: At t=0008   Red robot 1 go down to position (3,6)
INFO: At t=0009   Red robot 2 go down to position (2,7)
INFO: At t=0009   Red robot 2 pick up mail 7
INFO: At t=0010  Blue robot 1 go down to position (2,5)
INFO: At t=0011  Blue robot 2 go down to position (1,6)
INFO: At t=0012   Red robot 1 go right to position (2,6)
INFO: At t=0013   Red robot 2 go left to position (3,7)
INFO: At t=0014  Blue robot 2 go down to position (1,7)
INFO: At t=0015   Red robot 1 go down to position (2,7)
INFO: At t=0015   Red robot 1 pick up mail 9
INFO: At t=0016   Red robot 2 go left to position (4,7)
INFO: At t=0017  Blue robot 1 go down to position (2,6)
INFO: At t=0018   Red robot 1 go left to position (3,7)
INFO: At t=0019   Red robot 2 go up to position (4,6)
INFO: At t=0020  Blue robot 1 go down to position (2,7)
INFO: At t=0020  Blue robot 1 pick up mail 3
INFO: At t=0021   Red robot 1 go left to position (4,7)
INFO: At t=0022   Red robot 2 go up to position (4,5)
INFO: At t=0023  Blue robot 1 go up to position (2,6)
INFO: At t=0024  Blue robot 2 go left to position (2,7)
INFO: At t=0024  Blue robot 2 pick up mail 8
INFO: At t=0025   Red robot 1 go left to position (5,7)
INFO: At t=0026   Red robot 2 go up to position (4,4)
INFO: At t=0027  Blue robot 1 go up to position (2,5)
INFO: At t=0028  Blue robot 2 go left to position (3,7)
INFO: At t=0029   Red robot 1 go left to position (6,7)
INFO: At t=0030   Red robot 2 go up to position (4,3)
INFO: At t=0031  Blue robot 1 go right to position (1,5)
INFO: At t=0032  Blue robot 2 go left to position (4,7)
INFO: At t=0033   Red robot 1 go left to position (7,7)
INFO: At t=0034   Red robot 2 go up to position (4,2)
INFO: At t=0035  Blue robot 1 go up to position (1,4)
INFO: At t=0036  Blue robot 2 go left to position (5,7)
INFO: At t=0037   Red robot 1 go left to position (8,7)
INFO: At t=0038   Red robot 2 go up to position (4,1)
INFO: At t=0039  Blue robot 1 go up to position (1,3)
INFO: At t=0040  Blue robot 2 go left to position (6,7)
INFO: At t=0041   Red robot 1 go up to position (8,6)
INFO: At t=0041   Red robot 1 drop off mail 9
INFO: At t=0042   Red robot 2 go up to position (4,0)
INFO: At t=0042   Red robot 2 drop off mail 7
INFO: At t=0043  Blue robot 1 go right to position (0,3)
INFO: At t=0044  Blue robot 2 go left to position (7,7)
INFO: At t=0045   Red robot 1 go right to position (7,6)
INFO: At t=0046   Red robot 2 go down to position (4,1)
INFO: At t=0047  Blue robot 1 go up to position (0,2)
INFO: At t=0047  Blue robot 1 drop off mail 3
INFO: At t=0048  Blue robot 2 go right to position (6,7)
INFO: At t=0049   Red robot 1 go right to position (6,6)
INFO: At t=0050   Red robot 2 go down to position (4,2)
INFO: At t=0051  Blue robot 1 go left to position (1,2)
INFO: At t=0052  Blue robot 2 go left to position (7,7)
INFO: At t=0053   Red robot 1 go down to position (6,7)
INFO: At t=0053   Red robot 1 pick up mail 4
INFO: At t=0054   Red robot 2 go down to position (4,3)
INFO: At t=0055  Blue robot 1 go left to position (2,2)
INFO: At t=0056  Blue robot 2 go up to position (7,6)
INFO: At t=0057   Red robot 1 go up to position (6,6)
INFO: At t=0058   Red robot 2 go down to position (4,4)
INFO: At t=0059  Blue robot 1 go down to position (2,3)
INFO: At t=0060  Blue robot 2 go up to position (7,5)
INFO: At t=0061   Red robot 1 go right to position (5,6)
INFO: At t=0062   Red robot 2 go down to position (4,5)
INFO: At t=0063  Blue robot 1 go down to position (2,4)
INFO: At t=0064  Blue robot 2 go left to position (8,5)
INFO: At t=0065   Red robot 1 go up to position (5,5)
INFO: At t=0066   Red robot 2 go down to position (4,6)
INFO: At t=0067  Blue robot 1 go down to position (2,5)
INFO: At t=0068  Blue robot 2 go up to position (8,4)
INFO: At t=0068  Blue robot 2 drop off mail 8
INFO: At t=0069   Red robot 1 go right to position (4,5)
INFO: At t=0070   Red robot 2 go down to position (4,7)
INFO: At t=0070   Red robot 2 pick up mail 9
INFO: At t=0071  Blue robot 1 go down to position (2,6)
INFO: At t=0072  Blue robot 2 go right to position (7,4)
INFO: At t=0073   Red robot 1 go right to position (3,5)
INFO: At t=0074   Red robot 2 go left to position (5,7)
INFO: At t=0075  Blue robot 1 go down to position (2,7)
INFO: At t=0075  Blue robot 1 pick up mail 5
INFO: At t=0076  Blue robot 2 go right to position (6,4)
INFO: At t=0077   Red robot 1 go right to position (2,5)
INFO: At t=0078   Red robot 2 go left to position (6,7)
INFO: At t=0079  Blue robot 1 go left to position (3,7)
INFO: At t=0080  Blue robot 2 go down to position (6,5)
INFO: At t=0081   Red robot 1 go up to position (2,4)
INFO: At t=0082   Red robot 2 go left to position (7,7)
INFO: At t=0083  Blue robot 1 go left to position (4,7)
INFO: At t=0084  Blue robot 2 go down to position (6,6)
INFO: At t=0085   Red robot 1 go up to position (2,3)
INFO: At t=0086   Red robot 2 go left to position (8,7)
INFO: At t=0087  Blue robot 1 go left to position (5,7)
INFO: At t=0088  Blue robot 2 go down to position (6,7)
INFO: At t=0088  Blue robot 2 pick up mail 7
INFO: At t=0089   Red robot 1 go up to position (2,2)
INFO: At t=0090   Red robot 2 go up to position (8,6)
INFO: At t=0090   Red robot 2 drop off mail 9
INFO: At t=0091  Blue robot 1 go up to position (5,6)
INFO: At t=0092  Blue robot 2 go right to position (5,7)
INFO: At t=0093   Red robot 1 go up to position (2,1)
INFO: At t=0094   Red robot 2 go right to position (7,6)
INFO: At t=0095  Blue robot 1 go left to position (6,6)
INFO: At t=0096  Blue robot 2 go right to position (4,7)
INFO: At t=0097   Red robot 1 go up to position (2,0)
INFO: At t=0097   Red robot 1 drop off mail 4
INFO: At t=0098   Red robot 2 go down to position (7,7)
INFO: At t=0099  Blue robot 1 go up to position (6,5)
INFO: At t=0100  Blue robot 2 go up to position (4,6)
INFO: At t=0101   Red robot 1 go down to position (2,1)
INFO: At t=0102   Red robot 2 go right to position (6,7)
INFO: At t=0102   Red robot 2 pick up mail 4
INFO: At t=0103  Blue robot 1 go up to position (6,4)
INFO: At t=0104  Blue robot 2 go up to position (4,5)
INFO: At t=0105   Red robot 1 go down to position (2,2)
INFO: At t=0106   Red robot 2 go right to position (5,7)
INFO: At t=0107  Blue robot 1 go up to position (6,3)
INFO: At t=0108  Blue robot 2 go up to position (4,4)
INFO: At t=0109   Red robot 1 go down to position (2,3)
INFO: At t=0110   Red robot 2 go right to position (4,7)
INFO: At t=0111  Blue robot 1 go up to position (6,2)
INFO: At t=0112  Blue robot 2 go up to position (4,3)
INFO: At t=0113   Red robot 1 go down to position (2,4)
INFO: At t=0114   Red robot 2 go right to position (3,7)
INFO: At t=0115  Blue robot 1 go up to position (6,1)
INFO: At t=0116  Blue robot 2 go up to position (4,2)
INFO: At t=0117   Red robot 1 go down to position (2,5)
INFO: At t=0118   Red robot 2 go up to position (3,6)
INFO: At t=0119  Blue robot 1 go up to position (6,0)
INFO: At t=0119  Blue robot 1 drop off mail 5
INFO: At t=0120  Blue robot 2 go up to position (4,1)
INFO: At t=0121   Red robot 1 go down to position (2,6)
INFO: At t=0122   Red robot 2 go up to position (3,5)
INFO: At t=0123  Blue robot 1 go down to position (6,1)
INFO: At t=0124  Blue robot 2 go up to position (4,0)
INFO: At t=0124  Blue robot 2 drop off mail 7
INFO: At t=0125   Red robot 1 go down to position (2,7)
INFO: At t=0125   Red robot 1 pick up mail 5
INFO: At t=0126   Red robot 2 go right to position (2,5)
INFO: At t=0127  Blue robot 1 go down to position (6,2)
INFO: At t=0128  Blue robot 2 go down to position (4,1)
INFO: At t=0129   Red robot 1 go left to position (3,7)
INFO: At t=0130   Red robot 2 go up to position (2,4)
INFO: At t=0131  Blue robot 1 go down to position (6,3)
INFO: At t=0132  Blue robot 2 go down to position (4,2)
INFO: At t=0133   Red robot 1 go left to position (4,7)
INFO: At t=0134   Red robot 2 go up to position (2,3)
INFO: At t=0135  Blue robot 1 go down to position (6,4)
INFO: At t=0136  Blue robot 2 go down to position (4,3)
INFO: At t=0137   Red robot 1 go left to position (5,7)
INFO: At t=0138   Red robot 2 go up to position (2,2)
INFO: At t=0139  Blue robot 1 go down to position (6,5)
INFO: At t=0140  Blue robot 2 go down to position (4,4)
INFO: At t=0141   Red robot 1 go up to position (5,6)
INFO: At t=0142   Red robot 2 go up to position (2,1)
INFO: At t=0143  Blue robot 1 go down to position (6,6)
INFO: At t=0144  Blue robot 2 go down to position (4,5)
INFO: At t=0145   Red robot 1 go up to position (5,5)
INFO: At t=0146   Red robot 2 go up to position (2,0)
INFO: At t=0146   Red robot 2 drop off mail 4
INFO: At t=0147  Blue robot 1 go down to position (6,7)
INFO: At t=0147  Blue robot 1 pick up mail 7
INFO: At t=0148  Blue robot 2 go down to position (4,6)
INFO: At t=0149   Red robot 1 go left to position (6,5)
INFO: At t=0150   Red robot 2 go down to position (2,1)
INFO: At t=0151  Blue robot 1 go right to position (5,7)
INFO: At t=0152  Blue robot 2 go down to position (4,7)
INFO: At t=0152  Blue robot 2 pick up mail 3
INFO: At t=0153   Red robot 1 go up to position (6,4)
INFO: At t=0154   Red robot 2 go down to position (2,2)
INFO: At t=0155  Blue robot 1 go up to position (5,6)
INFO: At t=0156  Blue robot 2 go right to position (3,7)
INFO: At t=0157   Red robot 1 go up to position (6,3)
INFO: At t=0158   Red robot 2 go down to position (2,3)
INFO: At t=0159  Blue robot 1 go right to position (4,6)
INFO: At t=0160  Blue robot 2 go up to position (3,6)
INFO: At t=0161   Red robot 1 go up to position (6,2)
INFO: At t=0162   Red robot 2 go down to position (2,4)
INFO: At t=0163  Blue robot 1 go up to position (4,5)
INFO: At t=0164  Blue robot 2 go right to position (2,6)
INFO: At t=0165   Red robot 1 go up to position (6,1)
INFO: At t=0166   Red robot 2 go down to position (2,5)
INFO: At t=0167  Blue robot 1 go up to position (4,4)
INFO: At t=0168  Blue robot 2 go right to position (1,6)
INFO: At t=0169   Red robot 1 go up to position (6,0)
INFO: At t=0169   Red robot 1 drop off mail 5
INFO: At t=0170   Red robot 2 go down to position (2,6)
INFO: At t=0171  Blue robot 1 go up to position (4,3)
INFO: At t=0172  Blue robot 2 go up to position (1,5)
INFO: At t=0173   Red robot 1 go down to position (6,1)
INFO: At t=0174   Red robot 2 go down to position (2,7)
INFO: At t=0174   Red robot 2 pick up mail 5
INFO: At t=0175  Blue robot 1 go up to position (4,2)
INFO: At t=0176  Blue robot 2 go up to position (1,4)
INFO: At t=0177   Red robot 1 go down to position (6,2)
INFO: At t=0178   Red robot 2 go up to position (2,6)
INFO: At t=0179  Blue robot 1 go up to position (4,1)
INFO: At t=0180  Blue robot 2 go up to position (1,3)
INFO: At t=0181   Red robot 1 go down to position (6,3)
INFO: At t=0182   Red robot 2 go left to position (3,6)
INFO: At t=0183  Blue robot 1 go up to position (4,0)
INFO: At t=0183  Blue robot 1 drop off mail 7
INFO: At t=0184  Blue robot 2 go right to position (0,3)
INFO: At t=0185   Red robot 1 go down to position (6,4)
INFO: At t=0186   Red robot 2 go left to position (4,6)
INFO: At t=0187  Blue robot 1 go down to position (4,1)
INFO: At t=0188  Blue robot 2 go up to position (0,2)
INFO: At t=0188  Blue robot 2 drop off mail 3
INFO: At t=0189   Red robot 1 go down to position (6,5)
INFO: At t=0190   Red robot 2 go left to position (5,6)
INFO: At t=0191  Blue robot 1 go down to position (4,2)
INFO: At t=0192  Blue robot 2 go left to position (1,2)
INFO: At t=0193   Red robot 1 go down to position (6,6)
INFO: At t=0194   Red robot 2 go up to position (5,5)
INFO: At t=0195  Blue robot 1 go down to position (4,3)
INFO: At t=0196  Blue robot 2 go left to position (2,2)
INFO: At t=0197   Red robot 1 go down to position (6,7)
INFO: At t=0197   Red robot 1 pick up mail 8
INFO: At t=0198   Red robot 2 go left to position (6,5)
INFO: At t=0199  Blue robot 1 go down to position (4,4)
INFO: At t=0200  Blue robot 2 go down to position (2,3)
INFO: At t=0201   Red robot 1 go left to position (7,7)
INFO: At t=0202   Red robot 2 go up to position (6,4)
INFO: At t=0203  Blue robot 1 go down to position (4,5)
INFO: At t=0204  Blue robot 2 go down to position (2,4)
INFO: At t=0205   Red robot 1 go up to position (7,6)
INFO: At t=0206   Red robot 2 go up to position (6,3)
INFO: At t=0207  Blue robot 1 go down to position (4,6)
INFO: At t=0208  Blue robot 2 go down to position (2,5)
INFO: At t=0209   Red robot 1 go up to position (7,5)
INFO: At t=0210   Red robot 2 go up to position (6,2)
INFO: At t=0211  Blue robot 1 go down to position (4,7)
INFO: At t=0211  Blue robot 1 pick up mail 8
INFO: At t=0212  Blue robot 2 go down to position (2,6)
INFO: At t=0213   Red robot 1 go left to position (8,5)
INFO: At t=0214   Red robot 2 go up to position (6,1)
INFO: At t=0215  Blue robot 1 go left to position (5,7)
INFO: At t=0216  Blue robot 2 go down to position (2,7)
INFO: At t=0216  Blue robot 2 pick up mail 4
INFO: At t=0217   Red robot 1 go up to position (8,4)
INFO: At t=0217   Red robot 1 drop off mail 8
INFO: At t=0218   Red robot 2 go up to position (6,0)
INFO: At t=0218   Red robot 2 drop off mail 5
INFO: At t=0219  Blue robot 1 go left to position (6,7)
INFO: At t=0220  Blue robot 2 go up to position (2,6)
INFO: At t=0221   Red robot 1 go right to position (7,4)
INFO: At t=0222   Red robot 2 go down to position (6,1)
INFO: At t=0223  Blue robot 1 go left to position (7,7)
INFO: At t=0224  Blue robot 2 go up to position (2,5)
INFO: At t=0225   Red robot 1 go right to position (6,4)
INFO: At t=0226   Red robot 2 go down to position (6,2)
INFO: At t=0227  Blue robot 1 go up to position (7,6)
INFO: At t=0228  Blue robot 2 go up to position (2,4)
INFO: At t=0229   Red robot 1 go down to position (6,5)
INFO: At t=0230   Red robot 2 go down to position (6,3)
INFO: At t=0231  Blue robot 1 go up to position (7,5)
INFO: At t=0232  Blue robot 2 go up to position (2,3)
INFO: At t=0233   Red robot 1 go down to position (6,6)
INFO: At t=0234   Red robot 2 go down to position (6,4)
INFO: At t=0235  Blue robot 1 go left to position (8,5)
INFO: At t=0236  Blue robot 2 go up to position (2,2)
INFO: At t=0237   Red robot 1 go down to position (6,7)
INFO: At t=0237   Red robot 1 pick up mail 5
INFO: At t=0238   Red robot 2 go down to position (6,5)
INFO: At t=0239  Blue robot 1 go up to position (8,4)
INFO: At t=0239  Blue robot 1 drop off mail 8
INFO: At t=0240  Blue robot 2 go up to position (2,1)
INFO: At t=0241   Red robot 1 go up to position (6,6)
INFO: At t=0242   Red robot 2 go left to position (7,5)
INFO: At t=0243  Blue robot 1 go right to position (7,4)
INFO: At t=0244  Blue robot 2 go up to position (2,0)
INFO: At t=0244  Blue robot 2 drop off mail 4
INFO: At t=0245   Red robot 1 go up to position (6,5)
INFO: At t=0246   Red robot 2 go down to position (7,6)
INFO: At t=0247  Blue robot 1 go right to position (6,4)
INFO: At t=0248  Blue robot 2 go down to position (2,1)
INFO: At t=0249   Red robot 1 go left to position (7,5)
INFO: At t=0250   Red robot 2 go right to position (6,6)
INFO: At t=0251  Blue robot 1 go down to position (6,5)
INFO: At t=0252  Blue robot 2 go down to position (2,2)
INFO: At t=0253   Red robot 1 go up to position (7,4)
INFO: At t=0254   Red robot 2 go down to position (6,7)
INFO: At t=0254   Red robot 2 pick up mail 1
INFO: At t=0255  Blue robot 1 go down to position (6,6)
INFO: At t=0256  Blue robot 2 go down to position (2,3)
INFO: At t=0257   Red robot 1 go right to position (6,4)
INFO: At t=0258   Red robot 2 go right to position (5,7)
INFO: At t=0259  Blue robot 1 go down to position (6,7)
INFO: At t=0259  Blue robot 1 pick up mail 9
INFO: At t=0260  Blue robot 2 go down to position (2,4)
INFO: At t=0261   Red robot 1 go up to position (6,3)
INFO: At t=0262   Red robot 2 go right to position (4,7)
INFO: At t=0263  Blue robot 1 go left to position (7,7)
INFO: At t=0264  Blue robot 2 go down to position (2,5)
INFO: At t=0265   Red robot 1 go up to position (6,2)
INFO: At t=0266   Red robot 2 go right to position (3,7)
INFO: At t=0267  Blue robot 1 go left to position (8,7)
INFO: At t=0268  Blue robot 2 go down to position (2,6)
INFO: At t=0269   Red robot 1 go up to position (6,1)
INFO: At t=0270   Red robot 2 go right to position (2,7)
INFO: At t=0271  Blue robot 1 go up to position (8,6)
INFO: At t=0271  Blue robot 1 drop off mail 9
INFO: At t=0272   Red robot 1 go up to position (6,0)
INFO: At t=0272   Red robot 1 drop off mail 5
INFO: At t=0273   Red robot 2 go right to position (1,7)
INFO: At t=0274  Blue robot 1 go right to position (7,6)
INFO: At t=0275  Blue robot 2 go down to position (2,7)
INFO: At t=0275  Blue robot 2 pick up mail 8
INFO: At t=0276   Red robot 1 go left to position (7,0)
INFO: At t=0277   Red robot 2 go right to position (0,7)
INFO: At t=0278  Blue robot 1 go right to position (6,6)
INFO: At t=0279  Blue robot 2 go left to position (3,7)
INFO: At t=0280   Red robot 1 go left to position (8,0)
INFO: At t=0281   Red robot 2 go up to position (0,6)
INFO: At t=0281   Red robot 2 drop off mail 1
INFO: At t=0282  Blue robot 1 go down to position (6,7)
INFO: At t=0282  Blue robot 1 pick up mail 3
INFO: At t=0283  Blue robot 2 go left to position (4,7)
INFO: At t=0284   Red robot 2 go up to position (0,5)
INFO: At t=0285  Blue robot 1 go left to position (7,7)
INFO: At t=0286  Blue robot 2 go left to position (5,7)
INFO: At t=0287   Red robot 1 go right to position (7,0)
INFO: At t=0288   Red robot 2 go left to position (1,5)
INFO: At t=0289  Blue robot 1 go up to position (7,6)
INFO: At t=0290  Blue robot 2 go left to position (6,7)
INFO: At t=0291   Red robot 1 go down to position (7,1)
INFO: At t=0292   Red robot 2 go up to position (1,4)
INFO: At t=0293  Blue robot 2 go up to position (6,6)
INFO: At t=0294   Red robot 1 go right to position (6,1)
INFO: At t=0295   Red robot 2 go up to position (1,3)
INFO: At t=0296  Blue robot 1 go up to position (7,5)
INFO: At t=0297  Blue robot 2 go up to position (6,5)
INFO: At t=0298   Red robot 1 go down to position (6,2)
INFO: At t=0299   Red robot 2 go up to position (1,2)
INFO: At t=0300  Blue robot 1 go up to position (7,4)
INFO: At t=0301  Blue robot 2 go left to position (7,5)
INFO: At t=0302   Red robot 1 go down to position (6,3)
INFO: At t=0303   Red robot 2 go up to position (1,1)
INFO: At t=0304  Blue robot 1 go up to position (7,3)
INFO: At t=0305  Blue robot 2 go left to position (8,5)
INFO: At t=0306   Red robot 1 go down to position (6,4)
INFO: At t=0307   Red robot 2 go right to position (0,1)
INFO: At t=0308  Blue robot 1 go up to position (7,2)
INFO: At t=0309  Blue robot 2 go up to position (8,4)
INFO: At t=0309  Blue robot 2 drop off mail 8
INFO: At t=0310   Red robot 1 go down to position (6,5)
INFO: At t=0311   Red robot 2 go up to position (0,0)
INFO: At t=0312  Blue robot 1 go up to position (7,1)
INFO: At t=0313   Red robot 1 go down to position (6,6)
INFO: At t=0314  Blue robot 1 go left to position (8,1)
INFO: At t=0315  Blue robot 2 go up to position (8,3)
INFO: At t=0316   Red robot 1 go down to position (6,7)
INFO: At t=0316   Red robot 1 pick up mail 9
INFO: At t=0317   Red robot 2 go left to position (1,0)
INFO: At t=0318  Blue robot 1 go up to position (8,0)
INFO: At t=0319  Blue robot 2 go right to position (7,3)
INFO: At t=0320   Red robot 1 go left to position (7,7)
INFO: At t=0321   Red robot 2 go down to position (1,1)
INFO: At t=0322  Blue robot 2 go up to position (7,2)
INFO: At t=0323   Red robot 1 go left to position (8,7)
INFO: At t=0324   Red robot 2 go left to position (2,1)
INFO: At t=0325  Blue robot 1 go right to position (7,0)
INFO: At t=0326  Blue robot 2 go up to position (7,1)
INFO: At t=0327   Red robot 1 go up to position (8,6)
INFO: At t=0327   Red robot 1 drop off mail 9
INFO: At t=0328   Red robot 2 go down to position (2,2)
INFO: At t=0329  Blue robot 2 go left to position (8,1)
INFO: At t=0330   Red robot 1 go right to position (7,6)
INFO: At t=0331   Red robot 2 go down to position (2,3)
INFO: At t=0332  Blue robot 1 go down to position (7,1)
INFO: At t=0333  Blue robot 2 go up to position (8,0)
INFO: At t=0334   Red robot 1 go right to position (6,6)
INFO: At t=0335   Red robot 2 go down to position (2,4)
INFO: At t=0336  Blue robot 1 go right to position (6,1)
INFO: At t=0337   Red robot 1 go down to position (6,7)
INFO: At t=0337   Red robot 1 pick up mail 5
INFO: At t=0338   Red robot 2 go down to position (2,5)
INFO: At t=0339  Blue robot 1 go right to position (5,1)
INFO: At t=0340  Blue robot 2 go right to position (7,0)
INFO: At t=0341   Red robot 1 go up to position (6,6)
INFO: At t=0342   Red robot 2 go down to position (2,6)
INFO: At t=0343  Blue robot 1 go right to position (4,1)
INFO: At t=0344  Blue robot 2 go down to position (7,1)
INFO: At t=0345   Red robot 1 go up to position (6,5)
INFO: At t=0346   Red robot 2 go down to position (2,7)
INFO: At t=0346   Red robot 2 pick up mail 9
INFO: At t=0347  Blue robot 1 go right to position (3,1)
INFO: At t=0348  Blue robot 2 go down to position (7,2)
INFO: At t=0349   Red robot 1 go up to position (6,4)
INFO: At t=0350   Red robot 2 go left to position (3,7)
INFO: At t=0351  Blue robot 1 go right to position (2,1)
INFO: At t=0352  Blue robot 2 go down to position (7,3)
INFO: At t=0353   Red robot 1 go up to position (6,3)
INFO: At t=0354   Red robot 2 go left to position (4,7)
INFO: At t=0355  Blue robot 1 go right to position (1,1)
INFO: At t=0356  Blue robot 2 go down to position (7,4)
INFO: At t=0357   Red robot 1 go up to position (6,2)
INFO: At t=0358   Red robot 2 go left to position (5,7)
INFO: At t=0359  Blue robot 1 go right to position (0,1)
INFO: At t=0360  Blue robot 2 go right to position (6,4)
INFO: At t=0361   Red robot 1 go up to position (6,1)
INFO: At t=0362   Red robot 2 go left to position (6,7)
INFO: At t=0363  Blue robot 1 go down to position (0,2)
INFO: At t=0363  Blue robot 1 drop off mail 3
INFO: At t=0364  Blue robot 2 go down to position (6,5)
INFO: At t=0365   Red robot 1 go up to position (6,0)
INFO: At t=0365   Red robot 1 drop off mail 5
INFO: At t=0366   Red robot 2 go left to position (7,7)
INFO: At t=0367  Blue robot 1 go left to position (1,2)
INFO: At t=0368  Blue robot 2 go down to position (6,6)
INFO: At t=0369   Red robot 1 go down to position (6,1)
INFO: At t=0370   Red robot 2 go left to position (8,7)
INFO: At t=0371  Blue robot 1 go left to position (2,2)
INFO: At t=0372  Blue robot 2 go down to position (6,7)
INFO: At t=0372  Blue robot 2 pick up mail 4
INFO: At t=0373   Red robot 1 go down to position (6,2)
INFO: At t=0374   Red robot 2 go up to position (8,6)
INFO: At t=0374   Red robot 2 drop off mail 9
INFO: At t=0375  Blue robot 1 go down to position (2,3)
INFO: At t=0376  Blue robot 2 go right to position (5,7)
INFO: At t=0377   Red robot 1 go down to position (6,3)
INFO: At t=0378   Red robot 2 go right to position (7,6)
INFO: At t=0379  Blue robot 1 go down to position (2,4)
INFO: At t=0380  Blue robot 2 go right to position (4,7)
INFO: At t=0381   Red robot 1 go down to position (6,4)
INFO: At t=0382   Red robot 2 go right to position (6,6)
INFO: At t=0383  Blue robot 1 go down to position (2,5)
INFO: At t=0384  Blue robot 2 go up to position (4,6)
INFO: At t=0385   Red robot 1 go down to position (6,5)
INFO: At t=0386   Red robot 2 go down to position (6,7)
INFO: At t=0386   Red robot 2 pick up mail 8
INFO: At t=0387  Blue robot 1 go down to position (2,6)
INFO: At t=0388  Blue robot 2 go right to position (3,6)
INFO: At t=0389   Red robot 1 go down to position (6,6)
INFO: At t=0390   Red robot 2 go left to position (7,7)
INFO: At t=0391  Blue robot 1 go down to position (2,7)
INFO: At t=0391  Blue robot 1 pick up mail 7
INFO: At t=0392  Blue robot 2 go right to position (2,6)
INFO: At t=0393   Red robot 1 go down to position (6,7)
INFO: At t=0393   Red robot 1 pick up mail 6
INFO: At t=0394   Red robot 2 go up to position (7,6)
INFO: At t=0395  Blue robot 1 go left to position (3,7)
INFO: At t=0396  Blue robot 2 go up to position (2,5)
INFO: At t=0397   Red robot 1 go up to position (6,6)
INFO: At t=0398   Red robot 2 go up to position (7,5)
INFO: At t=0399  Blue robot 1 go left to position (4,7)
INFO: At t=0400  Blue robot 2 go up to position (2,4)
INFO: At t=0401   Red robot 1 go up to position (6,5)
INFO: At t=0402   Red robot 2 go left to position (8,5)
INFO: At t=0403  Blue robot 1 go up to position (4,6)
INFO: At t=0404  Blue robot 2 go up to position (2,3)
INFO: At t=0405   Red robot 1 go left to position (7,5)
INFO: At t=0406   Red robot 2 go up to position (8,4)
INFO: At t=0406   Red robot 2 drop off mail 8
INFO: At t=0407  Blue robot 1 go up to position (4,5)
INFO: At t=0408  Blue robot 2 go up to position (2,2)
INFO: At t=0409   Red robot 1 go up to position (7,4)
INFO: At t=0410   Red robot 2 go down to position (8,5)
INFO: At t=0411  Blue robot 1 go up to position (4,4)
INFO: At t=0412  Blue robot 2 go up to position (2,1)
INFO: At t=0413   Red robot 1 go up to position (7,3)
INFO: At t=0414   Red robot 2 go right to position (7,5)
INFO: At t=0415  Blue robot 1 go up to position (4,3)
INFO: At t=0416  Blue robot 2 go up to position (2,0)
INFO: At t=0416  Blue robot 2 drop off mail 4
INFO: At t=0417   Red robot 1 go left to position (8,3)
INFO: At t=0418   Red robot 2 go right to position (6,5)
INFO: At t=0419  Blue robot 1 go up to position (4,2)
INFO: At t=0420  Blue robot 2 go down to position (2,1)
INFO: At t=0421   Red robot 1 go up to position (8,2)
INFO: At t=0421   Red robot 1 drop off mail 6
INFO: At t=0422   Red robot 2 go down to position (6,6)
INFO: At t=0423  Blue robot 1 go up to position (4,1)
INFO: At t=0424  Blue robot 2 go down to position (2,2)
INFO: At t=0425   Red robot 1 go right to position (7,2)
INFO: At t=0426   Red robot 2 go down to position (6,7)
INFO: At t=0426   Red robot 2 pick up mail 9
INFO: At t=0427  Blue robot 1 go up to position (4,0)
INFO: At t=0427  Blue robot 1 drop off mail 7
INFO: At t=0428  Blue robot 2 go down to position (2,3)
INFO: At t=0429   Red robot 1 go right to position (6,2)
INFO: At t=0430   Red robot 2 go left to position (7,7)
INFO: At t=0431  Blue robot 1 go down to position (4,1)
INFO: At t=0432  Blue robot 2 go down to position (2,4)
INFO: At t=0433   Red robot 1 go down to position (6,3)
INFO: At t=0434   Red robot 2 go left to position (8,7)
INFO: At t=0435  Blue robot 1 go down to position (4,2)
INFO: At t=0436  Blue robot 2 go down to position (2,5)
INFO: At t=0437   Red robot 1 go down to position (6,4)
INFO: At t=0438   Red robot 2 go up to position (8,6)
INFO: At t=0438   Red robot 2 drop off mail 9
INFO: At t=0439  Blue robot 1 go down to position (4,3)
INFO: At t=0440  Blue robot 2 go down to position (2,6)
INFO: At t=0441   Red robot 1 go down to position (6,5)
INFO: At t=0442   Red robot 2 go right to position (7,6)
INFO: At t=0443  Blue robot 1 go down to position (4,4)
INFO: At t=0444  Blue robot 2 go down to position (2,7)
INFO: At t=0444  Blue robot 2 pick up mail 8
INFO: At t=0445   Red robot 1 go down to position (6,6)
INFO: At t=0446   Red robot 2 go down to position (7,7)
INFO: At t=0447  Blue robot 1 go down to position (4,5)
INFO: At t=0448  Blue robot 2 go left to position (3,7)
INFO: At t=0449   Red robot 1 go down to position (6,7)
INFO: At t=0449   Red robot 1 pick up mail 1
INFO: At t=0450  Blue robot 1 go down to position (4,6)
INFO: At t=0451  Blue robot 2 go left to position (4,7)
INFO: At t=0452   Red robot 1 go right to position (5,7)
INFO: At t=0453   Red robot 2 go right to position (6,7)
INFO: At t=0453   Red robot 2 pick up mail 7
INFO: At t=0454  Blue robot 2 go right to position (3,7)
INFO: At t=0455   Red robot 1 go up to position (5,6)
INFO: At t=0456   Red robot 2 go up to position (6,6)
INFO: At t=0457  Blue robot 1 go down to position (4,7)
INFO: At t=0457  Blue robot 1 pick up mail 2
INFO: At t=0458  Blue robot 2 go up to position (3,6)
INFO: At t=0459   Red robot 1 go right to position (4,6)
INFO: At t=0460   Red robot 2 go right to position (5,6)
INFO: At t=0461  Blue robot 1 go right to position (3,7)
INFO: At t=0462  Blue robot 2 go up to position (3,5)
INFO: At t=0463   Red robot 1 go right to position (3,6)
INFO: At t=0464   Red robot 2 go right to position (4,6)
INFO: At t=0465  Blue robot 1 go right to position (2,7)
INFO: At t=0466  Blue robot 2 go left to position (4,5)
INFO: At t=0467   Red robot 1 go right to position (2,6)
INFO: At t=0468   Red robot 2 go left to position (5,6)
INFO: At t=0469  Blue robot 1 go right to position (1,7)
INFO: At t=0470  Blue robot 2 go left to position (5,5)
INFO: At t=0471   Red robot 1 go right to position (1,6)
INFO: At t=0472   Red robot 2 go right to position (4,6)
INFO: At t=0473  Blue robot 1 go left to position (2,7)
INFO: At t=0474  Blue robot 2 go left to position (6,5)
INFO: At t=0475   Red robot 1 go right to position (0,6)
INFO: At t=0475   Red robot 1 drop off mail 1
INFO: At t=0476   Red robot 2 go up to position (4,5)
INFO: At t=0477  Blue robot 1 go right to position (1,7)
INFO: At t=0478  Blue robot 2 go left to position (7,5)
INFO: At t=0479   Red robot 1 go left to position (1,6)
INFO: At t=0480   Red robot 2 go up to position (4,4)
INFO: At t=0481  Blue robot 1 go left to position (2,7)
INFO: At t=0482  Blue robot 2 go left to position (8,5)
INFO: At t=0483   Red robot 1 go left to position (2,6)
INFO: At t=0484   Red robot 2 go up to position (4,3)
INFO: At t=0485  Blue robot 1 go right to position (1,7)
INFO: At t=0486  Blue robot 2 go up to position (8,4)
INFO: At t=0486  Blue robot 2 drop off mail 8
INFO: At t=0487   Red robot 1 go down to position (2,7)
INFO: At t=0487   Red robot 1 pick up mail 1
INFO: At t=0488   Red robot 2 go up to position (4,2)
INFO: At t=0489  Blue robot 1 go up to position (1,6)
INFO: At t=0490  Blue robot 2 go right to position (7,4)
INFO: At t=0491   Red robot 1 go right to position (1,7)
INFO: At t=0492   Red robot 2 go up to position (4,1)
INFO: At t=0493  Blue robot 1 go up to position (1,5)
INFO: At t=0494  Blue robot 2 go right to position (6,4)
INFO: At t=0495   Red robot 1 go right to position (0,7)
INFO: At t=0496   Red robot 2 go up to position (4,0)
INFO: At t=0496   Red robot 2 drop off mail 7
INFO: At t=0497  Blue robot 1 go right to position (0,5)
INFO: At t=0498  Blue robot 2 go down to position (6,5)
INFO: At t=0499   Red robot 1 go up to position (0,6)
INFO: At t=0499   Red robot 1 drop off mail 1
INFO: At t=0500   Red robot 2 go right to position (3,0)
INFO: At t=0501  Blue robot 1 go up to position (0,4)
INFO: At t=0501  Blue robot 1 drop off mail 2
INFO: At t=0502  Blue robot 2 go down to position (6,6)
INFO: At t=0503   Red robot 1 go left to position (1,6)
INFO: At t=0504   Red robot 2 go down to position (3,1)
INFO: At t=0505  Blue robot 1 go left to position (1,4)
INFO: At t=0506  Blue robot 2 go down to position (6,7)
INFO: At t=0506  Blue robot 2 pick up mail 6
INFO: At t=0507   Red robot 1 go left to position (2,6)
INFO: At t=0508   Red robot 2 go right to position (2,1)
INFO: At t=0509  Blue robot 1 go down to position (1,5)
INFO: At t=0510  Blue robot 2 go left to position (7,7)
INFO: At t=0511   Red robot 1 go down to position (2,7)
INFO: At t=0511   Red robot 1 pick up mail 4
INFO: At t=0512   Red robot 2 go right to position (1,1)
INFO: At t=0513  Blue robot 1 go left to position (2,5)
INFO: At t=0514  Blue robot 2 go up to position (7,6)
INFO: At t=0515   Red robot 2 go right to position (0,1)
INFO: At t=0516  Blue robot 1 go down to position (2,6)
INFO: At t=0517  Blue robot 2 go up to position (7,5)
INFO: At t=0518   Red robot 1 go right to position (1,7)
INFO: At t=0519   Red robot 2 go up to position (0,0)
INFO: At t=0520  Blue robot 1 go down to position (2,7)
INFO: At t=0520  Blue robot 1 pick up mail 4
INFO: At t=0521  Blue robot 2 go up to position (7,4)
INFO: At t=0522   Red robot 1 go up to position (1,6)
INFO: At t=0523  Blue robot 1 go up to position (2,6)
INFO: At t=0524  Blue robot 2 go up to position (7,3)
INFO: At t=0525   Red robot 1 go up to position (1,5)
INFO: At t=0526   Red robot 2 go left to position (1,0)
INFO: At t=0527  Blue robot 1 go up to position (2,5)
INFO: At t=0528  Blue robot 2 go left to position (8,3)
INFO: At t=0529   Red robot 1 go up to position (1,4)
INFO: At t=0530   Red robot 2 go down to position (1,1)
INFO: At t=0531  Blue robot 1 go up to position (2,4)
INFO: At t=0532  Blue robot 2 go up to position (8,2)
INFO: At t=0532  Blue robot 2 drop off mail 6
INFO: At t=0533   Red robot 2 go left to position (2,1)
INFO: At t=0534  Blue robot 1 go up to position (2,3)
INFO: At t=0535  Blue robot 2 go up to position (8,1)
INFO: At t=0536   Red robot 1 go up to position (1,3)
INFO: At t=0537   Red robot 2 go down to position (2,2)
INFO: At t=0538  Blue robot 1 go left to position (3,3)
INFO: At t=0539  Blue robot 2 go up to position (8,0)
INFO: At t=0540   Red robot 1 go up to position (1,2)
INFO: At t=0541   Red robot 2 go down to position (2,3)
INFO: At t=0542  Blue robot 1 go up to position (3,2)
INFO: At t=0543   Red robot 1 go up to position (1,1)
INFO: At t=0544   Red robot 2 go down to position (2,4)
INFO: At t=0545  Blue robot 1 go right to position (2,2)
INFO: At t=0546  Blue robot 2 go right to position (7,0)
INFO: At t=0547   Red robot 1 go right to position (0,1)
INFO: At t=0548   Red robot 2 go down to position (2,5)
INFO: At t=0549  Blue robot 1 go up to position (2,1)
INFO: At t=0550  Blue robot 2 go down to position (7,1)
INFO: At t=0551   Red robot 1 go up to position (0,0)
INFO: At t=0552   Red robot 2 go down to position (2,6)
INFO: At t=0553  Blue robot 1 go up to position (2,0)
INFO: At t=0553  Blue robot 1 drop off mail 4
INFO: At t=0554  Blue robot 2 go right to position (6,1)
INFO: At t=0555   Red robot 2 go down to position (2,7)
INFO: At t=0555   Red robot 2 pick up mail 4
INFO: At t=0556  Blue robot 1 go right to position (1,0)
INFO: At t=0557  Blue robot 2 go down to position (6,2)
INFO: At t=0558   Red robot 1 go down to position (0,1)
INFO: At t=0559   Red robot 2 go up to position (2,6)
INFO: At t=0560  Blue robot 1 go right to position (0,0)
INFO: At t=0561  Blue robot 2 go down to position (6,3)
INFO: At t=0562   Red robot 1 go left to position (1,1)
INFO: At t=0563   Red robot 2 go up to position (2,5)
INFO: At t=0564  Blue robot 2 go down to position (6,4)
INFO: At t=0565   Red robot 1 go left to position (2,1)
INFO: At t=0566   Red robot 2 go up to position (2,4)
INFO: At t=0567  Blue robot 1 go left to position (1,0)
INFO: At t=0568  Blue robot 2 go down to position (6,5)
INFO: At t=0569   Red robot 1 go up to position (2,0)
INFO: At t=0569   Red robot 1 drop off mail 4
INFO: At t=0570   Red robot 2 go up to position (2,3)
INFO: At t=0571  Blue robot 1 go down to position (1,1)
INFO: At t=0572  Blue robot 2 go down to position (6,6)
INFO: At t=0573   Red robot 1 go down to position (2,1)
INFO: At t=0574   Red robot 2 go up to position (2,2)
INFO: At t=0575  Blue robot 1 go down to position (1,2)
INFO: At t=0576  Blue robot 2 go down to position (6,7)
INFO: At t=0576  Blue robot 2 pick up mail 8
INFO: At t=0577   Red robot 1 go left to position (3,1)
INFO: At t=0578   Red robot 2 go up to position (2,1)
INFO: At t=0579  Blue robot 1 go left to position (2,2)
INFO: At t=0580  Blue robot 2 go left to position (7,7)
INFO: At t=0581   Red robot 1 go down to position (3,2)
INFO: At t=0582   Red robot 2 go up to position (2,0)
INFO: At t=0582   Red robot 2 drop off mail 4
INFO: At t=0583  Blue robot 1 go down to position (2,3)
INFO: At t=0584  Blue robot 2 go up to position (7,6)
INFO: At t=0585   Red robot 1 go down to position (3,3)
INFO: At t=0586   Red robot 2 go down to position (2,1)
INFO: At t=0587  Blue robot 1 go down to position (2,4)
INFO: At t=0588  Blue robot 2 go up to position (7,5)
INFO: At t=0589   Red robot 1 go down to position (3,4)
INFO: At t=0590   Red robot 2 go down to position (2,2)
INFO: At t=0591  Blue robot 1 go down to position (2,5)
INFO: At t=0592  Blue robot 2 go left to position (8,5)
INFO: At t=0593   Red robot 1 go down to position (3,5)
INFO: At t=0594   Red robot 2 go down to position (2,3)
INFO: At t=0595  Blue robot 1 go down to position (2,6)
INFO: At t=0596  Blue robot 2 go up to position (8,4)
INFO: At t=0596  Blue robot 2 drop off mail 8
INFO: At t=0597   Red robot 1 go down to position (3,6)
INFO: At t=0598   Red robot 2 go down to position (2,4)
INFO: At t=0599  Blue robot 1 go down to position (2,7)
INFO: At t=0599  Blue robot 1 pick up mail 2
INFO: At t=0600  Blue robot 2 go right to position (7,4)
INFO: At t=0601   Red robot 1 go right to position (2,6)
INFO: At t=0602   Red robot 2 go down to position (2,5)
INFO: At t=0603  Blue robot 1 go right to position (1,7)
INFO: At t=0604  Blue robot 2 go right to position (6,4)
INFO: At t=0605   Red robot 1 go down to position (2,7)
INFO: At t=0605   Red robot 1 pick up mail 4
INFO: At t=0606   Red robot 2 go down to position (2,6)
INFO: At t=0607  Blue robot 1 go up to position (1,6)
INFO: At t=0608  Blue robot 2 go down to position (6,5)
INFO: At t=0609   Red robot 1 go left to position (3,7)
INFO: At t=0610   Red robot 2 go down to position (2,7)
INFO: At t=0610   Red robot 2 pick up mail 8
INFO: At t=0611  Blue robot 1 go up to position (1,5)
INFO: At t=0612  Blue robot 2 go down to position (6,6)
INFO: At t=0613   Red robot 1 go up to position (3,6)
INFO: At t=0614   Red robot 2 go left to position (3,7)
INFO: At t=0615  Blue robot 1 go right to position (0,5)
INFO: At t=0616  Blue robot 2 go down to position (6,7)
INFO: At t=0616  Blue robot 2 pick up mail 4
INFO: At t=0617   Red robot 1 go right to position (2,6)
INFO: At t=0618   Red robot 2 go left to position (4,7)
INFO: At t=0619  Blue robot 1 go up to position (0,4)
INFO: At t=0619  Blue robot 1 drop off mail 2
INFO: At t=0620  Blue robot 2 go right to position (5,7)
INFO: At t=0621   Red robot 1 go up to position (2,5)
INFO: At t=0622   Red robot 2 go up to position (4,6)
INFO: At t=0623  Blue robot 1 go left to position (1,4)
INFO: At t=0624  Blue robot 2 go right to position (4,7)
INFO: At t=0625   Red robot 1 go up to position (2,4)
INFO: At t=0626   Red robot 2 go left to position (5,6)
INFO: At t=0627  Blue robot 1 go down to position (1,5)
INFO: At t=0628  Blue robot 2 go right to position (3,7)
INFO: At t=0629   Red robot 1 go up to position (2,3)
INFO: At t=0630   Red robot 2 go left to position (6,6)
INFO: At t=0631  Blue robot 1 go left to position (2,5)
INFO: At t=0632  Blue robot 2 go up to position (3,6)
INFO: At t=0633   Red robot 1 go up to position (2,2)
INFO: At t=0634   Red robot 2 go left to position (7,6)
INFO: At t=0635  Blue robot 1 go down to position (2,6)
INFO: At t=0636  Blue robot 2 go up to position (3,5)
INFO: At t=0637   Red robot 1 go up to position (2,1)
INFO: At t=0638   Red robot 2 go up to position (7,5)
INFO: At t=0639  Blue robot 1 go down to position (2,7)
INFO: At t=0639  Blue robot 1 pick up mail 7
INFO: At t=0640  Blue robot 2 go up to position (3,4)
INFO: At t=0641   Red robot 1 go up to position (2,0)
INFO: At t=0641   Red robot 1 drop off mail 4
INFO: At t=0642   Red robot 2 go left to position (8,5)
INFO: At t=0643  Blue robot 1 go left to position (3,7)
INFO: At t=0644  Blue robot 2 go right to position (2,4)
INFO: At t=0645   Red robot 1 go down to position (2,1)
INFO: At t=0646   Red robot 2 go up to position (8,4)
INFO: At t=0646   Red robot 2 drop off mail 8
INFO: At t=0647  Blue robot 1 go left to position (4,7)
INFO: At t=0648  Blue robot 2 go up to position (2,3)
INFO: At t=0649   Red robot 1 go down to position (2,2)
INFO: At t=0650   Red robot 2 go right to position (7,4)
INFO: At t=0651  Blue robot 1 go up to position (4,6)
INFO: At t=0652  Blue robot 2 go left to position (3,3)
INFO: At t=0653   Red robot 1 go down to position (2,3)
INFO: At t=0654   Red robot 2 go right to position (6,4)
INFO: At t=0655  Blue robot 1 go up to position (4,5)
INFO: At t=0656  Blue robot 2 go up to position (3,2)
INFO: At t=0657   Red robot 1 go down to position (2,4)
INFO: At t=0658   Red robot 2 go down to position (6,5)
INFO: At t=0659  Blue robot 1 go up to position (4,4)
INFO: At t=0660  Blue robot 2 go right to position (2,2)
INFO: At t=0661   Red robot 1 go down to position (2,5)
INFO: At t=0662   Red robot 2 go down to position (6,6)
INFO: At t=0663  Blue robot 1 go up to position (4,3)
INFO: At t=0664  Blue robot 2 go up to position (2,1)
INFO: At t=0665   Red robot 1 go down to position (2,6)
INFO: At t=0666   Red robot 2 go down to position (6,7)
INFO: At t=0666   Red robot 2 pick up mail 6
INFO: At t=0667  Blue robot 1 go up to position (4,2)
INFO: At t=0668  Blue robot 2 go up to position (2,0)
INFO: At t=0668  Blue robot 2 drop off mail 4
INFO: At t=0669   Red robot 1 go down to position (2,7)
INFO: At t=0669   Red robot 1 pick up mail 2
INFO: At t=0670   Red robot 2 go left to position (7,7)
INFO: At t=0671  Blue robot 1 go up to position (4,1)
INFO: At t=0672  Blue robot 2 go down to position (2,1)
INFO: At t=0673   Red robot 1 go right to position (1,7)
INFO: At t=0674   Red robot 2 go up to position (7,6)
INFO: At t=0675  Blue robot 1 go up to position (4,0)
INFO: At t=0675  Blue robot 1 drop off mail 7
INFO: At t=0676  Blue robot 2 go down to position (2,2)
INFO: At t=0677   Red robot 1 go up to position (1,6)
INFO: At t=0678   Red robot 2 go up to position (7,5)
INFO: At t=0679  Blue robot 1 go down to position (4,1)
INFO: At t=0680  Blue robot 2 go down to position (2,3)
INFO: At t=0681   Red robot 1 go up to position (1,5)
INFO: At t=0682   Red robot 2 go up to position (7,4)
INFO: At t=0683  Blue robot 1 go down to position (4,2)
INFO: At t=0684  Blue robot 2 go down to position (2,4)
INFO: At t=0685   Red robot 1 go right to position (0,5)
INFO: At t=0686   Red robot 2 go up to position (7,3)
INFO: At t=0687  Blue robot 1 go down to position (4,3)
INFO: At t=0688  Blue robot 2 go down to position (2,5)
INFO: At t=0689   Red robot 1 go up to position (0,4)
INFO: At t=0689   Red robot 1 drop off mail 2
INFO: At t=0690   Red robot 2 go left to position (8,3)
INFO: At t=0691  Blue robot 1 go down to position (4,4)
INFO: At t=0692  Blue robot 2 go down to position (2,6)
INFO: At t=0693   Red robot 1 go left to position (1,4)
INFO: At t=0694   Red robot 2 go up to position (8,2)
INFO: At t=0694   Red robot 2 drop off mail 6
INFO: At t=0695  Blue robot 1 go down to position (4,5)
INFO: At t=0696  Blue robot 2 go down to position (2,7)
INFO: At t=0696  Blue robot 2 pick up mail 6
INFO: At t=0697   Red robot 1 go left to position (2,4)
INFO: At t=0698   Red robot 2 go right to position (7,2)
INFO: At t=0699  Blue robot 1 go down to position (4,6)
INFO: At t=0700  Blue robot 2 go left to position (3,7)
INFO: At t=0701   Red robot 1 go down to position (2,5)
INFO: At t=0702   Red robot 2 go right to position (6,2)
INFO: At t=0703  Blue robot 1 go down to position (4,7)
INFO: At t=0703  Blue robot 1 pick up mail 1
INFO: At t=0704  Blue robot 2 go up to position (3,6)
INFO: At t=0705   Red robot 1 go down to position (2,6)
INFO: At t=0706   Red robot 2 go down to position (6,3)
INFO: At t=0707  Blue robot 1 go right to position (3,7)
INFO: At t=0708  Blue robot 2 go left to position (4,6)
INFO: At t=0709   Red robot 1 go down to position (2,7)
INFO: At t=0709   Red robot 1 pick up mail 7
INFO: At t=0710   Red robot 2 go down to position (6,4)
INFO: At t=0711  Blue robot 1 go up to position (3,6)
INFO: At t=0712  Blue robot 2 go left to position (5,6)
INFO: At t=0713   Red robot 1 go left to position (3,7)
INFO: At t=0714   Red robot 2 go down to position (6,5)
INFO: At t=0715  Blue robot 1 go right to position (2,6)
INFO: At t=0716  Blue robot 2 go left to position (6,6)
INFO: At t=0717   Red robot 1 go left to position (4,7)
INFO: At t=0718   Red robot 2 go left to position (7,5)
INFO: At t=0719  Blue robot 1 go right to position (1,6)
INFO: At t=0720  Blue robot 2 go up to position (6,5)
INFO: At t=0721   Red robot 1 go up to position (4,6)
INFO: At t=0722   Red robot 2 go down to position (7,6)
INFO: At t=0723  Blue robot 1 go right to position (0,6)
INFO: At t=0723  Blue robot 1 drop off mail 1
INFO: At t=0724  Blue robot 2 go left to position (7,5)
INFO: At t=0725   Red robot 1 go up to position (4,5)
INFO: At t=0726   Red robot 2 go right to position (6,6)
INFO: At t=0727  Blue robot 1 go left to position (1,6)
INFO: At t=0728  Blue robot 2 go up to position (7,4)
INFO: At t=0729   Red robot 1 go up to position (4,4)
INFO: At t=0730   Red robot 2 go down to position (6,7)
INFO: At t=0730   Red robot 2 pick up mail 3
INFO: At t=0731  Blue robot 1 go left to position (2,6)
INFO: At t=0732  Blue robot 2 go up to position (7,3)
INFO: At t=0733   Red robot 1 go up to position (4,3)
INFO: At t=0734   Red robot 2 go up to position (6,6)
INFO: At t=0735  Blue robot 1 go down to position (2,7)
INFO: At t=0735  Blue robot 1 pick up mail 5
INFO: At t=0736  Blue robot 2 go left to position (8,3)
INFO: At t=0737   Red robot 1 go up to position (4,2)
INFO: At t=0738   Red robot 2 go up to position (6,5)
INFO: At t=0739  Blue robot 1 go left to position (3,7)
INFO: At t=0740  Blue robot 2 go up to position (8,2)
INFO: At t=0740  Blue robot 2 drop off mail 6
INFO: At t=0741   Red robot 1 go up to position (4,1)
INFO: At t=0742   Red robot 2 go left to position (7,5)
INFO: At t=0743  Blue robot 1 go left to position (4,7)
INFO: At t=0744  Blue robot 2 go right to position (7,2)
INFO: At t=0745   Red robot 1 go up to position (4,0)
INFO: At t=0745   Red robot 1 drop off mail 7
INFO: At t=0746   Red robot 2 go up to position (7,4)
INFO: At t=0747  Blue robot 1 go left to position (5,7)
INFO: At t=0748  Blue robot 2 go right to position (6,2)
INFO: At t=0749   Red robot 1 go down to position (4,1)
INFO: At t=0750   Red robot 2 go up to position (7,3)
INFO: At t=0751  Blue robot 1 go up to position (5,6)
INFO: At t=0752  Blue robot 2 go down to position (6,3)
INFO: At t=0753   Red robot 1 go down to position (4,2)
INFO: At t=0754   Red robot 2 go up to position (7,2)
INFO: At t=0755  Blue robot 1 go up to position (5,5)
INFO: At t=0756  Blue robot 2 go down to position (6,4)
INFO: At t=0757   Red robot 1 go down to position (4,3)
INFO: At t=0758   Red robot 2 go up to position (7,1)
INFO: At t=0759  Blue robot 1 go up to position (5,4)
INFO: At t=0760  Blue robot 2 go down to position (6,5)
INFO: At t=0761   Red robot 1 go down to position (4,4)
INFO: At t=0762   Red robot 2 go left to position (8,1)
INFO: At t=0763  Blue robot 1 go left to position (6,4)
INFO: At t=0764  Blue robot 2 go down to position (6,6)
INFO: At t=0765   Red robot 1 go down to position (4,5)
INFO: At t=0766   Red robot 2 go up to position (8,0)
INFO: At t=0767  Blue robot 1 go up to position (6,3)
INFO: At t=0768  Blue robot 2 go down to position (6,7)
INFO: At t=0768  Blue robot 2 pick up mail 6
INFO: At t=0769   Red robot 1 go down to position (4,6)
INFO: At t=0770  Blue robot 1 go up to position (6,2)
INFO: At t=0771  Blue robot 2 go left to position (7,7)
INFO: At t=0772   Red robot 1 go down to position (4,7)
INFO: At t=0772   Red robot 1 pick up mail 1
INFO: At t=0773   Red robot 2 go right to position (7,0)
INFO: At t=0774  Blue robot 1 go up to position (6,1)
INFO: At t=0775  Blue robot 2 go up to position (7,6)
INFO: At t=0776   Red robot 1 go right to position (3,7)
INFO: At t=0777   Red robot 2 go down to position (7,1)
INFO: At t=0778  Blue robot 1 go up to position (6,0)
INFO: At t=0778  Blue robot 1 drop off mail 5
INFO: At t=0779   Red robot 1 go right to position (2,7)
INFO: At t=0780   Red robot 2 go right to position (6,1)
INFO: At t=0781  Blue robot 1 go left to position (7,0)
INFO: At t=0782  Blue robot 2 go up to position (7,5)
INFO: At t=0783   Red robot 1 go right to position (1,7)
INFO: At t=0784   Red robot 2 go right to position (5,1)
INFO: At t=0785  Blue robot 1 go left to position (8,0)
INFO: At t=0786  Blue robot 2 go up to position (7,4)
INFO: At t=0787   Red robot 1 go up to position (1,6)
INFO: At t=0788   Red robot 2 go right to position (4,1)
INFO: At t=0789  Blue robot 2 go up to position (7,3)
INFO: At t=0790   Red robot 1 go up to position (1,5)
INFO: At t=0791   Red robot 2 go right to position (3,1)
INFO: At t=0792  Blue robot 1 go right to position (7,0)
INFO: At t=0793  Blue robot 2 go up to position (7,2)
INFO: At t=0794   Red robot 1 go up to position (1,4)
INFO: At t=0795   Red robot 2 go right to position (2,1)
INFO: At t=0796  Blue robot 1 go down to position (7,1)
INFO: At t=0797   Red robot 1 go up to position (1,3)
INFO: At t=0798   Red robot 2 go right to position (1,1)
INFO: At t=0799  Blue robot 1 go right to position (6,1)
INFO: At t=0800  Blue robot 2 go up to position (7,1)
INFO: At t=0801   Red robot 2 go right to position (0,1)
INFO: At t=0802  Blue robot 1 go down to position (6,2)
INFO: At t=0803  Blue robot 2 go left to position (8,1)
INFO: At t=0804   Red robot 1 go up to position (1,2)
INFO: At t=0805   Red robot 2 go down to position (0,2)
INFO: At t=0805   Red robot 2 drop off mail 3
INFO: At t=0806  Blue robot 1 go down to position (6,3)
INFO: At t=0807  Blue robot 2 go up to position (8,0)
INFO: At t=0808   Red robot 1 go up to position (1,1)
INFO: At t=0809   Red robot 2 go left to position (1,2)
INFO: At t=0810  Blue robot 1 go down to position (6,4)
INFO: At t=0811   Red robot 1 go right to position (0,1)
INFO: At t=0812   Red robot 2 go left to position (2,2)
INFO: At t=0813  Blue robot 1 go down to position (6,5)
INFO: At t=0814  Blue robot 2 go down to position (8,1)
INFO: At t=0815   Red robot 1 go up to position (0,0)
INFO: At t=0816   Red robot 2 go down to position (2,3)
INFO: At t=0817  Blue robot 1 go down to position (6,6)
INFO: At t=0818  Blue robot 2 go down to position (8,2)
INFO: At t=0818  Blue robot 2 drop off mail 6
INFO: At t=0819   Red robot 2 go down to position (2,4)
INFO: At t=0820  Blue robot 1 go down to position (6,7)
INFO: At t=0820  Blue robot 1 pick up mail 5
INFO: At t=0821  Blue robot 2 go right to position (7,2)
INFO: At t=0822   Red robot 1 go down to position (0,1)
INFO: At t=0823   Red robot 2 go down to position (2,5)
INFO: At t=0824  Blue robot 1 go up to position (6,6)
INFO: At t=0825  Blue robot 2 go down to position (7,3)
INFO: At t=0826   Red robot 1 go left to position (1,1)
INFO: At t=0827   Red robot 2 go down to position (2,6)
INFO: At t=0828  Blue robot 1 go up to position (6,5)
INFO: At t=0829  Blue robot 2 go down to position (7,4)
INFO: At t=0830   Red robot 1 go down to position (1,2)
INFO: At t=0831   Red robot 2 go down to position (2,7)
INFO: At t=0831   Red robot 2 pick up mail 1
INFO: At t=0832  Blue robot 1 go up to position (6,4)
INFO: At t=0833  Blue robot 2 go down to position (7,5)
INFO: At t=0834   Red robot 1 go down to position (1,3)
INFO: At t=0835   Red robot 2 go right to position (1,7)
INFO: At t=0836  Blue robot 1 go up to position (6,3)
INFO: At t=0837  Blue robot 2 go right to position (6,5)
INFO: At t=0838   Red robot 1 go down to position (1,4)
INFO: At t=0839   Red robot 2 go right to position (0,7)
INFO: At t=0840  Blue robot 1 go up to position (6,2)
INFO: At t=0841  Blue robot 2 go down to position (6,6)
INFO: At t=0842   Red robot 1 go down to position (1,5)
INFO: At t=0843   Red robot 2 go up to position (0,6)
INFO: At t=0843   Red robot 2 drop off mail 1
INFO: At t=0844  Blue robot 1 go up to position (6,1)
INFO: At t=0845  Blue robot 2 go down to position (6,7)
INFO: At t=0845  Blue robot 2 pick up mail 4
INFO: At t=0846   Red robot 1 go right to position (0,5)
INFO: At t=0847   Red robot 2 go left to position (1,6)
INFO: At t=0848  Blue robot 1 go up to position (6,0)
INFO: At t=0848  Blue robot 1 drop off mail 5
INFO: At t=0849  Blue robot 2 go right to position (5,7)
INFO: At t=0850   Red robot 1 go down to position (0,6)
INFO: At t=0850   Red robot 1 drop off mail 1
INFO: At t=0851   Red robot 2 go left to position (2,6)
INFO: At t=0852  Blue robot 1 go down to position (6,1)
INFO: At t=0853  Blue robot 2 go right to position (4,7)
INFO: At t=0854   Red robot 1 go left to position (1,6)
INFO: At t=0855   Red robot 2 go down to position (2,7)
INFO: At t=0855   Red robot 2 pick up mail 3
INFO: At t=0856  Blue robot 1 go down to position (6,2)
INFO: At t=0857  Blue robot 2 go right to position (3,7)
INFO: At t=0858   Red robot 1 go left to position (2,6)
INFO: At t=0859   Red robot 2 go right to position (1,7)
INFO: At t=0860  Blue robot 1 go down to position (6,3)
INFO: At t=0861  Blue robot 2 go up to position (3,6)
INFO: At t=0862   Red robot 1 go down to position (2,7)
INFO: At t=0862   Red robot 1 pick up mail 9
INFO: At t=0863   Red robot 2 go up to position (1,6)
INFO: At t=0864  Blue robot 1 go down to position (6,4)
INFO: At t=0865  Blue robot 2 go right to position (2,6)
INFO: At t=0866   Red robot 1 go left to position (3,7)
INFO: At t=0867   Red robot 2 go up to position (1,5)
INFO: At t=0868  Blue robot 1 go down to position (6,5)
INFO: At t=0869  Blue robot 2 go up to position (2,5)
INFO: At t=0870   Red robot 1 go left to position (4,7)
INFO: At t=0871   Red robot 2 go up to position (1,4)
INFO: At t=0872  Blue robot 1 go down to position (6,6)
INFO: At t=0873  Blue robot 2 go up to position (2,4)
INFO: At t=0874   Red robot 1 go left to position (5,7)
INFO: At t=0875   Red robot 2 go up to position (1,3)
INFO: At t=0876  Blue robot 1 go down to position (6,7)
INFO: At t=0876  Blue robot 1 pick up mail 7
INFO: At t=0877  Blue robot 2 go up to position (2,3)
INFO: At t=0878   Red robot 1 go up to position (5,6)
INFO: At t=0879   Red robot 2 go right to position (0,3)
INFO: At t=0880  Blue robot 1 go right to position (5,7)
INFO: At t=0881  Blue robot 2 go up to position (2,2)
INFO: At t=0882   Red robot 1 go left to position (6,6)
INFO: At t=0883   Red robot 2 go up to position (0,2)
INFO: At t=0883   Red robot 2 drop off mail 3
INFO: At t=0884  Blue robot 1 go right to position (4,7)
INFO: At t=0885  Blue robot 2 go up to position (2,1)
INFO: At t=0886   Red robot 1 go left to position (7,6)
INFO: At t=0887   Red robot 2 go left to position (1,2)
INFO: At t=0888  Blue robot 1 go up to position (4,6)
INFO: At t=0889  Blue robot 2 go up to position (2,0)
INFO: At t=0889  Blue robot 2 drop off mail 4
INFO: At t=0890   Red robot 1 go left to position (8,6)
INFO: At t=0890   Red robot 1 drop off mail 9
INFO: At t=0891   Red robot 2 go left to position (2,2)
INFO: At t=0892  Blue robot 1 go up to position (4,5)
INFO: At t=0893  Blue robot 2 go down to position (2,1)
INFO: At t=0894   Red robot 1 go right to position (7,6)
INFO: At t=0895   Red robot 2 go down to position (2,3)
INFO: At t=0896  Blue robot 1 go up to position (4,4)
INFO: At t=0897  Blue robot 2 go down to position (2,2)
INFO: At t=0898   Red robot 1 go right to position (6,6)
INFO: At t=0899   Red robot 2 go down to position (2,4)
INFO: At t=0900  Blue robot 1 go up to position (4,3)
INFO: At t=0901  Blue robot 2 go down to position (2,3)
INFO: At t=0902   Red robot 1 go down to position (6,7)
INFO: At t=0902   Red robot 1 pick up mail 7
INFO: At t=0903   Red robot 2 go down to position (2,5)
INFO: At t=0904  Blue robot 1 go up to position (4,2)
INFO: At t=0905  Blue robot 2 go down to position (2,4)
INFO: At t=0906   Red robot 1 go right to position (5,7)
INFO: At t=0907   Red robot 2 go down to position (2,6)
INFO: At t=0908  Blue robot 1 go up to position (4,1)
INFO: At t=0909  Blue robot 2 go down to position (2,5)
INFO: At t=0910   Red robot 1 go up to position (5,6)
INFO: At t=0911   Red robot 2 go down to position (2,7)
INFO: At t=0911   Red robot 2 pick up mail 4
INFO: At t=0912  Blue robot 1 go up to position (4,0)
INFO: At t=0912  Blue robot 1 drop off mail 7
INFO: At t=0913  Blue robot 2 go down to position (2,6)
INFO: At t=0914   Red robot 1 go right to position (4,6)
INFO: At t=0915   Red robot 2 go left to position (3,7)
INFO: At t=0916  Blue robot 1 go down to position (4,1)
INFO: At t=0917  Blue robot 2 go down to position (2,7)
INFO: At t=0917  Blue robot 2 pick up mail 2
INFO: At t=0918   Red robot 1 go up to position (4,5)
INFO: At t=0919   Red robot 2 go up to position (3,6)
INFO: At t=0920  Blue robot 1 go down to position (4,2)
INFO: At t=0921  Blue robot 2 go right to position (1,7)
INFO: At t=0922   Red robot 1 go up to position (4,4)
INFO: At t=0923   Red robot 2 go right to position (2,6)
INFO: At t=0924  Blue robot 1 go down to position (4,3)
INFO: At t=0925  Blue robot 2 go up to position (1,6)
INFO: At t=0926   Red robot 1 go left to position (5,4)
INFO: At t=0927   Red robot 2 go up to position (2,5)
INFO: At t=0928  Blue robot 1 go down to position (4,4)
INFO: At t=0929  Blue robot 2 go up to position (1,5)
INFO: At t=0930   Red robot 1 go up to position (5,3)
INFO: At t=0931   Red robot 2 go up to position (2,4)
INFO: At t=0932  Blue robot 1 go down to position (4,5)
INFO: At t=0933  Blue robot 2 go right to position (0,5)
INFO: At t=0934   Red robot 1 go right to position (4,3)
INFO: At t=0935   Red robot 2 go up to position (2,3)
INFO: At t=0936  Blue robot 1 go down to position (4,6)
INFO: At t=0937  Blue robot 2 go up to position (0,4)
INFO: At t=0937  Blue robot 2 drop off mail 2
INFO: At t=0938   Red robot 1 go up to position (4,2)
INFO: At t=0939   Red robot 2 go up to position (2,2)
INFO: At t=0940  Blue robot 1 go down to position (4,7)
INFO: At t=0940  Blue robot 1 pick up mail 8
INFO: At t=0941  Blue robot 2 go left to position (1,4)
INFO: At t=0942   Red robot 1 go up to position (4,1)
INFO: At t=0943   Red robot 2 go up to position (2,1)
INFO: At t=0944  Blue robot 1 go left to position (5,7)
INFO: At t=0945  Blue robot 2 go left to position (2,4)
INFO: At t=0946   Red robot 1 go up to position (4,0)
INFO: At t=0946   Red robot 1 drop off mail 7
INFO: At t=0947   Red robot 2 go up to position (2,0)
INFO: At t=0947   Red robot 2 drop off mail 4
INFO: At t=0948  Blue robot 1 go left to position (6,7)
INFO: At t=0949  Blue robot 2 go down to position (2,5)
INFO: At t=0950   Red robot 1 go down to position (4,1)
INFO: At t=0951   Red robot 2 go right to position (1,0)
INFO: At t=0952  Blue robot 1 go left to position (7,7)
INFO: At t=0953  Blue robot 2 go down to position (2,6)
INFO: At t=0954   Red robot 1 go down to position (4,2)
INFO: At t=0955   Red robot 2 go right to position (0,0)
INFO: At t=0956  Blue robot 1 go up to position (7,6)
INFO: At t=0957  Blue robot 2 go down to position (2,7)
INFO: At t=0957  Blue robot 2 pick up mail 9
INFO: At t=0958   Red robot 1 go down to position (4,3)
INFO: At t=0959  Blue robot 1 go up to position (7,5)
INFO: At t=0960  Blue robot 2 go left to position (3,7)
INFO: At t=0961   Red robot 1 go down to position (4,4)
INFO: At t=0962   Red robot 2 go left to position (1,0)
INFO: At t=0963  Blue robot 1 go left to position (8,5)
INFO: At t=0964  Blue robot 2 go left to position (4,7)
INFO: At t=0965   Red robot 1 go down to position (4,5)
INFO: At t=0966   Red robot 2 go down to position (1,1)
INFO: At t=0967  Blue robot 1 go up to position (8,4)
INFO: At t=0967  Blue robot 1 drop off mail 8
INFO: At t=0968  Blue robot 2 go left to position (5,7)
INFO: At t=0969   Red robot 1 go down to position (4,6)
INFO: At t=0970   Red robot 2 go left to position (2,1)
INFO: At t=0971  Blue robot 1 go right to position (7,4)
INFO: At t=0972  Blue robot 2 go left to position (6,7)
INFO: At t=0973   Red robot 1 go down to position (4,7)
INFO: At t=0973   Red robot 1 pick up mail 5
INFO: At t=0974   Red robot 2 go down to position (2,2)
INFO: At t=0975  Blue robot 1 go right to position (6,4)
INFO: At t=0976  Blue robot 2 go left to position (7,7)
INFO: At t=0977   Red robot 1 go left to position (5,7)
INFO: At t=0978   Red robot 2 go down to position (2,3)
INFO: At t=0979  Blue robot 1 go down to position (6,5)
INFO: At t=0980  Blue robot 2 go left to position (8,7)
INFO: At t=0981   Red robot 1 go up to position (5,6)
INFO: At t=0982   Red robot 2 go down to position (2,4)
INFO: At t=0983  Blue robot 1 go down to position (6,6)
INFO: At t=0984  Blue robot 2 go up to position (8,6)
INFO: At t=0984  Blue robot 2 drop off mail 9
INFO: At t=0985   Red robot 1 go up to position (5,5)
INFO: At t=0986   Red robot 2 go down to position (2,5)
INFO: At t=0987  Blue robot 1 go down to position (6,7)
INFO: At t=0987  Blue robot 1 pick up mail 4
INFO: At t=0988  Blue robot 2 go right to position (7,6)
INFO: At t=0989   Red robot 1 go left to position (6,5)
INFO: At t=0990   Red robot 2 go down to position (2,6)
INFO: At t=0991  Blue robot 1 go right to position (5,7)
INFO: At t=0992  Blue robot 2 go right to position (6,6)
INFO: At t=0993   Red robot 1 go up to position (6,4)
INFO: At t=0994   Red robot 2 go down to position (2,7)
INFO: At t=0994   Red robot 2 pick up mail 8
INFO: At t=0995  Blue robot 1 go right to position (4,7)
INFO: At t=0996  Blue robot 2 go down to position (6,7)
INFO: At t=0996  Blue robot 2 pick up mail 6
INFO: At t=0997   Red robot 1 go up to position (6,3)
INFO: At t=0998   Red robot 2 go left to position (3,7)
INFO: At t=0999  Blue robot 1 go up to position (4,6)
INFO: At t=1000  Blue robot 2 go left to position (7,7)
INFO: At t=1001   Red robot 1 go up to position (6,2)
INFO: At t=1002   Red robot 2 go left to position (4,7)
INFO: At t=1003  Blue robot 1 go right to position (3,6)
INFO: At t=1004  Blue robot 2 go up to position (7,6)
INFO: At t=1005   Red robot 1 go up to position (6,1)
INFO: At t=1006   Red robot 2 go left to position (5,7)
INFO: At t=1007  Blue robot 1 go right to position (2,6)
INFO: At t=1008  Blue robot 2 go up to position (7,5)
INFO: At t=1009   Red robot 1 go up to position (6,0)
INFO: At t=1009   Red robot 1 drop off mail 5
INFO: At t=1010   Red robot 2 go up to position (5,6)
INFO: At t=1011  Blue robot 1 go up to position (2,5)
INFO: At t=1012  Blue robot 2 go up to position (7,4)
INFO: At t=1013   Red robot 1 go left to position (7,0)
INFO: At t=1014   Red robot 2 go left to position (6,6)
INFO: At t=1015  Blue robot 1 go up to position (2,4)
INFO: At t=1016  Blue robot 2 go up to position (7,3)
INFO: At t=1017   Red robot 1 go left to position (8,0)
INFO: At t=1018   Red robot 2 go left to position (7,6)
INFO: At t=1019  Blue robot 1 go up to position (2,3)
INFO: At t=1020  Blue robot 2 go left to position (8,3)
INFO: At t=1021   Red robot 2 go up to position (7,5)
INFO: At t=1022  Blue robot 1 go up to position (2,2)
INFO: At t=1023  Blue robot 2 go up to position (8,2)
INFO: At t=1023  Blue robot 2 drop off mail 6
INFO: At t=1024   Red robot 1 go right to position (7,0)
INFO: At t=1025   Red robot 2 go left to position (8,5)
INFO: At t=1026  Blue robot 1 go up to position (2,1)
INFO: At t=1027  Blue robot 2 go up to position (8,1)
INFO: At t=1028   Red robot 1 go down to position (7,1)
INFO: At t=1029   Red robot 2 go up to position (8,4)
INFO: At t=1029   Red robot 2 drop off mail 8
INFO: At t=1030  Blue robot 1 go up to position (2,0)
INFO: At t=1030  Blue robot 1 drop off mail 4
INFO: At t=1031  Blue robot 2 go up to position (8,0)
INFO: At t=1032   Red robot 1 go right to position (6,1)
INFO: At t=1033   Red robot 2 go right to position (7,4)
INFO: At t=1034  Blue robot 1 go right to position (1,0)
INFO: At t=1035   Red robot 1 go down to position (6,2)
INFO: At t=1036   Red robot 2 go right to position (6,4)
INFO: At t=1037  Blue robot 1 go right to position (0,0)
INFO: At t=1038  Blue robot 2 go right to position (7,0)
INFO: At t=1039   Red robot 1 go down to position (6,3)
INFO: At t=1040   Red robot 2 go down to position (6,5)
INFO: At t=1041  Blue robot 2 go down to position (7,1)
INFO: At t=1042   Red robot 1 go down to position (6,4)
INFO: At t=1043   Red robot 2 go down to position (6,6)
INFO: At t=1044  Blue robot 1 go left to position (1,0)
INFO: At t=1045  Blue robot 2 go down to position (7,2)
INFO: At t=1046   Red robot 1 go down to position (6,5)
INFO: At t=1047   Red robot 2 go down to position (6,7)
INFO: At t=1047   Red robot 2 pick up mail 4
INFO: At t=1048  Blue robot 1 go down to position (1,1)
INFO: At t=1049  Blue robot 2 go down to position (7,3)
INFO: At t=1050   Red robot 1 go down to position (6,6)
INFO: At t=1051   Red robot 2 go right to position (5,7)
INFO: At t=1052  Blue robot 1 go left to position (2,1)
INFO: At t=1053  Blue robot 2 go down to position (7,4)
INFO: At t=1054   Red robot 1 go down to position (6,7)
INFO: At t=1054   Red robot 1 pick up mail 7
INFO: At t=1055   Red robot 2 go right to position (4,7)
INFO: At t=1056  Blue robot 1 go down to position (2,2)
INFO: At t=1057  Blue robot 2 go right to position (6,4)
INFO: At t=1058   Red robot 1 go right to position (5,7)
INFO: At t=1059   Red robot 2 go right to position (3,7)
INFO: At t=1060  Blue robot 1 go down to position (2,3)
INFO: At t=1061  Blue robot 2 go down to position (6,5)
INFO: At t=1062   Red robot 1 go right to position (4,7)
INFO: At t=1063   Red robot 2 go up to position (3,6)
INFO: At t=1064  Blue robot 1 go down to position (2,4)
INFO: At t=1065  Blue robot 2 go down to position (6,6)
INFO: At t=1066   Red robot 1 go up to position (4,6)
INFO: At t=1067   Red robot 2 go up to position (3,5)
INFO: At t=1068  Blue robot 1 go down to position (2,5)
INFO: At t=1069  Blue robot 2 go down to position (6,7)
INFO: At t=1069  Blue robot 2 pick up mail 7
INFO: At t=1070   Red robot 1 go up to position (4,5)
INFO: At t=1071   Red robot 2 go up to position (3,4)
INFO: At t=1072  Blue robot 1 go down to position (2,6)
INFO: At t=1073  Blue robot 2 go up to position (6,6)
INFO: At t=1074   Red robot 1 go up to position (4,4)
INFO: At t=1075   Red robot 2 go right to position (2,4)
INFO: At t=1076  Blue robot 1 go down to position (2,7)
INFO: At t=1076  Blue robot 1 pick up mail 9
INFO: At t=1077  Blue robot 2 go up to position (6,5)
INFO: At t=1078   Red robot 1 go up to position (4,3)
INFO: At t=1079   Red robot 2 go up to position (2,3)
INFO: At t=1080  Blue robot 1 go left to position (3,7)
INFO: At t=1081  Blue robot 2 go up to position (6,4)
INFO: At t=1082   Red robot 1 go up to position (4,2)
INFO: At t=1083   Red robot 2 go up to position (2,2)
INFO: At t=1084  Blue robot 1 go left to position (4,7)
INFO: At t=1085  Blue robot 2 go up to position (6,3)
INFO: At t=1086   Red robot 1 go up to position (4,1)
INFO: At t=1087   Red robot 2 go up to position (2,1)
INFO: At t=1088  Blue robot 1 go left to position (5,7)
INFO: At t=1089  Blue robot 2 go right to position (5,3)
INFO: At t=1090   Red robot 1 go up to position (4,0)
INFO: At t=1090   Red robot 1 drop off mail 7
INFO: At t=1091   Red robot 2 go up to position (2,0)
INFO: At t=1091   Red robot 2 drop off mail 4
INFO: At t=1092  Blue robot 1 go left to position (6,7)
INFO: At t=1093  Blue robot 2 go right to position (4,3)
INFO: At t=1094   Red robot 1 go down to position (4,1)
INFO: At t=1095   Red robot 2 go down to position (2,1)
INFO: At t=1096  Blue robot 1 go left to position (7,7)
INFO: At t=1097  Blue robot 2 go up to position (4,2)
INFO: At t=1098   Red robot 1 go left to position (5,1)
INFO: At t=1099   Red robot 2 go down to position (2,2)
INFO: At t=1100  Blue robot 1 go left to position (8,7)
INFO: At t=1101  Blue robot 2 go up to position (4,1)
INFO: At t=1102   Red robot 1 go down to position (5,2)
INFO: At t=1103   Red robot 2 go down to position (2,3)
INFO: At t=1104  Blue robot 1 go up to position (8,6)
INFO: At t=1104  Blue robot 1 drop off mail 9
INFO: At t=1105  Blue robot 2 go up to position (4,0)
INFO: At t=1105  Blue robot 2 drop off mail 7
INFO: At t=1106   Red robot 1 go right to position (4,2)
INFO: At t=1107   Red robot 2 go down to position (2,4)
INFO: At t=1108  Blue robot 1 go right to position (7,6)
INFO: At t=1109  Blue robot 2 go down to position (4,1)
INFO: At t=1110   Red robot 1 go down to position (4,3)
INFO: At t=1111   Red robot 2 go down to position (2,5)
INFO: At t=1112  Blue robot 1 go right to position (6,6)
INFO: At t=1113  Blue robot 2 go down to position (4,2)
INFO: At t=1114   Red robot 1 go down to position (4,4)
INFO: At t=1115   Red robot 2 go down to position (2,6)
INFO: At t=1116  Blue robot 1 go down to position (6,7)
INFO: At t=1116  Blue robot 1 pick up mail 7
INFO: At t=1117  Blue robot 2 go down to position (4,3)
INFO: At t=1118   Red robot 1 go down to position (4,5)
INFO: At t=1119   Red robot 2 go down to position (2,7)
INFO: At t=1119   Red robot 2 pick up mail 7
INFO: At t=1120  Blue robot 1 go up to position (6,6)
INFO: At t=1121  Blue robot 2 go down to position (4,4)
INFO: At t=1122   Red robot 1 go down to position (4,6)
INFO: At t=1123   Red robot 2 go left to position (3,7)
INFO: At t=1124  Blue robot 1 go up to position (6,5)
INFO: At t=1125  Blue robot 2 go down to position (4,5)
INFO: At t=1126   Red robot 1 go down to position (4,7)
INFO: At t=1126   Red robot 1 pick up mail 6
INFO: At t=1127   Red robot 2 go up to position (3,6)
INFO: At t=1128  Blue robot 1 go right to position (5,5)
INFO: At t=1129  Blue robot 2 go down to position (4,6)
INFO: At t=1130   Red robot 1 go left to position (5,7)
INFO: At t=1131   Red robot 2 go up to position (3,5)
INFO: At t=1132  Blue robot 1 go right to position (4,5)
INFO: At t=1133  Blue robot 2 go down to position (4,7)
INFO: At t=1133  Blue robot 2 pick up mail 1
INFO: At t=1134   Red robot 1 go up to position (5,6)
INFO: At t=1135   Red robot 2 go up to position (3,4)
INFO: At t=1136  Blue robot 1 go up to position (4,4)
INFO: At t=1137  Blue robot 2 go right to position (3,7)
INFO: At t=1138   Red robot 1 go left to position (6,6)
INFO: At t=1139   Red robot 2 go up to position (3,3)
INFO: At t=1140  Blue robot 1 go up to position (4,3)
INFO: At t=1141  Blue robot 2 go right to position (2,7)
INFO: At t=1142   Red robot 1 go up to position (6,5)
INFO: At t=1143   Red robot 2 go up to position (3,2)
INFO: At t=1144  Blue robot 1 go up to position (4,2)
INFO: At t=1145  Blue robot 2 go right to position (1,7)
INFO: At t=1146   Red robot 1 go left to position (7,5)
INFO: At t=1147   Red robot 2 go up to position (3,1)
INFO: At t=1148  Blue robot 1 go up to position (4,1)
INFO: At t=1149  Blue robot 2 go right to position (0,7)
INFO: At t=1150   Red robot 1 go up to position (7,4)
INFO: At t=1151   Red robot 2 go up to position (3,0)
INFO: At t=1152  Blue robot 1 go up to position (4,0)
INFO: At t=1152  Blue robot 1 drop off mail 7
INFO: At t=1153  Blue robot 2 go up to position (0,6)
INFO: At t=1153  Blue robot 2 drop off mail 1
INFO: At t=1154   Red robot 1 go up to position (7,3)
INFO: At t=1155  Blue robot 1 go down to position (4,1)
INFO: At t=1156  Blue robot 2 go left to position (1,6)
INFO: At t=1157   Red robot 1 go left to position (8,3)
INFO: At t=1158   Red robot 2 go left to position (4,0)
INFO: At t=1158   Red robot 2 drop off mail 7
INFO: At t=1159  Blue robot 1 go down to position (4,2)
INFO: At t=1160  Blue robot 2 go left to position (2,6)
INFO: At t=1161   Red robot 1 go up to position (8,2)
INFO: At t=1161   Red robot 1 drop off mail 6
INFO: At t=1162   Red robot 2 go down to position (4,1)
INFO: At t=1163  Blue robot 1 go down to position (4,3)
INFO: At t=1164  Blue robot 2 go down to position (2,7)
INFO: At t=1164  Blue robot 2 pick up mail 1
INFO: At t=1165   Red robot 1 go right to position (7,2)
INFO: At t=1166   Red robot 2 go down to position (4,2)
INFO: At t=1167  Blue robot 1 go down to position (4,4)
INFO: At t=1168  Blue robot 2 go right to position (1,7)
INFO: At t=1169   Red robot 1 go right to position (6,2)
INFO: At t=1170   Red robot 2 go down to position (4,3)
INFO: At t=1171  Blue robot 1 go down to position (4,5)
INFO: At t=1172  Blue robot 2 go right to position (0,7)
INFO: At t=1173   Red robot 1 go down to position (6,3)
INFO: At t=1174   Red robot 2 go down to position (4,4)
INFO: At t=1175  Blue robot 1 go down to position (4,6)
INFO: At t=1176  Blue robot 2 go up to position (0,6)
INFO: At t=1176  Blue robot 2 drop off mail 1
INFO: At t=1177   Red robot 1 go down to position (6,4)
INFO: At t=1178   Red robot 2 go down to position (4,5)
INFO: At t=1179  Blue robot 1 go down to position (4,7)
INFO: At t=1179  Blue robot 1 pick up mail 7
INFO: At t=1180  Blue robot 2 go left to position (1,6)
INFO: At t=1181   Red robot 1 go down to position (6,5)
INFO: At t=1182   Red robot 2 go down to position (4,6)
INFO: At t=1183  Blue robot 1 go left to position (5,7)
INFO: At t=1184  Blue robot 2 go left to position (2,6)
INFO: At t=1185   Red robot 1 go down to position (6,6)
INFO: At t=1186   Red robot 2 go down to position (4,7)
INFO: At t=1186   Red robot 2 pick up mail 5
INFO: At t=1187  Blue robot 1 go up to position (5,6)
INFO: At t=1188  Blue robot 2 go down to position (2,7)
INFO: At t=1188  Blue robot 2 pick up mail 7
INFO: At t=1189   Red robot 1 go down to position (6,7)
INFO: At t=1189   Red robot 1 pick up mail 4
INFO: At t=1190   Red robot 2 go up to position (4,6)
INFO: At t=1191  Blue robot 1 go up to position (5,5)
INFO: At t=1192  Blue robot 2 go left to position (3,7)
INFO: At t=1193   Red robot 1 go up to position (6,6)
INFO: At t=1194   Red robot 2 go up to position (4,5)
INFO: At t=1195  Blue robot 1 go up to position (5,4)
INFO: At t=1196  Blue robot 2 go up to position (3,6)
INFO: At t=1197   Red robot 1 go up to position (6,5)
INFO: At t=1198   Red robot 2 go up to position (4,4)
INFO: At t=1199  Blue robot 1 go up to position (5,3)
INFO: At t=1200  Blue robot 2 go up to position (3,5)
INFO: At t=1201   Red robot 1 go up to position (6,4)
INFO: At t=1202   Red robot 2 go up to position (4,3)
INFO: At t=1203  Blue robot 1 go up to position (5,2)
INFO: At t=1204  Blue robot 2 go up to position (3,4)
INFO: At t=1205   Red robot 1 go up to position (6,3)
INFO: At t=1206   Red robot 2 go up to position (4,2)
INFO: At t=1207  Blue robot 1 go up to position (5,1)
INFO: At t=1208  Blue robot 2 go up to position (3,3)
INFO: At t=1209   Red robot 1 go right to position (5,3)
INFO: At t=1210   Red robot 2 go left to position (5,2)
INFO: At t=1211  Blue robot 1 go right to position (4,1)
INFO: At t=1212  Blue robot 2 go up to position (3,2)
INFO: At t=1213   Red robot 1 go right to position (4,3)
INFO: At t=1214   Red robot 2 go left to position (6,2)
INFO: At t=1215  Blue robot 1 go up to position (4,0)
INFO: At t=1215  Blue robot 1 drop off mail 7
INFO: At t=1216  Blue robot 2 go left to position (4,2)
INFO: At t=1217   Red robot 1 go right to position (3,3)
INFO: At t=1218   Red robot 2 go up to position (6,1)
INFO: At t=1219  Blue robot 1 go down to position (4,1)
INFO: At t=1220  Blue robot 2 go left to position (5,2)
INFO: At t=1221   Red robot 1 go right to position (2,3)
INFO: At t=1222   Red robot 2 go up to position (6,0)
INFO: At t=1222   Red robot 2 drop off mail 5
INFO: At t=1223  Blue robot 1 go down to position (4,2)
INFO: At t=1224  Blue robot 2 go up to position (5,1)
INFO: At t=1225   Red robot 1 go up to position (2,2)
INFO: At t=1226   Red robot 2 go left to position (7,0)
INFO: At t=1227  Blue robot 1 go down to position (4,3)
INFO: At t=1228  Blue robot 2 go right to position (4,1)
INFO: At t=1229   Red robot 1 go up to position (2,1)
INFO: At t=1230   Red robot 2 go left to position (8,0)
INFO: At t=1231  Blue robot 1 go down to position (4,4)
INFO: At t=1232  Blue robot 2 go up to position (4,0)
INFO: At t=1232  Blue robot 2 drop off mail 7
INFO: At t=1233   Red robot 1 go up to position (2,0)
INFO: At t=1233   Red robot 1 drop off mail 4
INFO: At t=1234  Blue robot 1 go down to position (4,5)
INFO: At t=1235  Blue robot 2 go down to position (4,1)
INFO: At t=1236   Red robot 1 go right to position (1,0)
INFO: At t=1237   Red robot 2 go right to position (7,0)
INFO: At t=1238  Blue robot 1 go down to position (4,6)
INFO: At t=1239  Blue robot 2 go down to position (4,2)
INFO: At t=1240   Red robot 1 go right to position (0,0)
INFO: At t=1241   Red robot 2 go down to position (7,1)
INFO: At t=1242  Blue robot 1 go down to position (4,7)
INFO: At t=1242  Blue robot 1 pick up mail 9
INFO: At t=1243  Blue robot 2 go down to position (4,3)
INFO: At t=1244   Red robot 2 go right to position (6,1)
INFO: At t=1245  Blue robot 1 go right to position (3,7)
INFO: At t=1246  Blue robot 2 go down to position (4,4)
INFO: At t=1247   Red robot 1 go left to position (1,0)
INFO: At t=1248   Red robot 2 go down to position (6,2)
INFO: At t=1249  Blue robot 1 go right to position (2,7)
INFO: At t=1250  Blue robot 2 go down to position (4,5)
INFO: At t=1251   Red robot 1 go down to position (1,1)
INFO: At t=1252   Red robot 2 go down to position (6,3)
INFO: At t=1253  Blue robot 2 go down to position (4,6)
INFO: At t=1254   Red robot 1 go left to position (2,1)
INFO: At t=1255   Red robot 2 go down to position (6,4)
INFO: At t=1256  Blue robot 1 go right to position (1,7)
INFO: At t=1257  Blue robot 2 go down to position (4,7)
INFO: At t=1257  Blue robot 2 pick up mail 7
INFO: At t=1258   Red robot 1 go down to position (2,2)
INFO: At t=1259   Red robot 2 go down to position (6,5)
INFO: At t=1260  Blue robot 1 go up to position (1,6)
INFO: At t=1261  Blue robot 2 go right to position (3,7)
INFO: At t=1262   Red robot 1 go down to position (2,3)
INFO: At t=1263   Red robot 2 go down to position (6,6)
INFO: At t=1264  Blue robot 1 go up to position (1,5)
INFO: At t=1265  Blue robot 2 go up to position (3,6)
INFO: At t=1266   Red robot 1 go down to position (2,4)
INFO: At t=1267   Red robot 2 go down to position (6,7)
INFO: At t=1267   Red robot 2 pick up mail 2
INFO: At t=1268  Blue robot 1 go up to position (1,4)
INFO: At t=1269  Blue robot 2 go up to position (3,5)
INFO: At t=1270   Red robot 1 go down to position (2,5)
INFO: At t=1271   Red robot 2 go right to position (5,7)
INFO: At t=1272  Blue robot 1 go up to position (1,3)
INFO: At t=1273  Blue robot 2 go up to position (3,4)
INFO: At t=1274   Red robot 1 go down to position (2,6)
INFO: At t=1275   Red robot 2 go right to position (4,7)
INFO: At t=1276  Blue robot 1 go up to position (1,2)
INFO: At t=1277  Blue robot 2 go right to position (2,4)
INFO: At t=1278   Red robot 1 go down to position (2,7)
INFO: At t=1278   Red robot 1 pick up mail 9
INFO: At t=1279   Red robot 2 go right to position (3,7)
INFO: At t=1280  Blue robot 1 go up to position (1,1)
INFO: At t=1281   Red robot 1 go up to position (2,6)
INFO: At t=1282   Red robot 2 go up to position (3,6)
INFO: At t=1283  Blue robot 1 go right to position (0,1)
INFO: At t=1284  Blue robot 2 go up to position (2,3)
INFO: At t=1285   Red robot 1 go down to position (2,7)
INFO: At t=1286   Red robot 2 go right to position (2,6)
INFO: At t=1287  Blue robot 1 go up to position (0,0)
INFO: At t=1288  Blue robot 2 go right to position (1,3)
INFO: At t=1289   Red robot 1 go left to position (3,7)
INFO: At t=1290   Red robot 2 go right to position (1,6)
INFO: At t=1291  Blue robot 2 go up to position (1,2)
INFO: At t=1292   Red robot 1 go left to position (4,7)
INFO: At t=1293   Red robot 2 go up to position (1,5)
INFO: At t=1294  Blue robot 1 go left to position (1,0)
INFO: At t=1295  Blue robot 2 go up to position (1,1)
INFO: At t=1296   Red robot 1 go left to position (5,7)
INFO: At t=1297   Red robot 2 go right to position (0,5)
INFO: At t=1298  Blue robot 2 go right to position (0,1)
INFO: At t=1299   Red robot 1 go left to position (6,7)
INFO: At t=1300   Red robot 2 go up to position (0,4)
INFO: At t=1300   Red robot 2 drop off mail 2
INFO: At t=1301  Blue robot 1 go down to position (1,1)
INFO: At t=1302  Blue robot 2 go up to position (0,0)
INFO: At t=1303   Red robot 1 go left to position (7,7)
INFO: At t=1304   Red robot 2 go left to position (1,4)
INFO: At t=1305  Blue robot 1 go left to position (2,1)
INFO: At t=1306   Red robot 1 go left to position (8,7)
INFO: At t=1307   Red robot 2 go left to position (2,4)
INFO: At t=1308  Blue robot 1 go left to position (3,1)
INFO: At t=1309  Blue robot 2 go left to position (1,0)
INFO: At t=1310   Red robot 1 go up to position (8,6)
INFO: At t=1310   Red robot 1 drop off mail 9
INFO: At t=1311   Red robot 2 go down to position (2,5)
INFO: At t=1312  Blue robot 1 go left to position (4,1)
INFO: At t=1313  Blue robot 2 go down to position (1,1)
INFO: At t=1314   Red robot 1 go right to position (7,6)
INFO: At t=1315   Red robot 2 go down to position (2,6)
INFO: At t=1316  Blue robot 1 go left to position (5,1)
INFO: At t=1317  Blue robot 2 go left to position (2,1)
INFO: At t=1318   Red robot 1 go right to position (6,6)
INFO: At t=1319   Red robot 2 go down to position (2,7)
INFO: At t=1319   Red robot 2 pick up mail 9
INFO: At t=1320  Blue robot 1 go left to position (6,1)
INFO: At t=1321  Blue robot 2 go left to position (3,1)
INFO: At t=1322   Red robot 1 go down to position (6,7)
INFO: At t=1322   Red robot 1 pick up mail 6
INFO: At t=1323   Red robot 2 go left to position (3,7)
INFO: At t=1324  Blue robot 1 go left to position (7,1)
INFO: At t=1325  Blue robot 2 go left to position (4,1)
INFO: At t=1326   Red robot 1 go left to position (7,7)
INFO: At t=1327   Red robot 2 go left to position (4,7)
INFO: At t=1328  Blue robot 1 go down to position (7,2)
INFO: At t=1329  Blue robot 2 go up to position (4,0)
INFO: At t=1329  Blue robot 2 drop off mail 7
INFO: At t=1330   Red robot 1 go up to position (7,6)
INFO: At t=1331   Red robot 2 go left to position (5,7)
INFO: At t=1332  Blue robot 1 go down to position (7,3)
INFO: At t=1333  Blue robot 2 go down to position (4,1)
INFO: At t=1334   Red robot 1 go up to position (7,5)
INFO: At t=1335   Red robot 2 go left to position (6,7)
INFO: At t=1336  Blue robot 1 go down to position (7,4)
INFO: At t=1337  Blue robot 2 go down to position (4,2)
INFO: At t=1338   Red robot 1 go right to position (6,5)
INFO: At t=1339   Red robot 2 go left to position (7,7)
INFO: At t=1340  Blue robot 1 go down to position (7,5)
INFO: At t=1341  Blue robot 2 go down to position (4,3)
INFO: At t=1342   Red robot 1 go up to position (6,4)
INFO: At t=1343   Red robot 2 go left to position (8,7)
INFO: At t=1344  Blue robot 1 go left to position (8,5)
INFO: At t=1345  Blue robot 2 go down to position (4,4)
INFO: At t=1346   Red robot 1 go left to position (7,4)
INFO: At t=1347   Red robot 2 go up to position (8,6)
INFO: At t=1347   Red robot 2 drop off mail 9
INFO: At t=1348  Blue robot 2 go down to position (4,5)
INFO: At t=1349   Red robot 1 go up to position (7,3)
INFO: At t=1350   Red robot 2 go right to position (7,6)
INFO: At t=1351  Blue robot 1 go down to position (8,6)
INFO: At t=1351  Blue robot 1 drop off mail 9
INFO: At t=1352  Blue robot 2 go down to position (4,6)
INFO: At t=1353   Red robot 1 go left to position (8,3)
INFO: At t=1354   Red robot 2 go right to position (6,6)
INFO: At t=1355  Blue robot 1 go right to position (7,6)
INFO: At t=1356  Blue robot 2 go down to position (4,7)
INFO: At t=1356  Blue robot 2 pick up mail 7
INFO: At t=1357   Red robot 1 go up to position (8,2)
INFO: At t=1357   Red robot 1 drop off mail 6
INFO: At t=1358   Red robot 2 go down to position (6,7)
INFO: At t=1358   Red robot 2 pick up mail 1
INFO: At t=1359  Blue robot 1 go right to position (6,6)
INFO: At t=1360  Blue robot 2 go up to position (4,6)
INFO: At t=1361   Red robot 1 go right to position (7,2)
INFO: At t=1362   Red robot 2 go right to position (5,7)
INFO: At t=1363  Blue robot 1 go down to position (6,7)
INFO: At t=1363  Blue robot 1 pick up mail 9
INFO: At t=1364  Blue robot 2 go up to position (4,5)
INFO: At t=1365   Red robot 1 go right to position (6,2)
INFO: At t=1366   Red robot 2 go right to position (4,7)
INFO: At t=1367  Blue robot 1 go left to position (7,7)
INFO: At t=1368  Blue robot 2 go up to position (4,4)
INFO: At t=1369   Red robot 1 go down to position (6,3)
INFO: At t=1370   Red robot 2 go right to position (3,7)
INFO: At t=1371  Blue robot 1 go left to position (8,7)
INFO: At t=1372  Blue robot 2 go up to position (4,3)
INFO: At t=1373   Red robot 1 go down to position (6,4)
INFO: At t=1374   Red robot 2 go right to position (2,7)
INFO: At t=1375  Blue robot 1 go up to position (8,6)
INFO: At t=1375  Blue robot 1 drop off mail 9
INFO: At t=1376  Blue robot 2 go up to position (4,2)
INFO: At t=1377   Red robot 1 go down to position (6,5)
INFO: At t=1378   Red robot 2 go right to position (1,7)
INFO: At t=1379  Blue robot 1 go right to position (7,6)
INFO: At t=1380  Blue robot 2 go up to position (4,1)
INFO: At t=1381   Red robot 1 go down to position (6,6)
INFO: At t=1382   Red robot 2 go right to position (0,7)
INFO: At t=1383  Blue robot 1 go down to position (7,7)
INFO: At t=1384  Blue robot 2 go up to position (4,0)
INFO: At t=1384  Blue robot 2 drop off mail 7
INFO: At t=1385   Red robot 1 go down to position (6,7)
INFO: At t=1385   Red robot 1 pick up mail 8
INFO: At t=1386   Red robot 2 go up to position (0,6)
INFO: At t=1386   Red robot 2 drop off mail 1
INFO: At t=1387  Blue robot 2 go down to position (4,1)
INFO: At t=1388   Red robot 1 go up to position (6,6)
INFO: At t=1389   Red robot 2 go left to position (1,6)
INFO: At t=1390  Blue robot 1 go right to position (6,7)
INFO: At t=1390  Blue robot 1 pick up mail 2
INFO: At t=1391  Blue robot 2 go down to position (4,2)
INFO: At t=1392   Red robot 1 go left to position (7,6)
INFO: At t=1393   Red robot 2 go left to position (2,6)
INFO: At t=1394  Blue robot 1 go right to position (5,7)
INFO: At t=1395  Blue robot 2 go down to position (4,3)
INFO: At t=1396   Red robot 1 go up to position (7,5)
INFO: At t=1397   Red robot 2 go down to position (2,7)
INFO: At t=1397   Red robot 2 pick up mail 6
INFO: At t=1398  Blue robot 1 go right to position (4,7)
INFO: At t=1399  Blue robot 2 go down to position (4,4)
INFO: At t=1400   Red robot 1 go left to position (8,5)
INFO: At t=1401   Red robot 2 go left to position (3,7)
INFO: At t=1402  Blue robot 1 go up to position (4,6)
INFO: At t=1403  Blue robot 2 go down to position (4,5)
INFO: At t=1404   Red robot 1 go up to position (8,4)
INFO: At t=1404   Red robot 1 drop off mail 8
INFO: At t=1405   Red robot 2 go left to position (4,7)
INFO: At t=1406  Blue robot 1 go right to position (3,6)
INFO: At t=1407  Blue robot 2 go down to position (4,6)
INFO: At t=1408   Red robot 1 go right to position (7,4)
INFO: At t=1409   Red robot 2 go left to position (5,7)
INFO: At t=1410  Blue robot 1 go right to position (2,6)
INFO: At t=1411  Blue robot 2 go down to position (4,7)
INFO: At t=1411  Blue robot 2 pick up mail 9
INFO: At t=1412   Red robot 1 go right to position (6,4)
INFO: At t=1413   Red robot 2 go up to position (5,6)
INFO: At t=1414  Blue robot 1 go right to position (1,6)
INFO: At t=1415  Blue robot 2 go left to position (5,7)
INFO: At t=1416   Red robot 1 go down to position (6,5)
INFO: At t=1417   Red robot 2 go left to position (6,6)
INFO: At t=1418  Blue robot 1 go up to position (1,5)
INFO: At t=1419  Blue robot 2 go left to position (6,7)
INFO: At t=1420   Red robot 1 go left to position (7,5)
INFO: At t=1421   Red robot 2 go up to position (6,5)
INFO: At t=1422  Blue robot 1 go right to position (0,5)
INFO: At t=1423  Blue robot 2 go left to position (7,7)
INFO: At t=1424   Red robot 1 go down to position (7,6)
INFO: At t=1425   Red robot 2 go left to position (7,5)
INFO: At t=1426  Blue robot 1 go up to position (0,4)
INFO: At t=1426  Blue robot 1 drop off mail 2
INFO: At t=1427  Blue robot 2 go left to position (8,7)
INFO: At t=1428   Red robot 1 go right to position (6,6)
INFO: At t=1429   Red robot 2 go up to position (7,4)
INFO: At t=1430  Blue robot 1 go left to position (1,4)
INFO: At t=1431  Blue robot 2 go up to position (8,6)
INFO: At t=1431  Blue robot 2 drop off mail 9
INFO: At t=1432   Red robot 1 go down to position (6,7)
INFO: At t=1432   Red robot 1 pick up mail 9
INFO: At t=1433   Red robot 2 go up to position (7,3)
INFO: At t=1434  Blue robot 1 go left to position (2,4)
INFO: At t=1435  Blue robot 2 go right to position (7,6)
INFO: At t=1436   Red robot 1 go left to position (7,7)
INFO: At t=1437   Red robot 2 go left to position (8,3)
INFO: At t=1438  Blue robot 1 go down to position (2,5)
INFO: At t=1439  Blue robot 2 go right to position (6,6)
INFO: At t=1440   Red robot 1 go left to position (8,7)
INFO: At t=1441   Red robot 2 go up to position (8,2)
INFO: At t=1441   Red robot 2 drop off mail 6
INFO: At t=1442  Blue robot 1 go down to position (2,6)
INFO: At t=1443  Blue robot 2 go down to position (6,7)
INFO: At t=1443  Blue robot 2 pick up mail 5
INFO: At t=1444   Red robot 1 go up to position (8,6)
INFO: At t=1444   Red robot 1 drop off mail 9
INFO: At t=1445   Red robot 2 go up to position (8,1)
INFO: At t=1446  Blue robot 1 go down to position (2,7)
INFO: At t=1446  Blue robot 1 pick up mail 8
INFO: At t=1447  Blue robot 2 go up to position (6,6)
INFO: At t=1448   Red robot 1 go right to position (7,6)
INFO: At t=1449   Red robot 2 go up to position (8,0)
INFO: At t=1450  Blue robot 1 go left to position (3,7)
INFO: At t=1451  Blue robot 2 go up to position (6,5)
INFO: At t=1452   Red robot 1 go right to position (6,6)
INFO: At t=1453  Blue robot 1 go left to position (4,7)
INFO: At t=1454  Blue robot 2 go up to position (6,4)
INFO: At t=1455   Red robot 1 go down to position (6,7)
INFO: At t=1455   Red robot 1 pick up mail 3
INFO: At t=1456   Red robot 2 go right to position (7,0)
INFO: At t=1457  Blue robot 1 go left to position (5,7)
INFO: At t=1458  Blue robot 2 go up to position (6,3)
INFO: At t=1459   Red robot 1 go up to position (6,6)
INFO: At t=1460   Red robot 2 go down to position (7,1)
INFO: At t=1461  Blue robot 1 go up to position (5,6)
INFO: At t=1462  Blue robot 2 go up to position (6,2)
INFO: At t=1463   Red robot 1 go up to position (6,5)
INFO: At t=1464   Red robot 2 go down to position (7,2)
INFO: At t=1465  Blue robot 1 go left to position (6,6)
INFO: At t=1466  Blue robot 2 go up to position (6,1)
INFO: At t=1467   Red robot 1 go right to position (5,5)
INFO: At t=1468   Red robot 2 go down to position (7,3)
INFO: At t=1469  Blue robot 1 go left to position (7,6)
INFO: At t=1470  Blue robot 2 go up to position (6,0)
INFO: At t=1470  Blue robot 2 drop off mail 5
INFO: At t=1471   Red robot 1 go right to position (4,5)
INFO: At t=1472   Red robot 2 go right to position (6,3)
INFO: At t=1473  Blue robot 1 go up to position (7,5)
INFO: At t=1474  Blue robot 2 go down to position (6,1)
INFO: At t=1475   Red robot 1 go right to position (3,5)
INFO: At t=1476   Red robot 2 go down to position (6,4)
INFO: At t=1477  Blue robot 1 go left to position (8,5)
INFO: At t=1478  Blue robot 2 go down to position (6,2)
INFO: At t=1479   Red robot 1 go right to position (2,5)
INFO: At t=1480   Red robot 2 go down to position (6,5)
INFO: At t=1481  Blue robot 1 go up to position (8,4)
INFO: At t=1481  Blue robot 1 drop off mail 8
INFO: At t=1482  Blue robot 2 go down to position (6,3)
INFO: At t=1483   Red robot 1 go right to position (1,5)
INFO: At t=1484   Red robot 2 go down to position (6,6)
INFO: At t=1485  Blue robot 1 go right to position (7,4)
INFO: At t=1486  Blue robot 2 go down to position (6,4)
INFO: At t=1487   Red robot 1 go up to position (1,4)
INFO: At t=1488   Red robot 2 go down to position (6,7)
INFO: At t=1488   Red robot 2 pick up mail 4
INFO: At t=1489  Blue robot 1 go down to position (7,5)
INFO: At t=1490  Blue robot 2 go down to position (6,5)
INFO: At t=1491   Red robot 1 go up to position (1,3)
INFO: At t=1492   Red robot 2 go right to position (5,7)
INFO: At t=1493  Blue robot 1 go down to position (7,6)
INFO: At t=1494  Blue robot 2 go down to position (6,6)
INFO: At t=1495   Red robot 1 go right to position (0,3)
INFO: At t=1496   Red robot 2 go right to position (4,7)
INFO: At t=1497  Blue robot 1 go down to position (7,7)
INFO: At t=1498  Blue robot 2 go down to position (6,7)
INFO: At t=1498  Blue robot 2 pick up mail 4
INFO: At t=1499   Red robot 1 go up to position (0,2)
INFO: At t=1499   Red robot 1 drop off mail 3
INFO: At t=1500   Red robot 2 go right to position (3,7)
INFO: At t=1501  Blue robot 2 go up to position (6,6)
INFO: At t=1502 Player r win
